nohup: ignoring input
Running in DEV_MODE!
Data shape: (12897, 100)
Init tic time.
=====================================================
tic_datetime: 2020-12-06 01:07:19.120491
tic_datetime.strftime: 2020-12-06 01:07:19.120491
tic_walltime: 1607234839.1205595
tic_cpu: 2.81444
=====================================================

train tree id: 0 tic time.
=====================================================
tic_datetime: 2020-12-06 01:07:19.261437
tic_datetime.strftime: 2020-12-06 01:07:19.261437
tic_walltime: 1607234839.2615068
tic_cpu: 2.851999
=====================================================

RTargetNet(
  (layers): Sequential(
    (0): Linear(in_features=100, out_features=32, bias=True)
    (1): LeakyReLU(negative_slope=0.25, inplace=True)
  )
)
RNet(
  (layers): Sequential(
    (0): Linear(in_features=100, out_features=32, bias=True)
    (1): LeakyReLU(negative_slope=0.2, inplace=True)
    (2): Dropout(p=0.1, inplace=False)
  )
)
tree_id: 1 level: 1
keep_pos.size == 10000
epoch  0 gap_loss: 0.009744388
tree_id: 1 level: 1
keep_pos.size == 10000
epoch  24 gap_loss: 0.004020605
tree_id: 1 level: 1
keep_pos.size == 10000
epoch  48 gap_loss: 0.0038847409
tree_id: 1 level: 1
keep_pos.size == 10000
epoch  72 gap_loss: 0.0021148436
tree_id: 1 level: 1
keep_pos.size == 10000
epoch  96 gap_loss: 0.0026331833
tree_id: 1 level: 1
keep_pos.size == 10000
epoch  120 gap_loss: 0.0017876164
tree_id: 1 level: 1
keep_pos.size == 10000
epoch  144 gap_loss: 0.001816688
tree_id: 1 level: 1
keep_pos.size == 10000
epoch  168 gap_loss: 0.0021253647
tree_id: 1 level: 1
keep_pos.size == 10000
epoch  192 gap_loss: 0.0017834292
RTargetNet(
  (layers): Sequential(
    (0): Linear(in_features=100, out_features=32, bias=True)
    (1): LeakyReLU(negative_slope=0.25, inplace=True)
  )
)
RNet(
  (layers): Sequential(
    (0): Linear(in_features=100, out_features=32, bias=True)
    (1): LeakyReLU(negative_slope=0.2, inplace=True)
    (2): Dropout(p=0.1, inplace=False)
  )
)
tree_id: 1 level: 2
keep_pos.size == 9500
epoch  0 gap_loss: 0.00496547
tree_id: 1 level: 2
keep_pos.size == 9500
epoch  24 gap_loss: 0.0026466693
tree_id: 1 level: 2
keep_pos.size == 9500
epoch  48 gap_loss: 0.0020026243
tree_id: 1 level: 2
keep_pos.size == 9500
epoch  72 gap_loss: 0.0016648525
tree_id: 1 level: 2
keep_pos.size == 9500
epoch  96 gap_loss: 0.0014894393
tree_id: 1 level: 2
keep_pos.size == 9500
epoch  120 gap_loss: 0.0012525679
tree_id: 1 level: 2
keep_pos.size == 9500
epoch  144 gap_loss: 0.00062806415
tree_id: 1 level: 2
keep_pos.size == 9500
epoch  168 gap_loss: 0.000839711
tree_id: 1 level: 2
keep_pos.size == 9500
epoch  192 gap_loss: 0.00060416874
RTargetNet(
  (layers): Sequential(
    (0): Linear(in_features=100, out_features=32, bias=True)
    (1): LeakyReLU(negative_slope=0.25, inplace=True)
  )
)
RNet(
  (layers): Sequential(
    (0): Linear(in_features=100, out_features=32, bias=True)
    (1): LeakyReLU(negative_slope=0.2, inplace=True)
    (2): Dropout(p=0.1, inplace=False)
  )
)
tree_id: 1 level: 3
keep_pos.size == 9025
epoch  0 gap_loss: 0.0023489082
tree_id: 1 level: 3
keep_pos.size == 9025
epoch  24 gap_loss: 0.0010400146
tree_id: 1 level: 3
keep_pos.size == 9025
epoch  48 gap_loss: 0.00078769866
tree_id: 1 level: 3
keep_pos.size == 9025
epoch  72 gap_loss: 0.00074808655
tree_id: 1 level: 3
keep_pos.size == 9025
epoch  96 gap_loss: 0.0004058333
tree_id: 1 level: 3
keep_pos.size == 9025
epoch  120 gap_loss: 0.00047000631
tree_id: 1 level: 3
keep_pos.size == 9025
epoch  144 gap_loss: 0.00041320588
tree_id: 1 level: 3
keep_pos.size == 9025
epoch  168 gap_loss: 0.000411799
tree_id: 1 level: 3
keep_pos.size == 9025
epoch  192 gap_loss: 0.00032002514
RTargetNet(
  (layers): Sequential(
    (0): Linear(in_features=100, out_features=32, bias=True)
    (1): LeakyReLU(negative_slope=0.25, inplace=True)
  )
)
RNet(
  (layers): Sequential(
    (0): Linear(in_features=100, out_features=32, bias=True)
    (1): LeakyReLU(negative_slope=0.2, inplace=True)
    (2): Dropout(p=0.1, inplace=False)
  )
)
tree_id: 1 level: 4
keep_pos.size == 8574
epoch  0 gap_loss: 0.0010559908
tree_id: 1 level: 4
keep_pos.size == 8574
epoch  24 gap_loss: 0.0004919908
tree_id: 1 level: 4
keep_pos.size == 8574
epoch  48 gap_loss: 0.00038631025
tree_id: 1 level: 4
keep_pos.size == 8574
epoch  72 gap_loss: 0.00032375538
tree_id: 1 level: 4
keep_pos.size == 8574
epoch  96 gap_loss: 0.00025577878
tree_id: 1 level: 4
keep_pos.size == 8574
epoch  120 gap_loss: 0.00025541033
tree_id: 1 level: 4
keep_pos.size == 8574
epoch  144 gap_loss: 0.00020623463
tree_id: 1 level: 4
keep_pos.size == 8574
epoch  168 gap_loss: 0.00022458109
tree_id: 1 level: 4
keep_pos.size == 8574
epoch  192 gap_loss: 0.00014558985
RTargetNet(
  (layers): Sequential(
    (0): Linear(in_features=100, out_features=32, bias=True)
    (1): LeakyReLU(negative_slope=0.25, inplace=True)
  )
)
RNet(
  (layers): Sequential(
    (0): Linear(in_features=100, out_features=32, bias=True)
    (1): LeakyReLU(negative_slope=0.2, inplace=True)
    (2): Dropout(p=0.1, inplace=False)
  )
)
tree_id: 1 level: 5
keep_pos.size == 8146
epoch  0 gap_loss: 0.00066438306
tree_id: 1 level: 5
keep_pos.size == 8146
epoch  24 gap_loss: 0.00011301522
tree_id: 1 level: 5
keep_pos.size == 8146
epoch  48 gap_loss: 8.514039e-05
tree_id: 1 level: 5
keep_pos.size == 8146
epoch  72 gap_loss: 6.670244e-05
tree_id: 1 level: 5
keep_pos.size == 8146
epoch  96 gap_loss: 5.2955467e-05
tree_id: 1 level: 5
keep_pos.size == 8146
epoch  120 gap_loss: 3.7372003e-05
tree_id: 1 level: 5
keep_pos.size == 8146
epoch  144 gap_loss: 4.9500926e-05
tree_id: 1 level: 5
keep_pos.size == 8146
epoch  168 gap_loss: 3.9103477e-05
tree_id: 1 level: 5
keep_pos.size == 8146
epoch  192 gap_loss: 4.705098e-05
RTargetNet(
  (layers): Sequential(
    (0): Linear(in_features=100, out_features=32, bias=True)
    (1): LeakyReLU(negative_slope=0.25, inplace=True)
  )
)
RNet(
  (layers): Sequential(
    (0): Linear(in_features=100, out_features=32, bias=True)
    (1): LeakyReLU(negative_slope=0.2, inplace=True)
    (2): Dropout(p=0.1, inplace=False)
  )
)
tree_id: 1 level: 6
keep_pos.size == 7739
epoch  0 gap_loss: 0.0
tree_id: 1 level: 6
keep_pos.size == 7739
epoch  24 gap_loss: 0.0
tree_id: 1 level: 6
keep_pos.size == 7739
epoch  48 gap_loss: 0.0
tree_id: 1 level: 6
keep_pos.size == 7739
epoch  72 gap_loss: 0.0
tree_id: 1 level: 6
keep_pos.size == 7739
epoch  96 gap_loss: 0.0
tree_id: 1 level: 6
keep_pos.size == 7739
epoch  120 gap_loss: 0.0
tree_id: 1 level: 6
keep_pos.size == 7739
epoch  144 gap_loss: 0.0
tree_id: 1 level: 6
keep_pos.size == 7739
epoch  168 gap_loss: 0.0
tree_id: 1 level: 6
keep_pos.size == 7739
epoch  192 gap_loss: 0.0
RTargetNet(
  (layers): Sequential(
    (0): Linear(in_features=100, out_features=32, bias=True)
    (1): LeakyReLU(negative_slope=0.25, inplace=True)
  )
)
RNet(
  (layers): Sequential(
    (0): Linear(in_features=100, out_features=32, bias=True)
    (1): LeakyReLU(negative_slope=0.2, inplace=True)
    (2): Dropout(p=0.1, inplace=False)
  )
)
tree_id: 1 level: 7
keep_pos.size == 7353
epoch  0 gap_loss: 0.0
tree_id: 1 level: 7
keep_pos.size == 7353
epoch  24 gap_loss: 0.0
tree_id: 1 level: 7
keep_pos.size == 7353
epoch  48 gap_loss: 0.0
tree_id: 1 level: 7
keep_pos.size == 7353
epoch  72 gap_loss: 0.0
tree_id: 1 level: 7
keep_pos.size == 7353
epoch  96 gap_loss: 0.0
tree_id: 1 level: 7
keep_pos.size == 7353
epoch  120 gap_loss: 0.0
tree_id: 1 level: 7
keep_pos.size == 7353
epoch  144 gap_loss: 0.0
tree_id: 1 level: 7
keep_pos.size == 7353
epoch  168 gap_loss: 0.0
tree_id: 1 level: 7
keep_pos.size == 7353
epoch  192 gap_loss: 0.0
RTargetNet(
  (layers): Sequential(
    (0): Linear(in_features=100, out_features=32, bias=True)
    (1): LeakyReLU(negative_slope=0.25, inplace=True)
  )
)
RNet(
  (layers): Sequential(
    (0): Linear(in_features=100, out_features=32, bias=True)
    (1): LeakyReLU(negative_slope=0.2, inplace=True)
    (2): Dropout(p=0.1, inplace=False)
  )
)
tree_id: 1 level: 8
keep_pos.size == 6986
epoch  0 gap_loss: 0.0
tree_id: 1 level: 8
keep_pos.size == 6986
epoch  24 gap_loss: 0.0
tree_id: 1 level: 8
keep_pos.size == 6986
epoch  48 gap_loss: 0.0
tree_id: 1 level: 8
keep_pos.size == 6986
epoch  72 gap_loss: 0.0
tree_id: 1 level: 8
keep_pos.size == 6986
epoch  96 gap_loss: 0.0
tree_id: 1 level: 8
keep_pos.size == 6986
epoch  120 gap_loss: 0.0
tree_id: 1 level: 8
keep_pos.size == 6986
epoch  144 gap_loss: 0.0
tree_id: 1 level: 8
keep_pos.size == 6986
epoch  168 gap_loss: 0.0
tree_id: 1 level: 8
keep_pos.size == 6986
epoch  192 gap_loss: 0.0
train tree id: 0 tic time end.
=====================================================
tic_datetime: 2020-12-06 01:24:48.916276
tic_datetime.strftime: 2020-12-06 01:24:48.916276
tic_walltime: 1607235888.9163747
tic_cpu: 9527.654561
=====================================================

test tree id: 0 tic time.
=====================================================
tic_datetime: 2020-12-06 01:24:48.916501
tic_datetime.strftime: 2020-12-06 01:24:48.916501
tic_walltime: 1607235888.9165335
tic_cpu: 9527.654899
=====================================================

RTargetNet(
  (layers): Sequential(
    (0): Linear(in_features=100, out_features=32, bias=True)
    (1): LeakyReLU(negative_slope=0.25, inplace=True)
  )
)
RNet(
  (layers): Sequential(
    (0): Linear(in_features=100, out_features=32, bias=True)
    (1): LeakyReLU(negative_slope=0.2, inplace=True)
    (2): Dropout(p=0.1, inplace=False)
  )
)
************Current Result**************
AUC-ROC: 0.9862, AUC-PR: 0.5478
test tree id: 0 tic time.
=====================================================
tic_datetime: 2020-12-06 01:24:48.948956
tic_datetime.strftime: 2020-12-06 01:24:48.948956
tic_walltime: 1607235888.9490087
tic_cpu: 9527.792286
=====================================================

train tree id: 1 tic time.
=====================================================
tic_datetime: 2020-12-06 01:24:48.984374
tic_datetime.strftime: 2020-12-06 01:24:48.984374
tic_walltime: 1607235888.9844358
tic_cpu: 9527.943797
=====================================================

RTargetNet(
  (layers): Sequential(
    (0): Linear(in_features=100, out_features=32, bias=True)
    (1): LeakyReLU(negative_slope=0.25, inplace=True)
  )
)
RNet(
  (layers): Sequential(
    (0): Linear(in_features=100, out_features=32, bias=True)
    (1): LeakyReLU(negative_slope=0.2, inplace=True)
    (2): Dropout(p=0.1, inplace=False)
  )
)
tree_id: 2 level: 1
keep_pos.size == 10000
epoch  0 gap_loss: 0.011003389
tree_id: 2 level: 1
keep_pos.size == 10000
epoch  24 gap_loss: 0.0041793324
tree_id: 2 level: 1
keep_pos.size == 10000
epoch  48 gap_loss: 0.003651289
tree_id: 2 level: 1
keep_pos.size == 10000
epoch  72 gap_loss: 0.003079693
tree_id: 2 level: 1
keep_pos.size == 10000
epoch  96 gap_loss: 0.0024405438
tree_id: 2 level: 1
keep_pos.size == 10000
epoch  120 gap_loss: 0.001836881
tree_id: 2 level: 1
keep_pos.size == 10000
epoch  144 gap_loss: 0.0014969795
tree_id: 2 level: 1
keep_pos.size == 10000
epoch  168 gap_loss: 0.0015229994
tree_id: 2 level: 1
keep_pos.size == 10000
epoch  192 gap_loss: 0.0014105277
RTargetNet(
  (layers): Sequential(
    (0): Linear(in_features=100, out_features=32, bias=True)
    (1): LeakyReLU(negative_slope=0.25, inplace=True)
  )
)
RNet(
  (layers): Sequential(
    (0): Linear(in_features=100, out_features=32, bias=True)
    (1): LeakyReLU(negative_slope=0.2, inplace=True)
    (2): Dropout(p=0.1, inplace=False)
  )
)
tree_id: 2 level: 2
keep_pos.size == 9500
epoch  0 gap_loss: 0.0044898707
tree_id: 2 level: 2
keep_pos.size == 9500
epoch  24 gap_loss: 0.002716609
tree_id: 2 level: 2
keep_pos.size == 9500
epoch  48 gap_loss: 0.0017394818
tree_id: 2 level: 2
keep_pos.size == 9500
epoch  72 gap_loss: 0.001030091
tree_id: 2 level: 2
keep_pos.size == 9500
epoch  96 gap_loss: 0.0014603462
tree_id: 2 level: 2
keep_pos.size == 9500
epoch  120 gap_loss: 0.0009321526
tree_id: 2 level: 2
keep_pos.size == 9500
epoch  144 gap_loss: 0.0011188562
tree_id: 2 level: 2
keep_pos.size == 9500
epoch  168 gap_loss: 0.00069399516
tree_id: 2 level: 2
keep_pos.size == 9500
epoch  192 gap_loss: 0.00077351584
RTargetNet(
  (layers): Sequential(
    (0): Linear(in_features=100, out_features=32, bias=True)
    (1): LeakyReLU(negative_slope=0.25, inplace=True)
  )
)
RNet(
  (layers): Sequential(
    (0): Linear(in_features=100, out_features=32, bias=True)
    (1): LeakyReLU(negative_slope=0.2, inplace=True)
    (2): Dropout(p=0.1, inplace=False)
  )
)
tree_id: 2 level: 3
keep_pos.size == 9025
epoch  0 gap_loss: 0.002665348
tree_id: 2 level: 3
keep_pos.size == 9025
epoch  24 gap_loss: 0.0015269928
tree_id: 2 level: 3
keep_pos.size == 9025
epoch  48 gap_loss: 0.0008466535
tree_id: 2 level: 3
keep_pos.size == 9025
epoch  72 gap_loss: 0.0006980883
tree_id: 2 level: 3
keep_pos.size == 9025
epoch  96 gap_loss: 0.00047084654
tree_id: 2 level: 3
keep_pos.size == 9025
epoch  120 gap_loss: 0.00034270936
tree_id: 2 level: 3
keep_pos.size == 9025
epoch  144 gap_loss: 0.00028958556
tree_id: 2 level: 3
keep_pos.size == 9025
epoch  168 gap_loss: 0.00039528718
tree_id: 2 level: 3
keep_pos.size == 9025
epoch  192 gap_loss: 0.00042539008
RTargetNet(
  (layers): Sequential(
    (0): Linear(in_features=100, out_features=32, bias=True)
    (1): LeakyReLU(negative_slope=0.25, inplace=True)
  )
)
RNet(
  (layers): Sequential(
    (0): Linear(in_features=100, out_features=32, bias=True)
    (1): LeakyReLU(negative_slope=0.2, inplace=True)
    (2): Dropout(p=0.1, inplace=False)
  )
)
tree_id: 2 level: 4
keep_pos.size == 8574
epoch  0 gap_loss: 0.0015203585
tree_id: 2 level: 4
keep_pos.size == 8574
epoch  24 gap_loss: 0.00040406344
tree_id: 2 level: 4
keep_pos.size == 8574
epoch  48 gap_loss: 0.00020533569
tree_id: 2 level: 4
keep_pos.size == 8574
epoch  72 gap_loss: 0.00025073797
tree_id: 2 level: 4
keep_pos.size == 8574
epoch  96 gap_loss: 0.00016569058
tree_id: 2 level: 4
keep_pos.size == 8574
epoch  120 gap_loss: 0.00018748548
tree_id: 2 level: 4
keep_pos.size == 8574
epoch  144 gap_loss: 0.00017684502
tree_id: 2 level: 4
keep_pos.size == 8574
epoch  168 gap_loss: 0.00021240592
tree_id: 2 level: 4
keep_pos.size == 8574
epoch  192 gap_loss: 0.00012665914
RTargetNet(
  (layers): Sequential(
    (0): Linear(in_features=100, out_features=32, bias=True)
    (1): LeakyReLU(negative_slope=0.25, inplace=True)
  )
)
RNet(
  (layers): Sequential(
    (0): Linear(in_features=100, out_features=32, bias=True)
    (1): LeakyReLU(negative_slope=0.2, inplace=True)
    (2): Dropout(p=0.1, inplace=False)
  )
)
tree_id: 2 level: 5
keep_pos.size == 8146
epoch  0 gap_loss: 0.00094599975
tree_id: 2 level: 5
keep_pos.size == 8146
epoch  24 gap_loss: 0.00048731713
tree_id: 2 level: 5
keep_pos.size == 8146
epoch  48 gap_loss: 0.00015751156
tree_id: 2 level: 5
keep_pos.size == 8146
epoch  72 gap_loss: 0.00017978503
tree_id: 2 level: 5
keep_pos.size == 8146
epoch  96 gap_loss: 9.587867e-05
tree_id: 2 level: 5
keep_pos.size == 8146
epoch  120 gap_loss: 7.8276425e-05
tree_id: 2 level: 5
keep_pos.size == 8146
epoch  144 gap_loss: 5.6449935e-05
tree_id: 2 level: 5
keep_pos.size == 8146
epoch  168 gap_loss: 2.8300969e-05
tree_id: 2 level: 5
keep_pos.size == 8146
epoch  192 gap_loss: 7.106054e-05
RTargetNet(
  (layers): Sequential(
    (0): Linear(in_features=100, out_features=32, bias=True)
    (1): LeakyReLU(negative_slope=0.25, inplace=True)
  )
)
RNet(
  (layers): Sequential(
    (0): Linear(in_features=100, out_features=32, bias=True)
    (1): LeakyReLU(negative_slope=0.2, inplace=True)
    (2): Dropout(p=0.1, inplace=False)
  )
)
tree_id: 2 level: 6
keep_pos.size == 7739
epoch  0 gap_loss: 0.0
tree_id: 2 level: 6
keep_pos.size == 7739
epoch  24 gap_loss: 0.0
tree_id: 2 level: 6
keep_pos.size == 7739
epoch  48 gap_loss: 0.0
tree_id: 2 level: 6
keep_pos.size == 7739
epoch  72 gap_loss: 0.0
tree_id: 2 level: 6
keep_pos.size == 7739
epoch  96 gap_loss: 0.0
tree_id: 2 level: 6
keep_pos.size == 7739
epoch  120 gap_loss: 0.0
tree_id: 2 level: 6
keep_pos.size == 7739
epoch  144 gap_loss: 0.0
tree_id: 2 level: 6
keep_pos.size == 7739
epoch  168 gap_loss: 0.0
tree_id: 2 level: 6
keep_pos.size == 7739
epoch  192 gap_loss: 0.0
RTargetNet(
  (layers): Sequential(
    (0): Linear(in_features=100, out_features=32, bias=True)
    (1): LeakyReLU(negative_slope=0.25, inplace=True)
  )
)
RNet(
  (layers): Sequential(
    (0): Linear(in_features=100, out_features=32, bias=True)
    (1): LeakyReLU(negative_slope=0.2, inplace=True)
    (2): Dropout(p=0.1, inplace=False)
  )
)
tree_id: 2 level: 7
keep_pos.size == 7353
epoch  0 gap_loss: 0.0
tree_id: 2 level: 7
keep_pos.size == 7353
epoch  24 gap_loss: 0.0
tree_id: 2 level: 7
keep_pos.size == 7353
epoch  48 gap_loss: 0.0
tree_id: 2 level: 7
keep_pos.size == 7353
epoch  72 gap_loss: 0.0
tree_id: 2 level: 7
keep_pos.size == 7353
epoch  96 gap_loss: 0.0
tree_id: 2 level: 7
keep_pos.size == 7353
epoch  120 gap_loss: 0.0
tree_id: 2 level: 7
keep_pos.size == 7353
epoch  144 gap_loss: 0.0
tree_id: 2 level: 7
keep_pos.size == 7353
epoch  168 gap_loss: 0.0
tree_id: 2 level: 7
keep_pos.size == 7353
epoch  192 gap_loss: 0.0
RTargetNet(
  (layers): Sequential(
    (0): Linear(in_features=100, out_features=32, bias=True)
    (1): LeakyReLU(negative_slope=0.25, inplace=True)
  )
)
RNet(
  (layers): Sequential(
    (0): Linear(in_features=100, out_features=32, bias=True)
    (1): LeakyReLU(negative_slope=0.2, inplace=True)
    (2): Dropout(p=0.1, inplace=False)
  )
)
tree_id: 2 level: 8
keep_pos.size == 6986
epoch  0 gap_loss: 0.0
tree_id: 2 level: 8
keep_pos.size == 6986
epoch  24 gap_loss: 0.0
tree_id: 2 level: 8
keep_pos.size == 6986
epoch  48 gap_loss: 0.0
tree_id: 2 level: 8
keep_pos.size == 6986
epoch  72 gap_loss: 0.0
tree_id: 2 level: 8
keep_pos.size == 6986
epoch  96 gap_loss: 0.0
tree_id: 2 level: 8
keep_pos.size == 6986
epoch  120 gap_loss: 0.0
tree_id: 2 level: 8
keep_pos.size == 6986
epoch  144 gap_loss: 0.0
tree_id: 2 level: 8
keep_pos.size == 6986
epoch  168 gap_loss: 0.0
tree_id: 2 level: 8
keep_pos.size == 6986
epoch  192 gap_loss: 0.0
train tree id: 1 tic time end.
=====================================================
tic_datetime: 2020-12-06 01:50:26.041124
tic_datetime.strftime: 2020-12-06 01:50:26.041124
tic_walltime: 1607237426.0412054
tic_cpu: 18122.891508
=====================================================

test tree id: 1 tic time.
=====================================================
tic_datetime: 2020-12-06 01:50:26.041319
tic_datetime.strftime: 2020-12-06 01:50:26.041319
tic_walltime: 1607237426.041342
tic_cpu: 18122.891892
=====================================================

RTargetNet(
  (layers): Sequential(
    (0): Linear(in_features=100, out_features=32, bias=True)
    (1): LeakyReLU(negative_slope=0.25, inplace=True)
  )
)
RNet(
  (layers): Sequential(
    (0): Linear(in_features=100, out_features=32, bias=True)
    (1): LeakyReLU(negative_slope=0.2, inplace=True)
    (2): Dropout(p=0.1, inplace=False)
  )
)
************Current Result**************
AUC-ROC: 0.9830, AUC-PR: 0.4872
test tree id: 1 tic time.
=====================================================
tic_datetime: 2020-12-06 01:50:26.324966
tic_datetime.strftime: 2020-12-06 01:50:26.324966
tic_walltime: 1607237426.3250217
tic_cpu: 18124.621918
=====================================================

train tree id: 2 tic time.
=====================================================
tic_datetime: 2020-12-06 01:50:26.473000
tic_datetime.strftime: 2020-12-06 01:50:26.473000
tic_walltime: 1607237426.4730673
tic_cpu: 18125.313104
=====================================================

RTargetNet(
  (layers): Sequential(
    (0): Linear(in_features=100, out_features=32, bias=True)
    (1): LeakyReLU(negative_slope=0.25, inplace=True)
  )
)
RNet(
  (layers): Sequential(
    (0): Linear(in_features=100, out_features=32, bias=True)
    (1): LeakyReLU(negative_slope=0.2, inplace=True)
    (2): Dropout(p=0.1, inplace=False)
  )
)
tree_id: 3 level: 1
keep_pos.size == 10000
epoch  0 gap_loss: 0.010879567
tree_id: 3 level: 1
keep_pos.size == 10000
epoch  24 gap_loss: 0.004718682
tree_id: 3 level: 1
keep_pos.size == 10000
epoch  48 gap_loss: 0.0028910935
tree_id: 3 level: 1
keep_pos.size == 10000
epoch  72 gap_loss: 0.0034572065
tree_id: 3 level: 1
keep_pos.size == 10000
epoch  96 gap_loss: 0.002346506
tree_id: 3 level: 1
keep_pos.size == 10000
epoch  120 gap_loss: 0.002063909
tree_id: 3 level: 1
keep_pos.size == 10000
epoch  144 gap_loss: 0.0017983805
tree_id: 3 level: 1
keep_pos.size == 10000
epoch  168 gap_loss: 0.0013900695
tree_id: 3 level: 1
keep_pos.size == 10000
epoch  192 gap_loss: 0.0016095313
RTargetNet(
  (layers): Sequential(
    (0): Linear(in_features=100, out_features=32, bias=True)
    (1): LeakyReLU(negative_slope=0.25, inplace=True)
  )
)
RNet(
  (layers): Sequential(
    (0): Linear(in_features=100, out_features=32, bias=True)
    (1): LeakyReLU(negative_slope=0.2, inplace=True)
    (2): Dropout(p=0.1, inplace=False)
  )
)
tree_id: 3 level: 2
keep_pos.size == 9500
epoch  0 gap_loss: 0.00410133
tree_id: 3 level: 2
keep_pos.size == 9500
epoch  24 gap_loss: 0.0012663074
tree_id: 3 level: 2
keep_pos.size == 9500
epoch  48 gap_loss: 0.001894687
tree_id: 3 level: 2
keep_pos.size == 9500
epoch  72 gap_loss: 0.0015924377
tree_id: 3 level: 2
keep_pos.size == 9500
epoch  96 gap_loss: 0.0008958303
tree_id: 3 level: 2
keep_pos.size == 9500
epoch  120 gap_loss: 0.0011113461
tree_id: 3 level: 2
keep_pos.size == 9500
epoch  144 gap_loss: 0.0007054375
tree_id: 3 level: 2
keep_pos.size == 9500
epoch  168 gap_loss: 0.00095052394
tree_id: 3 level: 2
keep_pos.size == 9500
epoch  192 gap_loss: 0.001069633
RTargetNet(
  (layers): Sequential(
    (0): Linear(in_features=100, out_features=32, bias=True)
    (1): LeakyReLU(negative_slope=0.25, inplace=True)
  )
)
RNet(
  (layers): Sequential(
    (0): Linear(in_features=100, out_features=32, bias=True)
    (1): LeakyReLU(negative_slope=0.2, inplace=True)
    (2): Dropout(p=0.1, inplace=False)
  )
)
tree_id: 3 level: 3
keep_pos.size == 9025
epoch  0 gap_loss: 0.0022013914
tree_id: 3 level: 3
keep_pos.size == 9025
epoch  24 gap_loss: 0.0012527148
tree_id: 3 level: 3
keep_pos.size == 9025
epoch  48 gap_loss: 0.00081548793
tree_id: 3 level: 3
keep_pos.size == 9025
epoch  72 gap_loss: 0.00057009794
tree_id: 3 level: 3
keep_pos.size == 9025
epoch  96 gap_loss: 0.0004957603
tree_id: 3 level: 3
keep_pos.size == 9025
epoch  120 gap_loss: 0.00045013105
tree_id: 3 level: 3
keep_pos.size == 9025
epoch  144 gap_loss: 0.0003765459
tree_id: 3 level: 3
keep_pos.size == 9025
epoch  168 gap_loss: 0.00032400337
tree_id: 3 level: 3
keep_pos.size == 9025
epoch  192 gap_loss: 0.00029172056
RTargetNet(
  (layers): Sequential(
    (0): Linear(in_features=100, out_features=32, bias=True)
    (1): LeakyReLU(negative_slope=0.25, inplace=True)
  )
)
RNet(
  (layers): Sequential(
    (0): Linear(in_features=100, out_features=32, bias=True)
    (1): LeakyReLU(negative_slope=0.2, inplace=True)
    (2): Dropout(p=0.1, inplace=False)
  )
)
tree_id: 3 level: 4
keep_pos.size == 8574
epoch  0 gap_loss: 0.0016260559
tree_id: 3 level: 4
keep_pos.size == 8574
epoch  24 gap_loss: 0.000607788
tree_id: 3 level: 4
keep_pos.size == 8574
epoch  48 gap_loss: 0.0004512294
tree_id: 3 level: 4
keep_pos.size == 8574
epoch  72 gap_loss: 0.00037166761
tree_id: 3 level: 4
keep_pos.size == 8574
epoch  96 gap_loss: 0.00021667863
tree_id: 3 level: 4
keep_pos.size == 8574
epoch  120 gap_loss: 0.00024303017
tree_id: 3 level: 4
keep_pos.size == 8574
epoch  144 gap_loss: 0.00022937726
tree_id: 3 level: 4
keep_pos.size == 8574
epoch  168 gap_loss: 0.0002217307
tree_id: 3 level: 4
keep_pos.size == 8574
epoch  192 gap_loss: 0.00018049282
RTargetNet(
  (layers): Sequential(
    (0): Linear(in_features=100, out_features=32, bias=True)
    (1): LeakyReLU(negative_slope=0.25, inplace=True)
  )
)
RNet(
  (layers): Sequential(
    (0): Linear(in_features=100, out_features=32, bias=True)
    (1): LeakyReLU(negative_slope=0.2, inplace=True)
    (2): Dropout(p=0.1, inplace=False)
  )
)
tree_id: 3 level: 5
keep_pos.size == 8146
epoch  0 gap_loss: 0.0003542754
tree_id: 3 level: 5
keep_pos.size == 8146
epoch  24 gap_loss: 7.92911e-05
tree_id: 3 level: 5
keep_pos.size == 8146
epoch  48 gap_loss: 8.125166e-05
tree_id: 3 level: 5
keep_pos.size == 8146
epoch  72 gap_loss: 8.399837e-05
tree_id: 3 level: 5
keep_pos.size == 8146
epoch  96 gap_loss: 4.3960346e-05
tree_id: 3 level: 5
keep_pos.size == 8146
epoch  120 gap_loss: 3.066789e-05
tree_id: 3 level: 5
keep_pos.size == 8146
epoch  144 gap_loss: 2.8815504e-05
tree_id: 3 level: 5
keep_pos.size == 8146
epoch  168 gap_loss: 2.1960826e-05
tree_id: 3 level: 5
keep_pos.size == 8146
epoch  192 gap_loss: 3.0281006e-05
RTargetNet(
  (layers): Sequential(
    (0): Linear(in_features=100, out_features=32, bias=True)
    (1): LeakyReLU(negative_slope=0.25, inplace=True)
  )
)
RNet(
  (layers): Sequential(
    (0): Linear(in_features=100, out_features=32, bias=True)
    (1): LeakyReLU(negative_slope=0.2, inplace=True)
    (2): Dropout(p=0.1, inplace=False)
  )
)
tree_id: 3 level: 6
keep_pos.size == 7739
epoch  0 gap_loss: 0.0
tree_id: 3 level: 6
keep_pos.size == 7739
epoch  24 gap_loss: 0.0
tree_id: 3 level: 6
keep_pos.size == 7739
epoch  48 gap_loss: 0.0
tree_id: 3 level: 6
keep_pos.size == 7739
epoch  72 gap_loss: 0.0
tree_id: 3 level: 6
keep_pos.size == 7739
epoch  96 gap_loss: 0.0
tree_id: 3 level: 6
keep_pos.size == 7739
epoch  120 gap_loss: 0.0
tree_id: 3 level: 6
keep_pos.size == 7739
epoch  144 gap_loss: 0.0
tree_id: 3 level: 6
keep_pos.size == 7739
epoch  168 gap_loss: 0.0
tree_id: 3 level: 6
keep_pos.size == 7739
epoch  192 gap_loss: 0.0
RTargetNet(
  (layers): Sequential(
    (0): Linear(in_features=100, out_features=32, bias=True)
    (1): LeakyReLU(negative_slope=0.25, inplace=True)
  )
)
RNet(
  (layers): Sequential(
    (0): Linear(in_features=100, out_features=32, bias=True)
    (1): LeakyReLU(negative_slope=0.2, inplace=True)
    (2): Dropout(p=0.1, inplace=False)
  )
)
tree_id: 3 level: 7
keep_pos.size == 7353
epoch  0 gap_loss: 0.0
tree_id: 3 level: 7
keep_pos.size == 7353
epoch  24 gap_loss: 0.0
tree_id: 3 level: 7
keep_pos.size == 7353
epoch  48 gap_loss: 0.0
tree_id: 3 level: 7
keep_pos.size == 7353
epoch  72 gap_loss: 0.0
tree_id: 3 level: 7
keep_pos.size == 7353
epoch  96 gap_loss: 0.0
tree_id: 3 level: 7
keep_pos.size == 7353
epoch  120 gap_loss: 0.0
tree_id: 3 level: 7
keep_pos.size == 7353
epoch  144 gap_loss: 0.0
tree_id: 3 level: 7
keep_pos.size == 7353
epoch  168 gap_loss: 0.0
tree_id: 3 level: 7
keep_pos.size == 7353
epoch  192 gap_loss: 0.0
RTargetNet(
  (layers): Sequential(
    (0): Linear(in_features=100, out_features=32, bias=True)
    (1): LeakyReLU(negative_slope=0.25, inplace=True)
  )
)
RNet(
  (layers): Sequential(
    (0): Linear(in_features=100, out_features=32, bias=True)
    (1): LeakyReLU(negative_slope=0.2, inplace=True)
    (2): Dropout(p=0.1, inplace=False)
  )
)
tree_id: 3 level: 8
keep_pos.size == 6986
epoch  0 gap_loss: 0.0
tree_id: 3 level: 8
keep_pos.size == 6986
epoch  24 gap_loss: 0.0
tree_id: 3 level: 8
keep_pos.size == 6986
epoch  48 gap_loss: 0.0
tree_id: 3 level: 8
keep_pos.size == 6986
epoch  72 gap_loss: 0.0
tree_id: 3 level: 8
keep_pos.size == 6986
epoch  96 gap_loss: 0.0
tree_id: 3 level: 8
keep_pos.size == 6986
epoch  120 gap_loss: 0.0
tree_id: 3 level: 8
keep_pos.size == 6986
epoch  144 gap_loss: 0.0
tree_id: 3 level: 8
keep_pos.size == 6986
epoch  168 gap_loss: 0.0
tree_id: 3 level: 8
keep_pos.size == 6986
epoch  192 gap_loss: 0.0
train tree id: 2 tic time end.
=====================================================
tic_datetime: 2020-12-06 02:24:51.958431
tic_datetime.strftime: 2020-12-06 02:24:51.958431
tic_walltime: 1607239491.9585135
tic_cpu: 32034.16086
=====================================================

test tree id: 2 tic time.
=====================================================
tic_datetime: 2020-12-06 02:24:51.958625
tic_datetime.strftime: 2020-12-06 02:24:51.958625
tic_walltime: 1607239491.958651
tic_cpu: 32034.161217
=====================================================

RTargetNet(
  (layers): Sequential(
    (0): Linear(in_features=100, out_features=32, bias=True)
    (1): LeakyReLU(negative_slope=0.25, inplace=True)
  )
)
RNet(
  (layers): Sequential(
    (0): Linear(in_features=100, out_features=32, bias=True)
    (1): LeakyReLU(negative_slope=0.2, inplace=True)
    (2): Dropout(p=0.1, inplace=False)
  )
)
************Current Result**************
AUC-ROC: 0.9830, AUC-PR: 0.5020
test tree id: 2 tic time.
=====================================================
tic_datetime: 2020-12-06 02:24:52.049640
tic_datetime.strftime: 2020-12-06 02:24:52.049640
tic_walltime: 1607239492.049699
tic_cpu: 32034.790458
=====================================================

train tree id: 3 tic time.
=====================================================
tic_datetime: 2020-12-06 02:24:52.158894
tic_datetime.strftime: 2020-12-06 02:24:52.158894
tic_walltime: 1607239492.1589541
tic_cpu: 32035.599003
=====================================================

RTargetNet(
  (layers): Sequential(
    (0): Linear(in_features=100, out_features=32, bias=True)
    (1): LeakyReLU(negative_slope=0.25, inplace=True)
  )
)
RNet(
  (layers): Sequential(
    (0): Linear(in_features=100, out_features=32, bias=True)
    (1): LeakyReLU(negative_slope=0.2, inplace=True)
    (2): Dropout(p=0.1, inplace=False)
  )
)
tree_id: 4 level: 1
keep_pos.size == 10000
epoch  0 gap_loss: 0.007475473
tree_id: 4 level: 1
keep_pos.size == 10000
epoch  24 gap_loss: 0.0044362783
tree_id: 4 level: 1
keep_pos.size == 10000
epoch  48 gap_loss: 0.003848152
tree_id: 4 level: 1
keep_pos.size == 10000
epoch  72 gap_loss: 0.00286717
tree_id: 4 level: 1
keep_pos.size == 10000
epoch  96 gap_loss: 0.0031085438
tree_id: 4 level: 1
keep_pos.size == 10000
epoch  120 gap_loss: 0.001888606
tree_id: 4 level: 1
keep_pos.size == 10000
epoch  144 gap_loss: 0.0022279408
tree_id: 4 level: 1
keep_pos.size == 10000
epoch  168 gap_loss: 0.0017441977
tree_id: 4 level: 1
keep_pos.size == 10000
epoch  192 gap_loss: 0.0012187513
RTargetNet(
  (layers): Sequential(
    (0): Linear(in_features=100, out_features=32, bias=True)
    (1): LeakyReLU(negative_slope=0.25, inplace=True)
  )
)
RNet(
  (layers): Sequential(
    (0): Linear(in_features=100, out_features=32, bias=True)
    (1): LeakyReLU(negative_slope=0.2, inplace=True)
    (2): Dropout(p=0.1, inplace=False)
  )
)
tree_id: 4 level: 2
keep_pos.size == 9500
epoch  0 gap_loss: 0.00373838
tree_id: 4 level: 2
keep_pos.size == 9500
epoch  24 gap_loss: 0.0018183929
tree_id: 4 level: 2
keep_pos.size == 9500
epoch  48 gap_loss: 0.0016808046
tree_id: 4 level: 2
keep_pos.size == 9500
epoch  72 gap_loss: 0.0014654463
tree_id: 4 level: 2
keep_pos.size == 9500
epoch  96 gap_loss: 0.0009305516
tree_id: 4 level: 2
keep_pos.size == 9500
epoch  120 gap_loss: 0.0012214181
tree_id: 4 level: 2
keep_pos.size == 9500
epoch  144 gap_loss: 0.0007743699
tree_id: 4 level: 2
keep_pos.size == 9500
epoch  168 gap_loss: 0.00077754946
tree_id: 4 level: 2
keep_pos.size == 9500
epoch  192 gap_loss: 0.00082606723
RTargetNet(
  (layers): Sequential(
    (0): Linear(in_features=100, out_features=32, bias=True)
    (1): LeakyReLU(negative_slope=0.25, inplace=True)
  )
)
RNet(
  (layers): Sequential(
    (0): Linear(in_features=100, out_features=32, bias=True)
    (1): LeakyReLU(negative_slope=0.2, inplace=True)
    (2): Dropout(p=0.1, inplace=False)
  )
)
tree_id: 4 level: 3
keep_pos.size == 9025
epoch  0 gap_loss: 0.001917254
tree_id: 4 level: 3
keep_pos.size == 9025
epoch  24 gap_loss: 0.0010867501
tree_id: 4 level: 3
keep_pos.size == 9025
epoch  48 gap_loss: 0.0005670645
tree_id: 4 level: 3
keep_pos.size == 9025
epoch  72 gap_loss: 0.00044414587
tree_id: 4 level: 3
keep_pos.size == 9025
epoch  96 gap_loss: 0.00050509884
tree_id: 4 level: 3
keep_pos.size == 9025
epoch  120 gap_loss: 0.00034813693
tree_id: 4 level: 3
keep_pos.size == 9025
epoch  144 gap_loss: 0.00033080953
tree_id: 4 level: 3
keep_pos.size == 9025
epoch  168 gap_loss: 0.00028312585
tree_id: 4 level: 3
keep_pos.size == 9025
epoch  192 gap_loss: 0.00025947994
RTargetNet(
  (layers): Sequential(
    (0): Linear(in_features=100, out_features=32, bias=True)
    (1): LeakyReLU(negative_slope=0.25, inplace=True)
  )
)
RNet(
  (layers): Sequential(
    (0): Linear(in_features=100, out_features=32, bias=True)
    (1): LeakyReLU(negative_slope=0.2, inplace=True)
    (2): Dropout(p=0.1, inplace=False)
  )
)
tree_id: 4 level: 4
keep_pos.size == 8574
epoch  0 gap_loss: 0.0015549839
tree_id: 4 level: 4
keep_pos.size == 8574
epoch  24 gap_loss: 0.0005002166
tree_id: 4 level: 4
keep_pos.size == 8574
epoch  48 gap_loss: 0.00027910035
tree_id: 4 level: 4
keep_pos.size == 8574
epoch  72 gap_loss: 0.00026782823
tree_id: 4 level: 4
keep_pos.size == 8574
epoch  96 gap_loss: 0.00029012834
tree_id: 4 level: 4
keep_pos.size == 8574
epoch  120 gap_loss: 0.0001854377
tree_id: 4 level: 4
keep_pos.size == 8574
epoch  144 gap_loss: 0.00013386534
tree_id: 4 level: 4
keep_pos.size == 8574
epoch  168 gap_loss: 0.00017425697
tree_id: 4 level: 4
keep_pos.size == 8574
epoch  192 gap_loss: 0.000117725416
RTargetNet(
  (layers): Sequential(
    (0): Linear(in_features=100, out_features=32, bias=True)
    (1): LeakyReLU(negative_slope=0.25, inplace=True)
  )
)
RNet(
  (layers): Sequential(
    (0): Linear(in_features=100, out_features=32, bias=True)
    (1): LeakyReLU(negative_slope=0.2, inplace=True)
    (2): Dropout(p=0.1, inplace=False)
  )
)
tree_id: 4 level: 5
keep_pos.size == 8146
epoch  0 gap_loss: 0.0018033478
tree_id: 4 level: 5
keep_pos.size == 8146
epoch  24 gap_loss: 0.00013358303
tree_id: 4 level: 5
keep_pos.size == 8146
epoch  48 gap_loss: 0.00012748517
tree_id: 4 level: 5
keep_pos.size == 8146
epoch  72 gap_loss: 7.3116e-05
tree_id: 4 level: 5
keep_pos.size == 8146
epoch  96 gap_loss: 8.407447e-05
tree_id: 4 level: 5
keep_pos.size == 8146
epoch  120 gap_loss: 8.1901686e-05
tree_id: 4 level: 5
keep_pos.size == 8146
epoch  144 gap_loss: 0.00010371154
tree_id: 4 level: 5
keep_pos.size == 8146
epoch  168 gap_loss: 6.486941e-05
tree_id: 4 level: 5
keep_pos.size == 8146
epoch  192 gap_loss: 3.0429448e-05
RTargetNet(
  (layers): Sequential(
    (0): Linear(in_features=100, out_features=32, bias=True)
    (1): LeakyReLU(negative_slope=0.25, inplace=True)
  )
)
RNet(
  (layers): Sequential(
    (0): Linear(in_features=100, out_features=32, bias=True)
    (1): LeakyReLU(negative_slope=0.2, inplace=True)
    (2): Dropout(p=0.1, inplace=False)
  )
)
tree_id: 4 level: 6
keep_pos.size == 7739
epoch  0 gap_loss: 0.0
tree_id: 4 level: 6
keep_pos.size == 7739
epoch  24 gap_loss: 0.0
tree_id: 4 level: 6
keep_pos.size == 7739
epoch  48 gap_loss: 0.0
tree_id: 4 level: 6
keep_pos.size == 7739
epoch  72 gap_loss: 0.0
tree_id: 4 level: 6
keep_pos.size == 7739
epoch  96 gap_loss: 0.0
tree_id: 4 level: 6
keep_pos.size == 7739
epoch  120 gap_loss: 0.0
tree_id: 4 level: 6
keep_pos.size == 7739
epoch  144 gap_loss: 0.0
tree_id: 4 level: 6
keep_pos.size == 7739
epoch  168 gap_loss: 0.0
tree_id: 4 level: 6
keep_pos.size == 7739
epoch  192 gap_loss: 0.0
RTargetNet(
  (layers): Sequential(
    (0): Linear(in_features=100, out_features=32, bias=True)
    (1): LeakyReLU(negative_slope=0.25, inplace=True)
  )
)
RNet(
  (layers): Sequential(
    (0): Linear(in_features=100, out_features=32, bias=True)
    (1): LeakyReLU(negative_slope=0.2, inplace=True)
    (2): Dropout(p=0.1, inplace=False)
  )
)
tree_id: 4 level: 7
keep_pos.size == 7353
epoch  0 gap_loss: 0.0
tree_id: 4 level: 7
keep_pos.size == 7353
epoch  24 gap_loss: 0.0
tree_id: 4 level: 7
keep_pos.size == 7353
epoch  48 gap_loss: 0.0
tree_id: 4 level: 7
keep_pos.size == 7353
epoch  72 gap_loss: 0.0
tree_id: 4 level: 7
keep_pos.size == 7353
epoch  96 gap_loss: 0.0
tree_id: 4 level: 7
keep_pos.size == 7353
epoch  120 gap_loss: 0.0
tree_id: 4 level: 7
keep_pos.size == 7353
epoch  144 gap_loss: 0.0
tree_id: 4 level: 7
keep_pos.size == 7353
epoch  168 gap_loss: 0.0
tree_id: 4 level: 7
keep_pos.size == 7353
epoch  192 gap_loss: 0.0
RTargetNet(
  (layers): Sequential(
    (0): Linear(in_features=100, out_features=32, bias=True)
    (1): LeakyReLU(negative_slope=0.25, inplace=True)
  )
)
RNet(
  (layers): Sequential(
    (0): Linear(in_features=100, out_features=32, bias=True)
    (1): LeakyReLU(negative_slope=0.2, inplace=True)
    (2): Dropout(p=0.1, inplace=False)
  )
)
tree_id: 4 level: 8
keep_pos.size == 6986
epoch  0 gap_loss: 0.0
tree_id: 4 level: 8
keep_pos.size == 6986
epoch  24 gap_loss: 0.0
tree_id: 4 level: 8
keep_pos.size == 6986
epoch  48 gap_loss: 0.0
tree_id: 4 level: 8
keep_pos.size == 6986
epoch  72 gap_loss: 0.0
tree_id: 4 level: 8
keep_pos.size == 6986
epoch  96 gap_loss: 0.0
tree_id: 4 level: 8
keep_pos.size == 6986
epoch  120 gap_loss: 0.0
tree_id: 4 level: 8
keep_pos.size == 6986
epoch  144 gap_loss: 0.0
tree_id: 4 level: 8
keep_pos.size == 6986
epoch  168 gap_loss: 0.0
tree_id: 4 level: 8
keep_pos.size == 6986
epoch  192 gap_loss: 0.0
train tree id: 3 tic time end.
=====================================================
tic_datetime: 2020-12-06 02:52:47.706886
tic_datetime.strftime: 2020-12-06 02:52:47.706886
tic_walltime: 1607241167.7069623
tic_cpu: 45911.681461
=====================================================

test tree id: 3 tic time.
=====================================================
tic_datetime: 2020-12-06 02:52:47.707086
tic_datetime.strftime: 2020-12-06 02:52:47.707086
tic_walltime: 1607241167.7071078
tic_cpu: 45911.682656
=====================================================

RTargetNet(
  (layers): Sequential(
    (0): Linear(in_features=100, out_features=32, bias=True)
    (1): LeakyReLU(negative_slope=0.25, inplace=True)
  )
)
RNet(
  (layers): Sequential(
    (0): Linear(in_features=100, out_features=32, bias=True)
    (1): LeakyReLU(negative_slope=0.2, inplace=True)
    (2): Dropout(p=0.1, inplace=False)
  )
)
************Current Result**************
AUC-ROC: 0.9887, AUC-PR: 0.6087
test tree id: 3 tic time.
=====================================================
tic_datetime: 2020-12-06 02:52:47.757006
tic_datetime.strftime: 2020-12-06 02:52:47.757006
tic_walltime: 1607241167.7570539
tic_cpu: 45912.631433
=====================================================

train tree id: 4 tic time.
=====================================================
tic_datetime: 2020-12-06 02:52:47.833647
tic_datetime.strftime: 2020-12-06 02:52:47.833647
tic_walltime: 1607241167.8337014
tic_cpu: 45914.073995
=====================================================

RTargetNet(
  (layers): Sequential(
    (0): Linear(in_features=100, out_features=32, bias=True)
    (1): LeakyReLU(negative_slope=0.25, inplace=True)
  )
)
RNet(
  (layers): Sequential(
    (0): Linear(in_features=100, out_features=32, bias=True)
    (1): LeakyReLU(negative_slope=0.2, inplace=True)
    (2): Dropout(p=0.1, inplace=False)
  )
)
tree_id: 5 level: 1
keep_pos.size == 10000
epoch  0 gap_loss: 0.008599992
tree_id: 5 level: 1
keep_pos.size == 10000
epoch  24 gap_loss: 0.0053977454
tree_id: 5 level: 1
keep_pos.size == 10000
epoch  48 gap_loss: 0.003519523
tree_id: 5 level: 1
keep_pos.size == 10000
epoch  72 gap_loss: 0.002570406
tree_id: 5 level: 1
keep_pos.size == 10000
epoch  96 gap_loss: 0.002387198
tree_id: 5 level: 1
keep_pos.size == 10000
epoch  120 gap_loss: 0.0019391868
tree_id: 5 level: 1
keep_pos.size == 10000
epoch  144 gap_loss: 0.002125496
tree_id: 5 level: 1
keep_pos.size == 10000
epoch  168 gap_loss: 0.0015132885
tree_id: 5 level: 1
keep_pos.size == 10000
epoch  192 gap_loss: 0.0013580772
RTargetNet(
  (layers): Sequential(
    (0): Linear(in_features=100, out_features=32, bias=True)
    (1): LeakyReLU(negative_slope=0.25, inplace=True)
  )
)
RNet(
  (layers): Sequential(
    (0): Linear(in_features=100, out_features=32, bias=True)
    (1): LeakyReLU(negative_slope=0.2, inplace=True)
    (2): Dropout(p=0.1, inplace=False)
  )
)
tree_id: 5 level: 2
keep_pos.size == 9500
epoch  0 gap_loss: 0.004247313
tree_id: 5 level: 2
keep_pos.size == 9500
epoch  24 gap_loss: 0.003004938
tree_id: 5 level: 2
keep_pos.size == 9500
epoch  48 gap_loss: 0.001378026
tree_id: 5 level: 2
keep_pos.size == 9500
epoch  72 gap_loss: 0.001203306
tree_id: 5 level: 2
keep_pos.size == 9500
epoch  96 gap_loss: 0.0010077877
tree_id: 5 level: 2
keep_pos.size == 9500
epoch  120 gap_loss: 0.0015272696
tree_id: 5 level: 2
keep_pos.size == 9500
epoch  144 gap_loss: 0.00081973476
tree_id: 5 level: 2
keep_pos.size == 9500
epoch  168 gap_loss: 0.0009148936
tree_id: 5 level: 2
keep_pos.size == 9500
epoch  192 gap_loss: 0.0005846245
RTargetNet(
  (layers): Sequential(
    (0): Linear(in_features=100, out_features=32, bias=True)
    (1): LeakyReLU(negative_slope=0.25, inplace=True)
  )
)
RNet(
  (layers): Sequential(
    (0): Linear(in_features=100, out_features=32, bias=True)
    (1): LeakyReLU(negative_slope=0.2, inplace=True)
    (2): Dropout(p=0.1, inplace=False)
  )
)
tree_id: 5 level: 3
keep_pos.size == 9025
epoch  0 gap_loss: 0.0022059977
tree_id: 5 level: 3
keep_pos.size == 9025
epoch  24 gap_loss: 0.0011101703
tree_id: 5 level: 3
keep_pos.size == 9025
epoch  48 gap_loss: 0.00067860435
tree_id: 5 level: 3
keep_pos.size == 9025
epoch  72 gap_loss: 0.0004667487
tree_id: 5 level: 3
keep_pos.size == 9025
epoch  96 gap_loss: 0.00049208343
tree_id: 5 level: 3
keep_pos.size == 9025
epoch  120 gap_loss: 0.0002486018
tree_id: 5 level: 3
keep_pos.size == 9025
epoch  144 gap_loss: 0.00034607673
tree_id: 5 level: 3
keep_pos.size == 9025
epoch  168 gap_loss: 0.0002932062
tree_id: 5 level: 3
keep_pos.size == 9025
epoch  192 gap_loss: 0.0003186022
RTargetNet(
  (layers): Sequential(
    (0): Linear(in_features=100, out_features=32, bias=True)
    (1): LeakyReLU(negative_slope=0.25, inplace=True)
  )
)
RNet(
  (layers): Sequential(
    (0): Linear(in_features=100, out_features=32, bias=True)
    (1): LeakyReLU(negative_slope=0.2, inplace=True)
    (2): Dropout(p=0.1, inplace=False)
  )
)
tree_id: 5 level: 4
keep_pos.size == 8574
epoch  0 gap_loss: 0.0017891128
tree_id: 5 level: 4
keep_pos.size == 8574
epoch  24 gap_loss: 0.0008315366
tree_id: 5 level: 4
keep_pos.size == 8574
epoch  48 gap_loss: 0.0003844563
tree_id: 5 level: 4
keep_pos.size == 8574
epoch  72 gap_loss: 0.0003028625
tree_id: 5 level: 4
keep_pos.size == 8574
epoch  96 gap_loss: 0.0002864782
tree_id: 5 level: 4
keep_pos.size == 8574
epoch  120 gap_loss: 0.0001762969
tree_id: 5 level: 4
keep_pos.size == 8574
epoch  144 gap_loss: 0.00011901582
tree_id: 5 level: 4
keep_pos.size == 8574
epoch  168 gap_loss: 0.00016563963
tree_id: 5 level: 4
keep_pos.size == 8574
epoch  192 gap_loss: 0.00012245969
RTargetNet(
  (layers): Sequential(
    (0): Linear(in_features=100, out_features=32, bias=True)
    (1): LeakyReLU(negative_slope=0.25, inplace=True)
  )
)
RNet(
  (layers): Sequential(
    (0): Linear(in_features=100, out_features=32, bias=True)
    (1): LeakyReLU(negative_slope=0.2, inplace=True)
    (2): Dropout(p=0.1, inplace=False)
  )
)
tree_id: 5 level: 5
keep_pos.size == 8146
epoch  0 gap_loss: 0.0008643018
tree_id: 5 level: 5
keep_pos.size == 8146
epoch  24 gap_loss: 0.00022920969
tree_id: 5 level: 5
keep_pos.size == 8146
epoch  48 gap_loss: 9.6484415e-05
tree_id: 5 level: 5
keep_pos.size == 8146
epoch  72 gap_loss: 9.7479366e-05
tree_id: 5 level: 5
keep_pos.size == 8146
epoch  96 gap_loss: 8.95738e-05
tree_id: 5 level: 5
keep_pos.size == 8146
epoch  120 gap_loss: 4.206077e-05
tree_id: 5 level: 5
keep_pos.size == 8146
epoch  144 gap_loss: 3.143532e-05
tree_id: 5 level: 5
keep_pos.size == 8146
epoch  168 gap_loss: 4.0261915e-05
tree_id: 5 level: 5
keep_pos.size == 8146
epoch  192 gap_loss: 6.510144e-05
RTargetNet(
  (layers): Sequential(
    (0): Linear(in_features=100, out_features=32, bias=True)
    (1): LeakyReLU(negative_slope=0.25, inplace=True)
  )
)
RNet(
  (layers): Sequential(
    (0): Linear(in_features=100, out_features=32, bias=True)
    (1): LeakyReLU(negative_slope=0.2, inplace=True)
    (2): Dropout(p=0.1, inplace=False)
  )
)
tree_id: 5 level: 6
keep_pos.size == 7739
epoch  0 gap_loss: 0.00015372914
tree_id: 5 level: 6
keep_pos.size == 7739
epoch  24 gap_loss: 4.1269235e-05
tree_id: 5 level: 6
keep_pos.size == 7739
epoch  48 gap_loss: 4.3203592e-05
tree_id: 5 level: 6
keep_pos.size == 7739
epoch  72 gap_loss: 3.8334696e-05
tree_id: 5 level: 6
keep_pos.size == 7739
epoch  96 gap_loss: 6.777649e-05
tree_id: 5 level: 6
keep_pos.size == 7739
epoch  120 gap_loss: 2.9978752e-05
tree_id: 5 level: 6
keep_pos.size == 7739
epoch  144 gap_loss: 5.091107e-06
tree_id: 5 level: 6
keep_pos.size == 7739
epoch  168 gap_loss: 5.569359e-06
tree_id: 5 level: 6
keep_pos.size == 7739
epoch  192 gap_loss: 5.2551936e-06
RTargetNet(
  (layers): Sequential(
    (0): Linear(in_features=100, out_features=32, bias=True)
    (1): LeakyReLU(negative_slope=0.25, inplace=True)
  )
)
RNet(
  (layers): Sequential(
    (0): Linear(in_features=100, out_features=32, bias=True)
    (1): LeakyReLU(negative_slope=0.2, inplace=True)
    (2): Dropout(p=0.1, inplace=False)
  )
)
tree_id: 5 level: 7
keep_pos.size == 7353
epoch  0 gap_loss: 0.0
tree_id: 5 level: 7
keep_pos.size == 7353
epoch  24 gap_loss: 0.0
tree_id: 5 level: 7
keep_pos.size == 7353
epoch  48 gap_loss: 0.0
tree_id: 5 level: 7
keep_pos.size == 7353
epoch  72 gap_loss: 0.0
tree_id: 5 level: 7
keep_pos.size == 7353
epoch  96 gap_loss: 0.0
tree_id: 5 level: 7
keep_pos.size == 7353
epoch  120 gap_loss: 0.0
tree_id: 5 level: 7
keep_pos.size == 7353
epoch  144 gap_loss: 0.0
tree_id: 5 level: 7
keep_pos.size == 7353
epoch  168 gap_loss: 0.0
tree_id: 5 level: 7
keep_pos.size == 7353
epoch  192 gap_loss: 0.0
RTargetNet(
  (layers): Sequential(
    (0): Linear(in_features=100, out_features=32, bias=True)
    (1): LeakyReLU(negative_slope=0.25, inplace=True)
  )
)
RNet(
  (layers): Sequential(
    (0): Linear(in_features=100, out_features=32, bias=True)
    (1): LeakyReLU(negative_slope=0.2, inplace=True)
    (2): Dropout(p=0.1, inplace=False)
  )
)
tree_id: 5 level: 8
keep_pos.size == 6986
epoch  0 gap_loss: 0.0
tree_id: 5 level: 8
keep_pos.size == 6986
epoch  24 gap_loss: 0.0
tree_id: 5 level: 8
keep_pos.size == 6986
epoch  48 gap_loss: 0.0
tree_id: 5 level: 8
keep_pos.size == 6986
epoch  72 gap_loss: 0.0
tree_id: 5 level: 8
keep_pos.size == 6986
epoch  96 gap_loss: 0.0
tree_id: 5 level: 8
keep_pos.size == 6986
epoch  120 gap_loss: 0.0
tree_id: 5 level: 8
keep_pos.size == 6986
epoch  144 gap_loss: 0.0
tree_id: 5 level: 8
keep_pos.size == 6986
epoch  168 gap_loss: 0.0
tree_id: 5 level: 8
keep_pos.size == 6986
epoch  192 gap_loss: 0.0
train tree id: 4 tic time end.
=====================================================
tic_datetime: 2020-12-06 03:20:51.470012
tic_datetime.strftime: 2020-12-06 03:20:51.470012
tic_walltime: 1607242851.4700918
tic_cpu: 60032.402868
=====================================================

test tree id: 4 tic time.
=====================================================
tic_datetime: 2020-12-06 03:20:51.470211
tic_datetime.strftime: 2020-12-06 03:20:51.470211
tic_walltime: 1607242851.4702382
tic_cpu: 60032.403323
=====================================================

RTargetNet(
  (layers): Sequential(
    (0): Linear(in_features=100, out_features=32, bias=True)
    (1): LeakyReLU(negative_slope=0.25, inplace=True)
  )
)
RNet(
  (layers): Sequential(
    (0): Linear(in_features=100, out_features=32, bias=True)
    (1): LeakyReLU(negative_slope=0.2, inplace=True)
    (2): Dropout(p=0.1, inplace=False)
  )
)
************Current Result**************
AUC-ROC: 0.9856, AUC-PR: 0.5738
test tree id: 4 tic time.
=====================================================
tic_datetime: 2020-12-06 03:20:51.539755
tic_datetime.strftime: 2020-12-06 03:20:51.539755
tic_walltime: 1607242851.5398045
tic_cpu: 60032.903615
=====================================================

train tree id: 5 tic time.
=====================================================
tic_datetime: 2020-12-06 03:20:51.608172
tic_datetime.strftime: 2020-12-06 03:20:51.608172
tic_walltime: 1607242851.608237
tic_cpu: 60033.354553
=====================================================

RTargetNet(
  (layers): Sequential(
    (0): Linear(in_features=100, out_features=32, bias=True)
    (1): LeakyReLU(negative_slope=0.25, inplace=True)
  )
)
RNet(
  (layers): Sequential(
    (0): Linear(in_features=100, out_features=32, bias=True)
    (1): LeakyReLU(negative_slope=0.2, inplace=True)
    (2): Dropout(p=0.1, inplace=False)
  )
)
tree_id: 6 level: 1
keep_pos.size == 10000
epoch  0 gap_loss: 0.008077251
tree_id: 6 level: 1
keep_pos.size == 10000
epoch  24 gap_loss: 0.005649292
tree_id: 6 level: 1
keep_pos.size == 10000
epoch  48 gap_loss: 0.0033651846
tree_id: 6 level: 1
keep_pos.size == 10000
epoch  72 gap_loss: 0.0022888505
tree_id: 6 level: 1
keep_pos.size == 10000
epoch  96 gap_loss: 0.0026850551
tree_id: 6 level: 1
keep_pos.size == 10000
epoch  120 gap_loss: 0.0012159059
tree_id: 6 level: 1
keep_pos.size == 10000
epoch  144 gap_loss: 0.0024290362
tree_id: 6 level: 1
keep_pos.size == 10000
epoch  168 gap_loss: 0.0017381884
tree_id: 6 level: 1
keep_pos.size == 10000
epoch  192 gap_loss: 0.0012570759
RTargetNet(
  (layers): Sequential(
    (0): Linear(in_features=100, out_features=32, bias=True)
    (1): LeakyReLU(negative_slope=0.25, inplace=True)
  )
)
RNet(
  (layers): Sequential(
    (0): Linear(in_features=100, out_features=32, bias=True)
    (1): LeakyReLU(negative_slope=0.2, inplace=True)
    (2): Dropout(p=0.1, inplace=False)
  )
)
tree_id: 6 level: 2
keep_pos.size == 9500
epoch  0 gap_loss: 0.005140337
tree_id: 6 level: 2
keep_pos.size == 9500
epoch  24 gap_loss: 0.0029525273
tree_id: 6 level: 2
keep_pos.size == 9500
epoch  48 gap_loss: 0.001593116
tree_id: 6 level: 2
keep_pos.size == 9500
epoch  72 gap_loss: 0.0013186248
tree_id: 6 level: 2
keep_pos.size == 9500
epoch  96 gap_loss: 0.0011002384
tree_id: 6 level: 2
keep_pos.size == 9500
epoch  120 gap_loss: 0.0010622118
tree_id: 6 level: 2
keep_pos.size == 9500
epoch  144 gap_loss: 0.000986798
tree_id: 6 level: 2
keep_pos.size == 9500
epoch  168 gap_loss: 0.00075916084
tree_id: 6 level: 2
keep_pos.size == 9500
epoch  192 gap_loss: 0.0006906326
RTargetNet(
  (layers): Sequential(
    (0): Linear(in_features=100, out_features=32, bias=True)
    (1): LeakyReLU(negative_slope=0.25, inplace=True)
  )
)
RNet(
  (layers): Sequential(
    (0): Linear(in_features=100, out_features=32, bias=True)
    (1): LeakyReLU(negative_slope=0.2, inplace=True)
    (2): Dropout(p=0.1, inplace=False)
  )
)
tree_id: 6 level: 3
keep_pos.size == 9025
epoch  0 gap_loss: 0.0027348218
tree_id: 6 level: 3
keep_pos.size == 9025
epoch  24 gap_loss: 0.0008798442
tree_id: 6 level: 3
keep_pos.size == 9025
epoch  48 gap_loss: 0.00077062997
tree_id: 6 level: 3
keep_pos.size == 9025
epoch  72 gap_loss: 0.0004343754
tree_id: 6 level: 3
keep_pos.size == 9025
epoch  96 gap_loss: 0.0006504229
tree_id: 6 level: 3
keep_pos.size == 9025
epoch  120 gap_loss: 0.00052003766
tree_id: 6 level: 3
keep_pos.size == 9025
epoch  144 gap_loss: 0.0003690999
tree_id: 6 level: 3
keep_pos.size == 9025
epoch  168 gap_loss: 0.0003378688
tree_id: 6 level: 3
keep_pos.size == 9025
epoch  192 gap_loss: 0.00040275767
RTargetNet(
  (layers): Sequential(
    (0): Linear(in_features=100, out_features=32, bias=True)
    (1): LeakyReLU(negative_slope=0.25, inplace=True)
  )
)
RNet(
  (layers): Sequential(
    (0): Linear(in_features=100, out_features=32, bias=True)
    (1): LeakyReLU(negative_slope=0.2, inplace=True)
    (2): Dropout(p=0.1, inplace=False)
  )
)
tree_id: 6 level: 4
keep_pos.size == 8574
epoch  0 gap_loss: 0.0022398632
tree_id: 6 level: 4
keep_pos.size == 8574
epoch  24 gap_loss: 0.0006328753
tree_id: 6 level: 4
keep_pos.size == 8574
epoch  48 gap_loss: 0.0003044221
tree_id: 6 level: 4
keep_pos.size == 8574
epoch  72 gap_loss: 0.00042765553
tree_id: 6 level: 4
keep_pos.size == 8574
epoch  96 gap_loss: 0.0003143599
tree_id: 6 level: 4
keep_pos.size == 8574
epoch  120 gap_loss: 0.0001983713
tree_id: 6 level: 4
keep_pos.size == 8574
epoch  144 gap_loss: 0.00033680722
tree_id: 6 level: 4
keep_pos.size == 8574
epoch  168 gap_loss: 0.00020941689
tree_id: 6 level: 4
keep_pos.size == 8574
epoch  192 gap_loss: 0.00031917976
RTargetNet(
  (layers): Sequential(
    (0): Linear(in_features=100, out_features=32, bias=True)
    (1): LeakyReLU(negative_slope=0.25, inplace=True)
  )
)
RNet(
  (layers): Sequential(
    (0): Linear(in_features=100, out_features=32, bias=True)
    (1): LeakyReLU(negative_slope=0.2, inplace=True)
    (2): Dropout(p=0.1, inplace=False)
  )
)
tree_id: 6 level: 5
keep_pos.size == 8146
epoch  0 gap_loss: 0.00078626204
tree_id: 6 level: 5
keep_pos.size == 8146
epoch  24 gap_loss: 0.00015151984
tree_id: 6 level: 5
keep_pos.size == 8146
epoch  48 gap_loss: 0.00018365654
tree_id: 6 level: 5
keep_pos.size == 8146
epoch  72 gap_loss: 7.531938e-05
tree_id: 6 level: 5
keep_pos.size == 8146
epoch  96 gap_loss: 6.533919e-05
tree_id: 6 level: 5
keep_pos.size == 8146
epoch  120 gap_loss: 6.266742e-05
tree_id: 6 level: 5
keep_pos.size == 8146
epoch  144 gap_loss: 6.022208e-05
tree_id: 6 level: 5
keep_pos.size == 8146
epoch  168 gap_loss: 6.326368e-05
tree_id: 6 level: 5
keep_pos.size == 8146
epoch  192 gap_loss: 8.0875405e-05
RTargetNet(
  (layers): Sequential(
    (0): Linear(in_features=100, out_features=32, bias=True)
    (1): LeakyReLU(negative_slope=0.25, inplace=True)
  )
)
RNet(
  (layers): Sequential(
    (0): Linear(in_features=100, out_features=32, bias=True)
    (1): LeakyReLU(negative_slope=0.2, inplace=True)
    (2): Dropout(p=0.1, inplace=False)
  )
)
tree_id: 6 level: 6
keep_pos.size == 7739
epoch  0 gap_loss: 0.0
tree_id: 6 level: 6
keep_pos.size == 7739
epoch  24 gap_loss: 0.0
tree_id: 6 level: 6
keep_pos.size == 7739
epoch  48 gap_loss: 0.0
tree_id: 6 level: 6
keep_pos.size == 7739
epoch  72 gap_loss: 0.0
tree_id: 6 level: 6
keep_pos.size == 7739
epoch  96 gap_loss: 0.0
tree_id: 6 level: 6
keep_pos.size == 7739
epoch  120 gap_loss: 0.0
tree_id: 6 level: 6
keep_pos.size == 7739
epoch  144 gap_loss: 0.0
tree_id: 6 level: 6
keep_pos.size == 7739
epoch  168 gap_loss: 0.0
tree_id: 6 level: 6
keep_pos.size == 7739
epoch  192 gap_loss: 0.0
RTargetNet(
  (layers): Sequential(
    (0): Linear(in_features=100, out_features=32, bias=True)
    (1): LeakyReLU(negative_slope=0.25, inplace=True)
  )
)
RNet(
  (layers): Sequential(
    (0): Linear(in_features=100, out_features=32, bias=True)
    (1): LeakyReLU(negative_slope=0.2, inplace=True)
    (2): Dropout(p=0.1, inplace=False)
  )
)
tree_id: 6 level: 7
keep_pos.size == 7353
epoch  0 gap_loss: 0.0
tree_id: 6 level: 7
keep_pos.size == 7353
epoch  24 gap_loss: 0.0
tree_id: 6 level: 7
keep_pos.size == 7353
epoch  48 gap_loss: 0.0
tree_id: 6 level: 7
keep_pos.size == 7353
epoch  72 gap_loss: 0.0
tree_id: 6 level: 7
keep_pos.size == 7353
epoch  96 gap_loss: 0.0
tree_id: 6 level: 7
keep_pos.size == 7353
epoch  120 gap_loss: 0.0
tree_id: 6 level: 7
keep_pos.size == 7353
epoch  144 gap_loss: 0.0
tree_id: 6 level: 7
keep_pos.size == 7353
epoch  168 gap_loss: 0.0
tree_id: 6 level: 7
keep_pos.size == 7353
epoch  192 gap_loss: 0.0
RTargetNet(
  (layers): Sequential(
    (0): Linear(in_features=100, out_features=32, bias=True)
    (1): LeakyReLU(negative_slope=0.25, inplace=True)
  )
)
RNet(
  (layers): Sequential(
    (0): Linear(in_features=100, out_features=32, bias=True)
    (1): LeakyReLU(negative_slope=0.2, inplace=True)
    (2): Dropout(p=0.1, inplace=False)
  )
)
tree_id: 6 level: 8
keep_pos.size == 6986
epoch  0 gap_loss: 0.0
tree_id: 6 level: 8
keep_pos.size == 6986
epoch  24 gap_loss: 0.0
tree_id: 6 level: 8
keep_pos.size == 6986
epoch  48 gap_loss: 0.0
tree_id: 6 level: 8
keep_pos.size == 6986
epoch  72 gap_loss: 0.0
tree_id: 6 level: 8
keep_pos.size == 6986
epoch  96 gap_loss: 0.0
tree_id: 6 level: 8
keep_pos.size == 6986
epoch  120 gap_loss: 0.0
tree_id: 6 level: 8
keep_pos.size == 6986
epoch  144 gap_loss: 0.0
tree_id: 6 level: 8
keep_pos.size == 6986
epoch  168 gap_loss: 0.0
tree_id: 6 level: 8
keep_pos.size == 6986
epoch  192 gap_loss: 0.0
train tree id: 5 tic time end.
=====================================================
tic_datetime: 2020-12-06 03:47:15.680593
tic_datetime.strftime: 2020-12-06 03:47:15.680593
tic_walltime: 1607244435.6806672
tic_cpu: 74025.381433
=====================================================

test tree id: 5 tic time.
=====================================================
tic_datetime: 2020-12-06 03:47:15.680778
tic_datetime.strftime: 2020-12-06 03:47:15.680778
tic_walltime: 1607244435.680799
tic_cpu: 74025.382045
=====================================================

RTargetNet(
  (layers): Sequential(
    (0): Linear(in_features=100, out_features=32, bias=True)
    (1): LeakyReLU(negative_slope=0.25, inplace=True)
  )
)
RNet(
  (layers): Sequential(
    (0): Linear(in_features=100, out_features=32, bias=True)
    (1): LeakyReLU(negative_slope=0.2, inplace=True)
    (2): Dropout(p=0.1, inplace=False)
  )
)
************Current Result**************
AUC-ROC: 0.9845, AUC-PR: 0.5332
test tree id: 5 tic time.
=====================================================
tic_datetime: 2020-12-06 03:47:15.747946
tic_datetime.strftime: 2020-12-06 03:47:15.747946
tic_walltime: 1607244435.747996
tic_cpu: 74025.86717
=====================================================

train tree id: 6 tic time.
=====================================================
tic_datetime: 2020-12-06 03:47:15.843035
tic_datetime.strftime: 2020-12-06 03:47:15.843035
tic_walltime: 1607244435.843278
tic_cpu: 74026.532023
=====================================================

RTargetNet(
  (layers): Sequential(
    (0): Linear(in_features=100, out_features=32, bias=True)
    (1): LeakyReLU(negative_slope=0.25, inplace=True)
  )
)
RNet(
  (layers): Sequential(
    (0): Linear(in_features=100, out_features=32, bias=True)
    (1): LeakyReLU(negative_slope=0.2, inplace=True)
    (2): Dropout(p=0.1, inplace=False)
  )
)
tree_id: 7 level: 1
keep_pos.size == 10000
epoch  0 gap_loss: 0.00689598
tree_id: 7 level: 1
keep_pos.size == 10000
epoch  24 gap_loss: 0.0033201734
tree_id: 7 level: 1
keep_pos.size == 10000
epoch  48 gap_loss: 0.0032128044
tree_id: 7 level: 1
keep_pos.size == 10000
epoch  72 gap_loss: 0.0024650814
tree_id: 7 level: 1
keep_pos.size == 10000
epoch  96 gap_loss: 0.002303069
tree_id: 7 level: 1
keep_pos.size == 10000
epoch  120 gap_loss: 0.0015918063
tree_id: 7 level: 1
keep_pos.size == 10000
epoch  144 gap_loss: 0.0017164252
tree_id: 7 level: 1
keep_pos.size == 10000
epoch  168 gap_loss: 0.0014466639
tree_id: 7 level: 1
keep_pos.size == 10000
epoch  192 gap_loss: 0.001852064
RTargetNet(
  (layers): Sequential(
    (0): Linear(in_features=100, out_features=32, bias=True)
    (1): LeakyReLU(negative_slope=0.25, inplace=True)
  )
)
RNet(
  (layers): Sequential(
    (0): Linear(in_features=100, out_features=32, bias=True)
    (1): LeakyReLU(negative_slope=0.2, inplace=True)
    (2): Dropout(p=0.1, inplace=False)
  )
)
tree_id: 7 level: 2
keep_pos.size == 9500
epoch  0 gap_loss: 0.006116495
tree_id: 7 level: 2
keep_pos.size == 9500
epoch  24 gap_loss: 0.0023745103
tree_id: 7 level: 2
keep_pos.size == 9500
epoch  48 gap_loss: 0.0015986785
tree_id: 7 level: 2
keep_pos.size == 9500
epoch  72 gap_loss: 0.0011176199
tree_id: 7 level: 2
keep_pos.size == 9500
epoch  96 gap_loss: 0.0012806884
tree_id: 7 level: 2
keep_pos.size == 9500
epoch  120 gap_loss: 0.0010365308
tree_id: 7 level: 2
keep_pos.size == 9500
epoch  144 gap_loss: 0.0012813311
tree_id: 7 level: 2
keep_pos.size == 9500
epoch  168 gap_loss: 0.0009211558
tree_id: 7 level: 2
keep_pos.size == 9500
epoch  192 gap_loss: 0.0005576541
RTargetNet(
  (layers): Sequential(
    (0): Linear(in_features=100, out_features=32, bias=True)
    (1): LeakyReLU(negative_slope=0.25, inplace=True)
  )
)
RNet(
  (layers): Sequential(
    (0): Linear(in_features=100, out_features=32, bias=True)
    (1): LeakyReLU(negative_slope=0.2, inplace=True)
    (2): Dropout(p=0.1, inplace=False)
  )
)
tree_id: 7 level: 3
keep_pos.size == 9025
epoch  0 gap_loss: 0.002187599
tree_id: 7 level: 3
keep_pos.size == 9025
epoch  24 gap_loss: 0.0009887455
tree_id: 7 level: 3
keep_pos.size == 9025
epoch  48 gap_loss: 0.0005847886
tree_id: 7 level: 3
keep_pos.size == 9025
epoch  72 gap_loss: 0.0005917159
tree_id: 7 level: 3
keep_pos.size == 9025
epoch  96 gap_loss: 0.00037296605
tree_id: 7 level: 3
keep_pos.size == 9025
epoch  120 gap_loss: 0.00032001574
tree_id: 7 level: 3
keep_pos.size == 9025
epoch  144 gap_loss: 0.00028578367
tree_id: 7 level: 3
keep_pos.size == 9025
epoch  168 gap_loss: 0.0003130249
tree_id: 7 level: 3
keep_pos.size == 9025
epoch  192 gap_loss: 0.00031363367
RTargetNet(
  (layers): Sequential(
    (0): Linear(in_features=100, out_features=32, bias=True)
    (1): LeakyReLU(negative_slope=0.25, inplace=True)
  )
)
RNet(
  (layers): Sequential(
    (0): Linear(in_features=100, out_features=32, bias=True)
    (1): LeakyReLU(negative_slope=0.2, inplace=True)
    (2): Dropout(p=0.1, inplace=False)
  )
)
tree_id: 7 level: 4
keep_pos.size == 8574
epoch  0 gap_loss: 0.0016333337
tree_id: 7 level: 4
keep_pos.size == 8574
epoch  24 gap_loss: 0.0009291158
tree_id: 7 level: 4
keep_pos.size == 8574
epoch  48 gap_loss: 0.00037659204
tree_id: 7 level: 4
keep_pos.size == 8574
epoch  72 gap_loss: 0.000442954
tree_id: 7 level: 4
keep_pos.size == 8574
epoch  96 gap_loss: 0.00023789547
tree_id: 7 level: 4
keep_pos.size == 8574
epoch  120 gap_loss: 0.00026776758
tree_id: 7 level: 4
keep_pos.size == 8574
epoch  144 gap_loss: 0.00012190823
tree_id: 7 level: 4
keep_pos.size == 8574
epoch  168 gap_loss: 0.00014862053
tree_id: 7 level: 4
keep_pos.size == 8574
epoch  192 gap_loss: 0.00015699372
RTargetNet(
  (layers): Sequential(
    (0): Linear(in_features=100, out_features=32, bias=True)
    (1): LeakyReLU(negative_slope=0.25, inplace=True)
  )
)
RNet(
  (layers): Sequential(
    (0): Linear(in_features=100, out_features=32, bias=True)
    (1): LeakyReLU(negative_slope=0.2, inplace=True)
    (2): Dropout(p=0.1, inplace=False)
  )
)
tree_id: 7 level: 5
keep_pos.size == 8146
epoch  0 gap_loss: 0.0006106795
tree_id: 7 level: 5
keep_pos.size == 8146
epoch  24 gap_loss: 0.00014072719
tree_id: 7 level: 5
keep_pos.size == 8146
epoch  48 gap_loss: 6.702888e-05
tree_id: 7 level: 5
keep_pos.size == 8146
epoch  72 gap_loss: 7.20308e-05
tree_id: 7 level: 5
keep_pos.size == 8146
epoch  96 gap_loss: 4.3143285e-05
tree_id: 7 level: 5
keep_pos.size == 8146
epoch  120 gap_loss: 4.4470922e-05
tree_id: 7 level: 5
keep_pos.size == 8146
epoch  144 gap_loss: 4.114596e-05
tree_id: 7 level: 5
keep_pos.size == 8146
epoch  168 gap_loss: 6.561943e-05
tree_id: 7 level: 5
keep_pos.size == 8146
epoch  192 gap_loss: 4.9681294e-05
RTargetNet(
  (layers): Sequential(
    (0): Linear(in_features=100, out_features=32, bias=True)
    (1): LeakyReLU(negative_slope=0.25, inplace=True)
  )
)
RNet(
  (layers): Sequential(
    (0): Linear(in_features=100, out_features=32, bias=True)
    (1): LeakyReLU(negative_slope=0.2, inplace=True)
    (2): Dropout(p=0.1, inplace=False)
  )
)
tree_id: 7 level: 6
keep_pos.size == 7739
epoch  0 gap_loss: 0.0
tree_id: 7 level: 6
keep_pos.size == 7739
epoch  24 gap_loss: 0.0
tree_id: 7 level: 6
keep_pos.size == 7739
epoch  48 gap_loss: 0.0
tree_id: 7 level: 6
keep_pos.size == 7739
epoch  72 gap_loss: 0.0
tree_id: 7 level: 6
keep_pos.size == 7739
epoch  96 gap_loss: 0.0
tree_id: 7 level: 6
keep_pos.size == 7739
epoch  120 gap_loss: 0.0
tree_id: 7 level: 6
keep_pos.size == 7739
epoch  144 gap_loss: 0.0
tree_id: 7 level: 6
keep_pos.size == 7739
epoch  168 gap_loss: 0.0
tree_id: 7 level: 6
keep_pos.size == 7739
epoch  192 gap_loss: 0.0
RTargetNet(
  (layers): Sequential(
    (0): Linear(in_features=100, out_features=32, bias=True)
    (1): LeakyReLU(negative_slope=0.25, inplace=True)
  )
)
RNet(
  (layers): Sequential(
    (0): Linear(in_features=100, out_features=32, bias=True)
    (1): LeakyReLU(negative_slope=0.2, inplace=True)
    (2): Dropout(p=0.1, inplace=False)
  )
)
tree_id: 7 level: 7
keep_pos.size == 7353
epoch  0 gap_loss: 0.0
tree_id: 7 level: 7
keep_pos.size == 7353
epoch  24 gap_loss: 0.0
tree_id: 7 level: 7
keep_pos.size == 7353
epoch  48 gap_loss: 0.0
tree_id: 7 level: 7
keep_pos.size == 7353
epoch  72 gap_loss: 0.0
tree_id: 7 level: 7
keep_pos.size == 7353
epoch  96 gap_loss: 0.0
tree_id: 7 level: 7
keep_pos.size == 7353
epoch  120 gap_loss: 0.0
tree_id: 7 level: 7
keep_pos.size == 7353
epoch  144 gap_loss: 0.0
tree_id: 7 level: 7
keep_pos.size == 7353
epoch  168 gap_loss: 0.0
tree_id: 7 level: 7
keep_pos.size == 7353
epoch  192 gap_loss: 0.0
RTargetNet(
  (layers): Sequential(
    (0): Linear(in_features=100, out_features=32, bias=True)
    (1): LeakyReLU(negative_slope=0.25, inplace=True)
  )
)
RNet(
  (layers): Sequential(
    (0): Linear(in_features=100, out_features=32, bias=True)
    (1): LeakyReLU(negative_slope=0.2, inplace=True)
    (2): Dropout(p=0.1, inplace=False)
  )
)
tree_id: 7 level: 8
keep_pos.size == 6986
epoch  0 gap_loss: 0.0
tree_id: 7 level: 8
keep_pos.size == 6986
epoch  24 gap_loss: 0.0
tree_id: 7 level: 8
keep_pos.size == 6986
epoch  48 gap_loss: 0.0
tree_id: 7 level: 8
keep_pos.size == 6986
epoch  72 gap_loss: 0.0
tree_id: 7 level: 8
keep_pos.size == 6986
epoch  96 gap_loss: 0.0
tree_id: 7 level: 8
keep_pos.size == 6986
epoch  120 gap_loss: 0.0
tree_id: 7 level: 8
keep_pos.size == 6986
epoch  144 gap_loss: 0.0
tree_id: 7 level: 8
keep_pos.size == 6986
epoch  168 gap_loss: 0.0
tree_id: 7 level: 8
keep_pos.size == 6986
epoch  192 gap_loss: 0.0
train tree id: 6 tic time end.
=====================================================
tic_datetime: 2020-12-06 04:15:52.610139
tic_datetime.strftime: 2020-12-06 04:15:52.610139
tic_walltime: 1607246152.610377
tic_cpu: 88548.591181
=====================================================

test tree id: 6 tic time.
=====================================================
tic_datetime: 2020-12-06 04:15:52.610489
tic_datetime.strftime: 2020-12-06 04:15:52.610489
tic_walltime: 1607246152.610514
tic_cpu: 88548.591767
=====================================================

RTargetNet(
  (layers): Sequential(
    (0): Linear(in_features=100, out_features=32, bias=True)
    (1): LeakyReLU(negative_slope=0.25, inplace=True)
  )
)
RNet(
  (layers): Sequential(
    (0): Linear(in_features=100, out_features=32, bias=True)
    (1): LeakyReLU(negative_slope=0.2, inplace=True)
    (2): Dropout(p=0.1, inplace=False)
  )
)
************Current Result**************
AUC-ROC: 0.9850, AUC-PR: 0.5521
test tree id: 6 tic time.
=====================================================
tic_datetime: 2020-12-06 04:15:52.683888
tic_datetime.strftime: 2020-12-06 04:15:52.683888
tic_walltime: 1607246152.6839373
tic_cpu: 88549.216673
=====================================================

train tree id: 7 tic time.
=====================================================
tic_datetime: 2020-12-06 04:15:52.746867
tic_datetime.strftime: 2020-12-06 04:15:52.746867
tic_walltime: 1607246152.746932
tic_cpu: 88549.707429
=====================================================

RTargetNet(
  (layers): Sequential(
    (0): Linear(in_features=100, out_features=32, bias=True)
    (1): LeakyReLU(negative_slope=0.25, inplace=True)
  )
)
RNet(
  (layers): Sequential(
    (0): Linear(in_features=100, out_features=32, bias=True)
    (1): LeakyReLU(negative_slope=0.2, inplace=True)
    (2): Dropout(p=0.1, inplace=False)
  )
)
tree_id: 8 level: 1
keep_pos.size == 10000
epoch  0 gap_loss: 0.010144368
tree_id: 8 level: 1
keep_pos.size == 10000
epoch  24 gap_loss: 0.005385671
tree_id: 8 level: 1
keep_pos.size == 10000
epoch  48 gap_loss: 0.0031957712
tree_id: 8 level: 1
keep_pos.size == 10000
epoch  72 gap_loss: 0.0028336877
tree_id: 8 level: 1
keep_pos.size == 10000
epoch  96 gap_loss: 0.0027819686
tree_id: 8 level: 1
keep_pos.size == 10000
epoch  120 gap_loss: 0.0029207375
tree_id: 8 level: 1
keep_pos.size == 10000
epoch  144 gap_loss: 0.002111604
tree_id: 8 level: 1
keep_pos.size == 10000
epoch  168 gap_loss: 0.0018256933
tree_id: 8 level: 1
keep_pos.size == 10000
epoch  192 gap_loss: 0.0015287385
RTargetNet(
  (layers): Sequential(
    (0): Linear(in_features=100, out_features=32, bias=True)
    (1): LeakyReLU(negative_slope=0.25, inplace=True)
  )
)
RNet(
  (layers): Sequential(
    (0): Linear(in_features=100, out_features=32, bias=True)
    (1): LeakyReLU(negative_slope=0.2, inplace=True)
    (2): Dropout(p=0.1, inplace=False)
  )
)
tree_id: 8 level: 2
keep_pos.size == 9500
epoch  0 gap_loss: 0.004060169
tree_id: 8 level: 2
keep_pos.size == 9500
epoch  24 gap_loss: 0.0020048758
tree_id: 8 level: 2
keep_pos.size == 9500
epoch  48 gap_loss: 0.0013745127
tree_id: 8 level: 2
keep_pos.size == 9500
epoch  72 gap_loss: 0.0013074626
tree_id: 8 level: 2
keep_pos.size == 9500
epoch  96 gap_loss: 0.0014055767
tree_id: 8 level: 2
keep_pos.size == 9500
epoch  120 gap_loss: 0.000843324
tree_id: 8 level: 2
keep_pos.size == 9500
epoch  144 gap_loss: 0.00061147875
tree_id: 8 level: 2
keep_pos.size == 9500
epoch  168 gap_loss: 0.0006787099
tree_id: 8 level: 2
keep_pos.size == 9500
epoch  192 gap_loss: 0.0005408244
RTargetNet(
  (layers): Sequential(
    (0): Linear(in_features=100, out_features=32, bias=True)
    (1): LeakyReLU(negative_slope=0.25, inplace=True)
  )
)
RNet(
  (layers): Sequential(
    (0): Linear(in_features=100, out_features=32, bias=True)
    (1): LeakyReLU(negative_slope=0.2, inplace=True)
    (2): Dropout(p=0.1, inplace=False)
  )
)
tree_id: 8 level: 3
keep_pos.size == 9025
epoch  0 gap_loss: 0.0027299183
tree_id: 8 level: 3
keep_pos.size == 9025
epoch  24 gap_loss: 0.000881569
tree_id: 8 level: 3
keep_pos.size == 9025
epoch  48 gap_loss: 0.0003636411
tree_id: 8 level: 3
keep_pos.size == 9025
epoch  72 gap_loss: 0.000578068
tree_id: 8 level: 3
keep_pos.size == 9025
epoch  96 gap_loss: 0.00046873838
tree_id: 8 level: 3
keep_pos.size == 9025
epoch  120 gap_loss: 0.0003478527
tree_id: 8 level: 3
keep_pos.size == 9025
epoch  144 gap_loss: 0.00043347426
tree_id: 8 level: 3
keep_pos.size == 9025
epoch  168 gap_loss: 0.00023143183
tree_id: 8 level: 3
keep_pos.size == 9025
epoch  192 gap_loss: 0.00039778725
RTargetNet(
  (layers): Sequential(
    (0): Linear(in_features=100, out_features=32, bias=True)
    (1): LeakyReLU(negative_slope=0.25, inplace=True)
  )
)
RNet(
  (layers): Sequential(
    (0): Linear(in_features=100, out_features=32, bias=True)
    (1): LeakyReLU(negative_slope=0.2, inplace=True)
    (2): Dropout(p=0.1, inplace=False)
  )
)
tree_id: 8 level: 4
keep_pos.size == 8574
epoch  0 gap_loss: 0.0011892046
tree_id: 8 level: 4
keep_pos.size == 8574
epoch  24 gap_loss: 0.00038721442
tree_id: 8 level: 4
keep_pos.size == 8574
epoch  48 gap_loss: 0.00050496287
tree_id: 8 level: 4
keep_pos.size == 8574
epoch  72 gap_loss: 0.00034426607
tree_id: 8 level: 4
keep_pos.size == 8574
epoch  96 gap_loss: 0.00024197565
tree_id: 8 level: 4
keep_pos.size == 8574
epoch  120 gap_loss: 0.00019466794
tree_id: 8 level: 4
keep_pos.size == 8574
epoch  144 gap_loss: 0.00015885348
tree_id: 8 level: 4
keep_pos.size == 8574
epoch  168 gap_loss: 0.0001712222
tree_id: 8 level: 4
keep_pos.size == 8574
epoch  192 gap_loss: 0.00017019293
RTargetNet(
  (layers): Sequential(
    (0): Linear(in_features=100, out_features=32, bias=True)
    (1): LeakyReLU(negative_slope=0.25, inplace=True)
  )
)
RNet(
  (layers): Sequential(
    (0): Linear(in_features=100, out_features=32, bias=True)
    (1): LeakyReLU(negative_slope=0.2, inplace=True)
    (2): Dropout(p=0.1, inplace=False)
  )
)
tree_id: 8 level: 5
keep_pos.size == 8146
epoch  0 gap_loss: 0.0007894755
tree_id: 8 level: 5
keep_pos.size == 8146
epoch  24 gap_loss: 0.00030245396
tree_id: 8 level: 5
keep_pos.size == 8146
epoch  48 gap_loss: 9.0671965e-05
tree_id: 8 level: 5
keep_pos.size == 8146
epoch  72 gap_loss: 8.293621e-05
tree_id: 8 level: 5
keep_pos.size == 8146
epoch  96 gap_loss: 7.180894e-05
tree_id: 8 level: 5
keep_pos.size == 8146
epoch  120 gap_loss: 8.161152e-05
tree_id: 8 level: 5
keep_pos.size == 8146
epoch  144 gap_loss: 9.0580936e-05
tree_id: 8 level: 5
keep_pos.size == 8146
epoch  168 gap_loss: 8.326472e-05
tree_id: 8 level: 5
keep_pos.size == 8146
epoch  192 gap_loss: 8.523255e-05
RTargetNet(
  (layers): Sequential(
    (0): Linear(in_features=100, out_features=32, bias=True)
    (1): LeakyReLU(negative_slope=0.25, inplace=True)
  )
)
RNet(
  (layers): Sequential(
    (0): Linear(in_features=100, out_features=32, bias=True)
    (1): LeakyReLU(negative_slope=0.2, inplace=True)
    (2): Dropout(p=0.1, inplace=False)
  )
)
tree_id: 8 level: 6
keep_pos.size == 7739
epoch  0 gap_loss: 0.0
tree_id: 8 level: 6
keep_pos.size == 7739
epoch  24 gap_loss: 0.0
tree_id: 8 level: 6
keep_pos.size == 7739
epoch  48 gap_loss: 0.0
tree_id: 8 level: 6
keep_pos.size == 7739
epoch  72 gap_loss: 0.0
tree_id: 8 level: 6
keep_pos.size == 7739
epoch  96 gap_loss: 0.0
tree_id: 8 level: 6
keep_pos.size == 7739
epoch  120 gap_loss: 0.0
tree_id: 8 level: 6
keep_pos.size == 7739
epoch  144 gap_loss: 0.0
tree_id: 8 level: 6
keep_pos.size == 7739
epoch  168 gap_loss: 0.0
tree_id: 8 level: 6
keep_pos.size == 7739
epoch  192 gap_loss: 0.0
RTargetNet(
  (layers): Sequential(
    (0): Linear(in_features=100, out_features=32, bias=True)
    (1): LeakyReLU(negative_slope=0.25, inplace=True)
  )
)
RNet(
  (layers): Sequential(
    (0): Linear(in_features=100, out_features=32, bias=True)
    (1): LeakyReLU(negative_slope=0.2, inplace=True)
    (2): Dropout(p=0.1, inplace=False)
  )
)
tree_id: 8 level: 7
keep_pos.size == 7353
epoch  0 gap_loss: 0.0
tree_id: 8 level: 7
keep_pos.size == 7353
epoch  24 gap_loss: 0.0
tree_id: 8 level: 7
keep_pos.size == 7353
epoch  48 gap_loss: 0.0
tree_id: 8 level: 7
keep_pos.size == 7353
epoch  72 gap_loss: 0.0
tree_id: 8 level: 7
keep_pos.size == 7353
epoch  96 gap_loss: 0.0
tree_id: 8 level: 7
keep_pos.size == 7353
epoch  120 gap_loss: 0.0
tree_id: 8 level: 7
keep_pos.size == 7353
epoch  144 gap_loss: 0.0
tree_id: 8 level: 7
keep_pos.size == 7353
epoch  168 gap_loss: 0.0
tree_id: 8 level: 7
keep_pos.size == 7353
epoch  192 gap_loss: 0.0
RTargetNet(
  (layers): Sequential(
    (0): Linear(in_features=100, out_features=32, bias=True)
    (1): LeakyReLU(negative_slope=0.25, inplace=True)
  )
)
RNet(
  (layers): Sequential(
    (0): Linear(in_features=100, out_features=32, bias=True)
    (1): LeakyReLU(negative_slope=0.2, inplace=True)
    (2): Dropout(p=0.1, inplace=False)
  )
)
tree_id: 8 level: 8
keep_pos.size == 6986
epoch  0 gap_loss: 0.0
tree_id: 8 level: 8
keep_pos.size == 6986
epoch  24 gap_loss: 0.0
tree_id: 8 level: 8
keep_pos.size == 6986
epoch  48 gap_loss: 0.0
tree_id: 8 level: 8
keep_pos.size == 6986
epoch  72 gap_loss: 0.0
tree_id: 8 level: 8
keep_pos.size == 6986
epoch  96 gap_loss: 0.0
tree_id: 8 level: 8
keep_pos.size == 6986
epoch  120 gap_loss: 0.0
tree_id: 8 level: 8
keep_pos.size == 6986
epoch  144 gap_loss: 0.0
tree_id: 8 level: 8
keep_pos.size == 6986
epoch  168 gap_loss: 0.0
tree_id: 8 level: 8
keep_pos.size == 6986
epoch  192 gap_loss: 0.0
train tree id: 7 tic time end.
=====================================================
tic_datetime: 2020-12-06 04:39:50.018516
tic_datetime.strftime: 2020-12-06 04:39:50.018516
tic_walltime: 1607247590.0186002
tic_cpu: 101971.280735
=====================================================

test tree id: 7 tic time.
=====================================================
tic_datetime: 2020-12-06 04:39:50.018716
tic_datetime.strftime: 2020-12-06 04:39:50.018716
tic_walltime: 1607247590.0187385
tic_cpu: 101971.281134
=====================================================

RTargetNet(
  (layers): Sequential(
    (0): Linear(in_features=100, out_features=32, bias=True)
    (1): LeakyReLU(negative_slope=0.25, inplace=True)
  )
)
RNet(
  (layers): Sequential(
    (0): Linear(in_features=100, out_features=32, bias=True)
    (1): LeakyReLU(negative_slope=0.2, inplace=True)
    (2): Dropout(p=0.1, inplace=False)
  )
)
************Current Result**************
AUC-ROC: 0.9837, AUC-PR: 0.5341
test tree id: 7 tic time.
=====================================================
tic_datetime: 2020-12-06 04:39:50.136681
tic_datetime.strftime: 2020-12-06 04:39:50.136681
tic_walltime: 1607247590.1367314
tic_cpu: 101972.280427
=====================================================

train tree id: 8 tic time.
=====================================================
tic_datetime: 2020-12-06 04:39:50.207168
tic_datetime.strftime: 2020-12-06 04:39:50.207168
tic_walltime: 1607247590.2072318
tic_cpu: 101972.870333
=====================================================

RTargetNet(
  (layers): Sequential(
    (0): Linear(in_features=100, out_features=32, bias=True)
    (1): LeakyReLU(negative_slope=0.25, inplace=True)
  )
)
RNet(
  (layers): Sequential(
    (0): Linear(in_features=100, out_features=32, bias=True)
    (1): LeakyReLU(negative_slope=0.2, inplace=True)
    (2): Dropout(p=0.1, inplace=False)
  )
)
tree_id: 9 level: 1
keep_pos.size == 10000
epoch  0 gap_loss: 0.008803275
tree_id: 9 level: 1
keep_pos.size == 10000
epoch  24 gap_loss: 0.005788685
tree_id: 9 level: 1
keep_pos.size == 10000
epoch  48 gap_loss: 0.003740728
tree_id: 9 level: 1
keep_pos.size == 10000
epoch  72 gap_loss: 0.0021637846
tree_id: 9 level: 1
keep_pos.size == 10000
epoch  96 gap_loss: 0.0021517454
tree_id: 9 level: 1
keep_pos.size == 10000
epoch  120 gap_loss: 0.0014778066
tree_id: 9 level: 1
keep_pos.size == 10000
epoch  144 gap_loss: 0.0014764124
tree_id: 9 level: 1
keep_pos.size == 10000
epoch  168 gap_loss: 0.0015718627
tree_id: 9 level: 1
keep_pos.size == 10000
epoch  192 gap_loss: 0.0017889288
RTargetNet(
  (layers): Sequential(
    (0): Linear(in_features=100, out_features=32, bias=True)
    (1): LeakyReLU(negative_slope=0.25, inplace=True)
  )
)
RNet(
  (layers): Sequential(
    (0): Linear(in_features=100, out_features=32, bias=True)
    (1): LeakyReLU(negative_slope=0.2, inplace=True)
    (2): Dropout(p=0.1, inplace=False)
  )
)
tree_id: 9 level: 2
keep_pos.size == 9500
epoch  0 gap_loss: 0.0051019895
tree_id: 9 level: 2
keep_pos.size == 9500
epoch  24 gap_loss: 0.001926831
tree_id: 9 level: 2
keep_pos.size == 9500
epoch  48 gap_loss: 0.0016403499
tree_id: 9 level: 2
keep_pos.size == 9500
epoch  72 gap_loss: 0.0011359302
tree_id: 9 level: 2
keep_pos.size == 9500
epoch  96 gap_loss: 0.0011921634
tree_id: 9 level: 2
keep_pos.size == 9500
epoch  120 gap_loss: 0.0010370726
tree_id: 9 level: 2
keep_pos.size == 9500
epoch  144 gap_loss: 0.0010267452
tree_id: 9 level: 2
keep_pos.size == 9500
epoch  168 gap_loss: 0.0009002288
tree_id: 9 level: 2
keep_pos.size == 9500
epoch  192 gap_loss: 0.001030583
RTargetNet(
  (layers): Sequential(
    (0): Linear(in_features=100, out_features=32, bias=True)
    (1): LeakyReLU(negative_slope=0.25, inplace=True)
  )
)
RNet(
  (layers): Sequential(
    (0): Linear(in_features=100, out_features=32, bias=True)
    (1): LeakyReLU(negative_slope=0.2, inplace=True)
    (2): Dropout(p=0.1, inplace=False)
  )
)
tree_id: 9 level: 3
keep_pos.size == 9025
epoch  0 gap_loss: 0.002390551
tree_id: 9 level: 3
keep_pos.size == 9025
epoch  24 gap_loss: 0.0011660355
tree_id: 9 level: 3
keep_pos.size == 9025
epoch  48 gap_loss: 0.0006619681
tree_id: 9 level: 3
keep_pos.size == 9025
epoch  72 gap_loss: 0.00068726484
tree_id: 9 level: 3
keep_pos.size == 9025
epoch  96 gap_loss: 0.00043560163
tree_id: 9 level: 3
keep_pos.size == 9025
epoch  120 gap_loss: 0.00058114657
tree_id: 9 level: 3
keep_pos.size == 9025
epoch  144 gap_loss: 0.00034328026
tree_id: 9 level: 3
keep_pos.size == 9025
epoch  168 gap_loss: 0.0003375246
tree_id: 9 level: 3
keep_pos.size == 9025
epoch  192 gap_loss: 0.00017094178
RTargetNet(
  (layers): Sequential(
    (0): Linear(in_features=100, out_features=32, bias=True)
    (1): LeakyReLU(negative_slope=0.25, inplace=True)
  )
)
RNet(
  (layers): Sequential(
    (0): Linear(in_features=100, out_features=32, bias=True)
    (1): LeakyReLU(negative_slope=0.2, inplace=True)
    (2): Dropout(p=0.1, inplace=False)
  )
)
tree_id: 9 level: 4
keep_pos.size == 8574
epoch  0 gap_loss: 0.0018202717
tree_id: 9 level: 4
keep_pos.size == 8574
epoch  24 gap_loss: 0.0005710973
tree_id: 9 level: 4
keep_pos.size == 8574
epoch  48 gap_loss: 0.00038459958
tree_id: 9 level: 4
keep_pos.size == 8574
epoch  72 gap_loss: 0.00026430597
tree_id: 9 level: 4
keep_pos.size == 8574
epoch  96 gap_loss: 0.00024517768
tree_id: 9 level: 4
keep_pos.size == 8574
epoch  120 gap_loss: 0.00028714084
tree_id: 9 level: 4
keep_pos.size == 8574
epoch  144 gap_loss: 0.0003571349
tree_id: 9 level: 4
keep_pos.size == 8574
epoch  168 gap_loss: 0.00024772718
tree_id: 9 level: 4
keep_pos.size == 8574
epoch  192 gap_loss: 0.00022039606
RTargetNet(
  (layers): Sequential(
    (0): Linear(in_features=100, out_features=32, bias=True)
    (1): LeakyReLU(negative_slope=0.25, inplace=True)
  )
)
RNet(
  (layers): Sequential(
    (0): Linear(in_features=100, out_features=32, bias=True)
    (1): LeakyReLU(negative_slope=0.2, inplace=True)
    (2): Dropout(p=0.1, inplace=False)
  )
)
tree_id: 9 level: 5
keep_pos.size == 8146
epoch  0 gap_loss: 0.0015782978
tree_id: 9 level: 5
keep_pos.size == 8146
epoch  24 gap_loss: 0.00060145365
tree_id: 9 level: 5
keep_pos.size == 8146
epoch  48 gap_loss: 0.00029853167
tree_id: 9 level: 5
keep_pos.size == 8146
epoch  72 gap_loss: 0.00016059718
tree_id: 9 level: 5
keep_pos.size == 8146
epoch  96 gap_loss: 0.00014483658
tree_id: 9 level: 5
keep_pos.size == 8146
epoch  120 gap_loss: 5.3154155e-05
tree_id: 9 level: 5
keep_pos.size == 8146
epoch  144 gap_loss: 0.00011248715
tree_id: 9 level: 5
keep_pos.size == 8146
epoch  168 gap_loss: 4.7843612e-05
tree_id: 9 level: 5
keep_pos.size == 8146
epoch  192 gap_loss: 8.1262755e-05
RTargetNet(
  (layers): Sequential(
    (0): Linear(in_features=100, out_features=32, bias=True)
    (1): LeakyReLU(negative_slope=0.25, inplace=True)
  )
)
RNet(
  (layers): Sequential(
    (0): Linear(in_features=100, out_features=32, bias=True)
    (1): LeakyReLU(negative_slope=0.2, inplace=True)
    (2): Dropout(p=0.1, inplace=False)
  )
)
tree_id: 9 level: 6
keep_pos.size == 7739
epoch  0 gap_loss: 0.00015652116
tree_id: 9 level: 6
keep_pos.size == 7739
epoch  24 gap_loss: 5.1835836e-05
tree_id: 9 level: 6
keep_pos.size == 7739
epoch  48 gap_loss: 6.665867e-05
tree_id: 9 level: 6
keep_pos.size == 7739
epoch  72 gap_loss: 4.443201e-06
tree_id: 9 level: 6
keep_pos.size == 7739
epoch  96 gap_loss: 4.8549253e-05
tree_id: 9 level: 6
keep_pos.size == 7739
epoch  120 gap_loss: 3.8866434e-05
tree_id: 9 level: 6
keep_pos.size == 7739
epoch  144 gap_loss: 3.497136e-05
tree_id: 9 level: 6
keep_pos.size == 7739
epoch  168 gap_loss: 1.75731e-05
tree_id: 9 level: 6
keep_pos.size == 7739
epoch  192 gap_loss: 9.812896e-06
RTargetNet(
  (layers): Sequential(
    (0): Linear(in_features=100, out_features=32, bias=True)
    (1): LeakyReLU(negative_slope=0.25, inplace=True)
  )
)
RNet(
  (layers): Sequential(
    (0): Linear(in_features=100, out_features=32, bias=True)
    (1): LeakyReLU(negative_slope=0.2, inplace=True)
    (2): Dropout(p=0.1, inplace=False)
  )
)
tree_id: 9 level: 7
keep_pos.size == 7353
epoch  0 gap_loss: 0.0
tree_id: 9 level: 7
keep_pos.size == 7353
epoch  24 gap_loss: 0.0
tree_id: 9 level: 7
keep_pos.size == 7353
epoch  48 gap_loss: 0.0
tree_id: 9 level: 7
keep_pos.size == 7353
epoch  72 gap_loss: 0.0
tree_id: 9 level: 7
keep_pos.size == 7353
epoch  96 gap_loss: 0.0
tree_id: 9 level: 7
keep_pos.size == 7353
epoch  120 gap_loss: 0.0
tree_id: 9 level: 7
keep_pos.size == 7353
epoch  144 gap_loss: 0.0
tree_id: 9 level: 7
keep_pos.size == 7353
epoch  168 gap_loss: 0.0
tree_id: 9 level: 7
keep_pos.size == 7353
epoch  192 gap_loss: 0.0
RTargetNet(
  (layers): Sequential(
    (0): Linear(in_features=100, out_features=32, bias=True)
    (1): LeakyReLU(negative_slope=0.25, inplace=True)
  )
)
RNet(
  (layers): Sequential(
    (0): Linear(in_features=100, out_features=32, bias=True)
    (1): LeakyReLU(negative_slope=0.2, inplace=True)
    (2): Dropout(p=0.1, inplace=False)
  )
)
tree_id: 9 level: 8
keep_pos.size == 6986
epoch  0 gap_loss: 0.0
tree_id: 9 level: 8
keep_pos.size == 6986
epoch  24 gap_loss: 0.0
tree_id: 9 level: 8
keep_pos.size == 6986
epoch  48 gap_loss: 0.0
tree_id: 9 level: 8
keep_pos.size == 6986
epoch  72 gap_loss: 0.0
tree_id: 9 level: 8
keep_pos.size == 6986
epoch  96 gap_loss: 0.0
tree_id: 9 level: 8
keep_pos.size == 6986
epoch  120 gap_loss: 0.0
tree_id: 9 level: 8
keep_pos.size == 6986
epoch  144 gap_loss: 0.0
tree_id: 9 level: 8
keep_pos.size == 6986
epoch  168 gap_loss: 0.0
tree_id: 9 level: 8
keep_pos.size == 6986
epoch  192 gap_loss: 0.0
train tree id: 8 tic time end.
=====================================================
tic_datetime: 2020-12-06 05:06:24.381797
tic_datetime.strftime: 2020-12-06 05:06:24.381797
tic_walltime: 1607249184.381882
tic_cpu: 116322.737342
=====================================================

test tree id: 8 tic time.
=====================================================
tic_datetime: 2020-12-06 05:06:24.381996
tic_datetime.strftime: 2020-12-06 05:06:24.381996
tic_walltime: 1607249184.3820176
tic_cpu: 116322.737918
=====================================================

RTargetNet(
  (layers): Sequential(
    (0): Linear(in_features=100, out_features=32, bias=True)
    (1): LeakyReLU(negative_slope=0.25, inplace=True)
  )
)
RNet(
  (layers): Sequential(
    (0): Linear(in_features=100, out_features=32, bias=True)
    (1): LeakyReLU(negative_slope=0.2, inplace=True)
    (2): Dropout(p=0.1, inplace=False)
  )
)
************Current Result**************
AUC-ROC: 0.9855, AUC-PR: 0.5283
test tree id: 8 tic time.
=====================================================
tic_datetime: 2020-12-06 05:06:24.436890
tic_datetime.strftime: 2020-12-06 05:06:24.436890
tic_walltime: 1607249184.4369438
tic_cpu: 116323.209765
=====================================================

train tree id: 9 tic time.
=====================================================
tic_datetime: 2020-12-06 05:06:24.496653
tic_datetime.strftime: 2020-12-06 05:06:24.496653
tic_walltime: 1607249184.496717
tic_cpu: 116323.707494
=====================================================

RTargetNet(
  (layers): Sequential(
    (0): Linear(in_features=100, out_features=32, bias=True)
    (1): LeakyReLU(negative_slope=0.25, inplace=True)
  )
)
RNet(
  (layers): Sequential(
    (0): Linear(in_features=100, out_features=32, bias=True)
    (1): LeakyReLU(negative_slope=0.2, inplace=True)
    (2): Dropout(p=0.1, inplace=False)
  )
)
tree_id: 10 level: 1
keep_pos.size == 10000
epoch  0 gap_loss: 0.011124068
tree_id: 10 level: 1
keep_pos.size == 10000
epoch  24 gap_loss: 0.0033341618
tree_id: 10 level: 1
keep_pos.size == 10000
epoch  48 gap_loss: 0.0034623551
tree_id: 10 level: 1
keep_pos.size == 10000
epoch  72 gap_loss: 0.0031153224
tree_id: 10 level: 1
keep_pos.size == 10000
epoch  96 gap_loss: 0.0023809355
tree_id: 10 level: 1
keep_pos.size == 10000
epoch  120 gap_loss: 0.002385886
tree_id: 10 level: 1
keep_pos.size == 10000
epoch  144 gap_loss: 0.001705185
tree_id: 10 level: 1
keep_pos.size == 10000
epoch  168 gap_loss: 0.0013825316
tree_id: 10 level: 1
keep_pos.size == 10000
epoch  192 gap_loss: 0.0014141998
RTargetNet(
  (layers): Sequential(
    (0): Linear(in_features=100, out_features=32, bias=True)
    (1): LeakyReLU(negative_slope=0.25, inplace=True)
  )
)
RNet(
  (layers): Sequential(
    (0): Linear(in_features=100, out_features=32, bias=True)
    (1): LeakyReLU(negative_slope=0.2, inplace=True)
    (2): Dropout(p=0.1, inplace=False)
  )
)
tree_id: 10 level: 2
keep_pos.size == 9500
epoch  0 gap_loss: 0.0057667615
tree_id: 10 level: 2
keep_pos.size == 9500
epoch  24 gap_loss: 0.0022961681
tree_id: 10 level: 2
keep_pos.size == 9500
epoch  48 gap_loss: 0.0014552515
tree_id: 10 level: 2
keep_pos.size == 9500
epoch  72 gap_loss: 0.0016093396
tree_id: 10 level: 2
keep_pos.size == 9500
epoch  96 gap_loss: 0.0012425643
tree_id: 10 level: 2
keep_pos.size == 9500
epoch  120 gap_loss: 0.00126772
tree_id: 10 level: 2
keep_pos.size == 9500
epoch  144 gap_loss: 0.0008846518
tree_id: 10 level: 2
keep_pos.size == 9500
epoch  168 gap_loss: 0.00084147934
tree_id: 10 level: 2
keep_pos.size == 9500
epoch  192 gap_loss: 0.00081373204
RTargetNet(
  (layers): Sequential(
    (0): Linear(in_features=100, out_features=32, bias=True)
    (1): LeakyReLU(negative_slope=0.25, inplace=True)
  )
)
RNet(
  (layers): Sequential(
    (0): Linear(in_features=100, out_features=32, bias=True)
    (1): LeakyReLU(negative_slope=0.2, inplace=True)
    (2): Dropout(p=0.1, inplace=False)
  )
)
tree_id: 10 level: 3
keep_pos.size == 9025
epoch  0 gap_loss: 0.002864646
tree_id: 10 level: 3
keep_pos.size == 9025
epoch  24 gap_loss: 0.0010043099
tree_id: 10 level: 3
keep_pos.size == 9025
epoch  48 gap_loss: 0.0008030158
tree_id: 10 level: 3
keep_pos.size == 9025
epoch  72 gap_loss: 0.0007347052
tree_id: 10 level: 3
keep_pos.size == 9025
epoch  96 gap_loss: 0.00050872366
tree_id: 10 level: 3
keep_pos.size == 9025
epoch  120 gap_loss: 0.00045275007
tree_id: 10 level: 3
keep_pos.size == 9025
epoch  144 gap_loss: 0.00050375337
tree_id: 10 level: 3
keep_pos.size == 9025
epoch  168 gap_loss: 0.0002748366
tree_id: 10 level: 3
keep_pos.size == 9025
epoch  192 gap_loss: 0.00025432333
RTargetNet(
  (layers): Sequential(
    (0): Linear(in_features=100, out_features=32, bias=True)
    (1): LeakyReLU(negative_slope=0.25, inplace=True)
  )
)
RNet(
  (layers): Sequential(
    (0): Linear(in_features=100, out_features=32, bias=True)
    (1): LeakyReLU(negative_slope=0.2, inplace=True)
    (2): Dropout(p=0.1, inplace=False)
  )
)
tree_id: 10 level: 4
keep_pos.size == 8574
epoch  0 gap_loss: 0.0013061058
tree_id: 10 level: 4
keep_pos.size == 8574
epoch  24 gap_loss: 0.00048700365
tree_id: 10 level: 4
keep_pos.size == 8574
epoch  48 gap_loss: 0.00026804197
tree_id: 10 level: 4
keep_pos.size == 8574
epoch  72 gap_loss: 0.00019003979
tree_id: 10 level: 4
keep_pos.size == 8574
epoch  96 gap_loss: 0.00022941126
tree_id: 10 level: 4
keep_pos.size == 8574
epoch  120 gap_loss: 0.00020527284
tree_id: 10 level: 4
keep_pos.size == 8574
epoch  144 gap_loss: 0.00015252066
tree_id: 10 level: 4
keep_pos.size == 8574
epoch  168 gap_loss: 0.0001789752
tree_id: 10 level: 4
keep_pos.size == 8574
epoch  192 gap_loss: 0.00013106434
RTargetNet(
  (layers): Sequential(
    (0): Linear(in_features=100, out_features=32, bias=True)
    (1): LeakyReLU(negative_slope=0.25, inplace=True)
  )
)
RNet(
  (layers): Sequential(
    (0): Linear(in_features=100, out_features=32, bias=True)
    (1): LeakyReLU(negative_slope=0.2, inplace=True)
    (2): Dropout(p=0.1, inplace=False)
  )
)
tree_id: 10 level: 5
keep_pos.size == 8146
epoch  0 gap_loss: 0.0006041459
tree_id: 10 level: 5
keep_pos.size == 8146
epoch  24 gap_loss: 0.00022990548
tree_id: 10 level: 5
keep_pos.size == 8146
epoch  48 gap_loss: 0.0001230263
tree_id: 10 level: 5
keep_pos.size == 8146
epoch  72 gap_loss: 8.556228e-05
tree_id: 10 level: 5
keep_pos.size == 8146
epoch  96 gap_loss: 6.7956455e-05
tree_id: 10 level: 5
keep_pos.size == 8146
epoch  120 gap_loss: 6.829895e-05
tree_id: 10 level: 5
keep_pos.size == 8146
epoch  144 gap_loss: 6.486806e-05
tree_id: 10 level: 5
keep_pos.size == 8146
epoch  168 gap_loss: 4.659562e-05
tree_id: 10 level: 5
keep_pos.size == 8146
epoch  192 gap_loss: 5.3013056e-05
RTargetNet(
  (layers): Sequential(
    (0): Linear(in_features=100, out_features=32, bias=True)
    (1): LeakyReLU(negative_slope=0.25, inplace=True)
  )
)
RNet(
  (layers): Sequential(
    (0): Linear(in_features=100, out_features=32, bias=True)
    (1): LeakyReLU(negative_slope=0.2, inplace=True)
    (2): Dropout(p=0.1, inplace=False)
  )
)
tree_id: 10 level: 6
keep_pos.size == 7739
epoch  0 gap_loss: 0.0
tree_id: 10 level: 6
keep_pos.size == 7739
epoch  24 gap_loss: 0.0
tree_id: 10 level: 6
keep_pos.size == 7739
epoch  48 gap_loss: 0.0
tree_id: 10 level: 6
keep_pos.size == 7739
epoch  72 gap_loss: 0.0
tree_id: 10 level: 6
keep_pos.size == 7739
epoch  96 gap_loss: 0.0
tree_id: 10 level: 6
keep_pos.size == 7739
epoch  120 gap_loss: 0.0
tree_id: 10 level: 6
keep_pos.size == 7739
epoch  144 gap_loss: 0.0
tree_id: 10 level: 6
keep_pos.size == 7739
epoch  168 gap_loss: 0.0
tree_id: 10 level: 6
keep_pos.size == 7739
epoch  192 gap_loss: 0.0
RTargetNet(
  (layers): Sequential(
    (0): Linear(in_features=100, out_features=32, bias=True)
    (1): LeakyReLU(negative_slope=0.25, inplace=True)
  )
)
RNet(
  (layers): Sequential(
    (0): Linear(in_features=100, out_features=32, bias=True)
    (1): LeakyReLU(negative_slope=0.2, inplace=True)
    (2): Dropout(p=0.1, inplace=False)
  )
)
tree_id: 10 level: 7
keep_pos.size == 7353
epoch  0 gap_loss: 0.0
tree_id: 10 level: 7
keep_pos.size == 7353
epoch  24 gap_loss: 0.0
tree_id: 10 level: 7
keep_pos.size == 7353
epoch  48 gap_loss: 0.0
tree_id: 10 level: 7
keep_pos.size == 7353
epoch  72 gap_loss: 0.0
tree_id: 10 level: 7
keep_pos.size == 7353
epoch  96 gap_loss: 0.0
tree_id: 10 level: 7
keep_pos.size == 7353
epoch  120 gap_loss: 0.0
tree_id: 10 level: 7
keep_pos.size == 7353
epoch  144 gap_loss: 0.0
tree_id: 10 level: 7
keep_pos.size == 7353
epoch  168 gap_loss: 0.0
tree_id: 10 level: 7
keep_pos.size == 7353
epoch  192 gap_loss: 0.0
RTargetNet(
  (layers): Sequential(
    (0): Linear(in_features=100, out_features=32, bias=True)
    (1): LeakyReLU(negative_slope=0.25, inplace=True)
  )
)
RNet(
  (layers): Sequential(
    (0): Linear(in_features=100, out_features=32, bias=True)
    (1): LeakyReLU(negative_slope=0.2, inplace=True)
    (2): Dropout(p=0.1, inplace=False)
  )
)
tree_id: 10 level: 8
keep_pos.size == 6986
epoch  0 gap_loss: 0.0
tree_id: 10 level: 8
keep_pos.size == 6986
epoch  24 gap_loss: 0.0
tree_id: 10 level: 8
keep_pos.size == 6986
epoch  48 gap_loss: 0.0
tree_id: 10 level: 8
keep_pos.size == 6986
epoch  72 gap_loss: 0.0
tree_id: 10 level: 8
keep_pos.size == 6986
epoch  96 gap_loss: 0.0
tree_id: 10 level: 8
keep_pos.size == 6986
epoch  120 gap_loss: 0.0
tree_id: 10 level: 8
keep_pos.size == 6986
epoch  144 gap_loss: 0.0
tree_id: 10 level: 8
keep_pos.size == 6986
epoch  168 gap_loss: 0.0
tree_id: 10 level: 8
keep_pos.size == 6986
epoch  192 gap_loss: 0.0
train tree id: 9 tic time end.
=====================================================
tic_datetime: 2020-12-06 05:29:13.249232
tic_datetime.strftime: 2020-12-06 05:29:13.249232
tic_walltime: 1607250553.2493086
tic_cpu: 129991.85586
=====================================================

test tree id: 9 tic time.
=====================================================
tic_datetime: 2020-12-06 05:29:13.249419
tic_datetime.strftime: 2020-12-06 05:29:13.249419
tic_walltime: 1607250553.249445
tic_cpu: 129991.856393
=====================================================

RTargetNet(
  (layers): Sequential(
    (0): Linear(in_features=100, out_features=32, bias=True)
    (1): LeakyReLU(negative_slope=0.25, inplace=True)
  )
)
RNet(
  (layers): Sequential(
    (0): Linear(in_features=100, out_features=32, bias=True)
    (1): LeakyReLU(negative_slope=0.2, inplace=True)
    (2): Dropout(p=0.1, inplace=False)
  )
)
************Current Result**************
AUC-ROC: 0.9795, AUC-PR: 0.4438
test tree id: 9 tic time.
=====================================================
tic_datetime: 2020-12-06 05:29:13.304475
tic_datetime.strftime: 2020-12-06 05:29:13.304475
tic_walltime: 1607250553.3045304
tic_cpu: 129992.34871
=====================================================

***************** Anomaly *****************
[0.12074283 0.1000856  0.11797999 0.41570507 0.09317477 0.17134753
 0.15582143 0.14707449 0.13519964 0.07842263 0.08803188 0.14711546
 0.54102059 0.17745901 0.29619444 0.15645478 0.27582066 0.07567295
 0.46156896 0.38404965 0.06040647 0.12183264 0.12182763 0.2653185
 0.09744024 0.13783903 0.19201298 0.1580893  0.06007166 0.14439569]
mean: 0.163261937001454, std: 0.1027864374628675
***************** Normality *****************
[0.         0.         0.         0.01851841 0.         0.
 0.         0.         0.         0.         0.05688118 0.
 0.         0.         0.         0.01851701 0.         0.
 0.         0.         0.         0.         0.         0.03523197
 0.25125663 0.         0.         0.         0.         0.        ]
mean: 0.008737844090957783, std: 0.02452982809340687
***************** Total roc_auc *****************
[0.9862293233082706, 0.9829962406015037, 0.9830300751879698, 0.9887443609022556, 0.9855639097744361, 0.9845075187969925, 0.9849736842105263, 0.9836954887218046, 0.9854999999999999, 0.9795075187969925]
***************** Total ap *****************
[0.5477944666910183, 0.4872444252863202, 0.501960911471452, 0.608664556586559, 0.5737599781273605, 0.5331605381365354, 0.552127245212381, 0.5341454938870757, 0.528264517482874, 0.4437760018196244]
AUC-ROC: 0.9863, AUC-PR: 0.5660
