nohup: ignoring input
Running in DEV_MODE!
Data shape: (1066, 19)
Init tic time.
=====================================================
tic_datetime: 2020-12-06 01:07:46.177182
tic_datetime.strftime: 2020-12-06 01:07:46.177182
tic_walltime: 1607234866.177236
tic_cpu: 2.483975
=====================================================

train tree id: 0 tic time.
=====================================================
tic_datetime: 2020-12-06 01:07:46.201581
tic_datetime.strftime: 2020-12-06 01:07:46.201581
tic_walltime: 1607234866.2016413
tic_cpu: 2.508375
=====================================================

RTargetNet(
  (layers): Sequential(
    (0): Linear(in_features=19, out_features=8, bias=True)
    (1): LeakyReLU(negative_slope=0.25, inplace=True)
  )
)
RNet(
  (layers): Sequential(
    (0): Linear(in_features=19, out_features=8, bias=True)
    (1): LeakyReLU(negative_slope=0.2, inplace=True)
    (2): Dropout(p=0.1, inplace=False)
  )
)
tree_id: 1 level: 1
keep_pos.size == 10000
epoch  0 gap_loss: 0.09341337
tree_id: 1 level: 1
keep_pos.size == 10000
epoch  24 gap_loss: 0.0034990713
tree_id: 1 level: 1
keep_pos.size == 10000
epoch  48 gap_loss: 0.013539309
tree_id: 1 level: 1
keep_pos.size == 10000
epoch  72 gap_loss: 0.014007783
tree_id: 1 level: 1
keep_pos.size == 10000
epoch  96 gap_loss: 0.009825619
tree_id: 1 level: 1
keep_pos.size == 10000
epoch  120 gap_loss: 0.015702788
tree_id: 1 level: 1
keep_pos.size == 10000
epoch  144 gap_loss: 0.0077310945
tree_id: 1 level: 1
keep_pos.size == 10000
epoch  168 gap_loss: 0.014912748
tree_id: 1 level: 1
keep_pos.size == 10000
epoch  192 gap_loss: 0.011311039
RTargetNet(
  (layers): Sequential(
    (0): Linear(in_features=19, out_features=8, bias=True)
    (1): LeakyReLU(negative_slope=0.25, inplace=True)
  )
)
RNet(
  (layers): Sequential(
    (0): Linear(in_features=19, out_features=8, bias=True)
    (1): LeakyReLU(negative_slope=0.2, inplace=True)
    (2): Dropout(p=0.1, inplace=False)
  )
)
tree_id: 1 level: 2
keep_pos.size == 9500
epoch  0 gap_loss: 0.11762141
tree_id: 1 level: 2
keep_pos.size == 9500
epoch  24 gap_loss: 0.018516561
tree_id: 1 level: 2
keep_pos.size == 9500
epoch  48 gap_loss: 0.017895306
tree_id: 1 level: 2
keep_pos.size == 9500
epoch  72 gap_loss: 0.007988129
tree_id: 1 level: 2
keep_pos.size == 9500
epoch  96 gap_loss: 0.016535223
tree_id: 1 level: 2
keep_pos.size == 9500
epoch  120 gap_loss: 0.011248114
tree_id: 1 level: 2
keep_pos.size == 9500
epoch  144 gap_loss: 0.020130772
tree_id: 1 level: 2
keep_pos.size == 9500
epoch  168 gap_loss: 0.008356631
tree_id: 1 level: 2
keep_pos.size == 9500
epoch  192 gap_loss: 0.013560782
RTargetNet(
  (layers): Sequential(
    (0): Linear(in_features=19, out_features=8, bias=True)
    (1): LeakyReLU(negative_slope=0.25, inplace=True)
  )
)
RNet(
  (layers): Sequential(
    (0): Linear(in_features=19, out_features=8, bias=True)
    (1): LeakyReLU(negative_slope=0.2, inplace=True)
    (2): Dropout(p=0.1, inplace=False)
  )
)
tree_id: 1 level: 3
keep_pos.size == 9025
epoch  0 gap_loss: 0.07513572
tree_id: 1 level: 3
keep_pos.size == 9025
epoch  24 gap_loss: 0.026127594
tree_id: 1 level: 3
keep_pos.size == 9025
epoch  48 gap_loss: 0.01935509
tree_id: 1 level: 3
keep_pos.size == 9025
epoch  72 gap_loss: 0.02257483
tree_id: 1 level: 3
keep_pos.size == 9025
epoch  96 gap_loss: 0.027168103
tree_id: 1 level: 3
keep_pos.size == 9025
epoch  120 gap_loss: 0.030180145
tree_id: 1 level: 3
keep_pos.size == 9025
epoch  144 gap_loss: 0.010591326
tree_id: 1 level: 3
keep_pos.size == 9025
epoch  168 gap_loss: 0.015441486
tree_id: 1 level: 3
keep_pos.size == 9025
epoch  192 gap_loss: 0.013953268
RTargetNet(
  (layers): Sequential(
    (0): Linear(in_features=19, out_features=8, bias=True)
    (1): LeakyReLU(negative_slope=0.25, inplace=True)
  )
)
RNet(
  (layers): Sequential(
    (0): Linear(in_features=19, out_features=8, bias=True)
    (1): LeakyReLU(negative_slope=0.2, inplace=True)
    (2): Dropout(p=0.1, inplace=False)
  )
)
tree_id: 1 level: 4
keep_pos.size == 8574
epoch  0 gap_loss: 0.06553367
tree_id: 1 level: 4
keep_pos.size == 8574
epoch  24 gap_loss: 0.007550553
tree_id: 1 level: 4
keep_pos.size == 8574
epoch  48 gap_loss: 0.009279812
tree_id: 1 level: 4
keep_pos.size == 8574
epoch  72 gap_loss: 0.0038803334
tree_id: 1 level: 4
keep_pos.size == 8574
epoch  96 gap_loss: 0.010371193
tree_id: 1 level: 4
keep_pos.size == 8574
epoch  120 gap_loss: 0.01054628
tree_id: 1 level: 4
keep_pos.size == 8574
epoch  144 gap_loss: 0.00651285
tree_id: 1 level: 4
keep_pos.size == 8574
epoch  168 gap_loss: 0.00963085
tree_id: 1 level: 4
keep_pos.size == 8574
epoch  192 gap_loss: 0.006571371
RTargetNet(
  (layers): Sequential(
    (0): Linear(in_features=19, out_features=8, bias=True)
    (1): LeakyReLU(negative_slope=0.25, inplace=True)
  )
)
RNet(
  (layers): Sequential(
    (0): Linear(in_features=19, out_features=8, bias=True)
    (1): LeakyReLU(negative_slope=0.2, inplace=True)
    (2): Dropout(p=0.1, inplace=False)
  )
)
tree_id: 1 level: 5
keep_pos.size == 8146
epoch  0 gap_loss: 0.17748618
tree_id: 1 level: 5
keep_pos.size == 8146
epoch  24 gap_loss: 0.0400845
tree_id: 1 level: 5
keep_pos.size == 8146
epoch  48 gap_loss: 0.059289947
tree_id: 1 level: 5
keep_pos.size == 8146
epoch  72 gap_loss: 0.052975934
tree_id: 1 level: 5
keep_pos.size == 8146
epoch  96 gap_loss: 0.043960005
tree_id: 1 level: 5
keep_pos.size == 8146
epoch  120 gap_loss: 0.034019686
tree_id: 1 level: 5
keep_pos.size == 8146
epoch  144 gap_loss: 0.03501104
tree_id: 1 level: 5
keep_pos.size == 8146
epoch  168 gap_loss: 0.049262006
tree_id: 1 level: 5
keep_pos.size == 8146
epoch  192 gap_loss: 0.044509813
RTargetNet(
  (layers): Sequential(
    (0): Linear(in_features=19, out_features=8, bias=True)
    (1): LeakyReLU(negative_slope=0.25, inplace=True)
  )
)
RNet(
  (layers): Sequential(
    (0): Linear(in_features=19, out_features=8, bias=True)
    (1): LeakyReLU(negative_slope=0.2, inplace=True)
    (2): Dropout(p=0.1, inplace=False)
  )
)
tree_id: 1 level: 6
keep_pos.size == 7739
epoch  0 gap_loss: 0.11527701
tree_id: 1 level: 6
keep_pos.size == 7739
epoch  24 gap_loss: 0.039054994
tree_id: 1 level: 6
keep_pos.size == 7739
epoch  48 gap_loss: 0.02742088
tree_id: 1 level: 6
keep_pos.size == 7739
epoch  72 gap_loss: 0.031665124
tree_id: 1 level: 6
keep_pos.size == 7739
epoch  96 gap_loss: 0.013246927
tree_id: 1 level: 6
keep_pos.size == 7739
epoch  120 gap_loss: 0.023407327
tree_id: 1 level: 6
keep_pos.size == 7739
epoch  144 gap_loss: 0.025229506
tree_id: 1 level: 6
keep_pos.size == 7739
epoch  168 gap_loss: 0.011260344
tree_id: 1 level: 6
keep_pos.size == 7739
epoch  192 gap_loss: 0.026590154
RTargetNet(
  (layers): Sequential(
    (0): Linear(in_features=19, out_features=8, bias=True)
    (1): LeakyReLU(negative_slope=0.25, inplace=True)
  )
)
RNet(
  (layers): Sequential(
    (0): Linear(in_features=19, out_features=8, bias=True)
    (1): LeakyReLU(negative_slope=0.2, inplace=True)
    (2): Dropout(p=0.1, inplace=False)
  )
)
tree_id: 1 level: 7
keep_pos.size == 7353
epoch  0 gap_loss: 0.047892515
tree_id: 1 level: 7
keep_pos.size == 7353
epoch  24 gap_loss: 0.007475006
tree_id: 1 level: 7
keep_pos.size == 7353
epoch  48 gap_loss: 0.0048081083
tree_id: 1 level: 7
keep_pos.size == 7353
epoch  72 gap_loss: 0.0061121583
tree_id: 1 level: 7
keep_pos.size == 7353
epoch  96 gap_loss: 0.0049505
tree_id: 1 level: 7
keep_pos.size == 7353
epoch  120 gap_loss: 0.0069721173
tree_id: 1 level: 7
keep_pos.size == 7353
epoch  144 gap_loss: 0.0091585135
tree_id: 1 level: 7
keep_pos.size == 7353
epoch  168 gap_loss: 0.0043914234
tree_id: 1 level: 7
keep_pos.size == 7353
epoch  192 gap_loss: 0.006881099
RTargetNet(
  (layers): Sequential(
    (0): Linear(in_features=19, out_features=8, bias=True)
    (1): LeakyReLU(negative_slope=0.25, inplace=True)
  )
)
RNet(
  (layers): Sequential(
    (0): Linear(in_features=19, out_features=8, bias=True)
    (1): LeakyReLU(negative_slope=0.2, inplace=True)
    (2): Dropout(p=0.1, inplace=False)
  )
)
tree_id: 1 level: 8
keep_pos.size == 6986
epoch  0 gap_loss: 0.076434076
tree_id: 1 level: 8
keep_pos.size == 6986
epoch  24 gap_loss: 0.037302304
tree_id: 1 level: 8
keep_pos.size == 6986
epoch  48 gap_loss: 0.03873422
tree_id: 1 level: 8
keep_pos.size == 6986
epoch  72 gap_loss: 0.029693453
tree_id: 1 level: 8
keep_pos.size == 6986
epoch  96 gap_loss: 0.022525683
tree_id: 1 level: 8
keep_pos.size == 6986
epoch  120 gap_loss: 0.030152077
tree_id: 1 level: 8
keep_pos.size == 6986
epoch  144 gap_loss: 0.018382728
tree_id: 1 level: 8
keep_pos.size == 6986
epoch  168 gap_loss: 0.032902673
tree_id: 1 level: 8
keep_pos.size == 6986
epoch  192 gap_loss: 0.026337247
train tree id: 0 tic time end.
=====================================================
tic_datetime: 2020-12-06 01:16:54.114794
tic_datetime.strftime: 2020-12-06 01:16:54.114794
tic_walltime: 1607235414.1148758
tic_cpu: 361.049084
=====================================================

test tree id: 0 tic time.
=====================================================
tic_datetime: 2020-12-06 01:16:54.115026
tic_datetime.strftime: 2020-12-06 01:16:54.115026
tic_walltime: 1607235414.1150572
tic_cpu: 361.049166
=====================================================

RTargetNet(
  (layers): Sequential(
    (0): Linear(in_features=19, out_features=8, bias=True)
    (1): LeakyReLU(negative_slope=0.25, inplace=True)
  )
)
RNet(
  (layers): Sequential(
    (0): Linear(in_features=19, out_features=8, bias=True)
    (1): LeakyReLU(negative_slope=0.2, inplace=True)
    (2): Dropout(p=0.1, inplace=False)
  )
)
************Current Result**************
AUC-ROC: 0.8194, AUC-PR: 0.1730
test tree id: 0 tic time.
=====================================================
tic_datetime: 2020-12-06 01:16:54.127391
tic_datetime.strftime: 2020-12-06 01:16:54.127391
tic_walltime: 1607235414.127423
tic_cpu: 361.061533
=====================================================

train tree id: 1 tic time.
=====================================================
tic_datetime: 2020-12-06 01:16:54.191038
tic_datetime.strftime: 2020-12-06 01:16:54.191038
tic_walltime: 1607235414.1910772
tic_cpu: 361.09319
=====================================================

RTargetNet(
  (layers): Sequential(
    (0): Linear(in_features=19, out_features=8, bias=True)
    (1): LeakyReLU(negative_slope=0.25, inplace=True)
  )
)
RNet(
  (layers): Sequential(
    (0): Linear(in_features=19, out_features=8, bias=True)
    (1): LeakyReLU(negative_slope=0.2, inplace=True)
    (2): Dropout(p=0.1, inplace=False)
  )
)
tree_id: 2 level: 1
keep_pos.size == 10000
epoch  0 gap_loss: 0.14332357
tree_id: 2 level: 1
keep_pos.size == 10000
epoch  24 gap_loss: 0.025016155
tree_id: 2 level: 1
keep_pos.size == 10000
epoch  48 gap_loss: 0.030925136
tree_id: 2 level: 1
keep_pos.size == 10000
epoch  72 gap_loss: 0.02462515
tree_id: 2 level: 1
keep_pos.size == 10000
epoch  96 gap_loss: 0.02415829
tree_id: 2 level: 1
keep_pos.size == 10000
epoch  120 gap_loss: 0.035468668
tree_id: 2 level: 1
keep_pos.size == 10000
epoch  144 gap_loss: 0.021060212
tree_id: 2 level: 1
keep_pos.size == 10000
epoch  168 gap_loss: 0.01392372
tree_id: 2 level: 1
keep_pos.size == 10000
epoch  192 gap_loss: 0.025534704
RTargetNet(
  (layers): Sequential(
    (0): Linear(in_features=19, out_features=8, bias=True)
    (1): LeakyReLU(negative_slope=0.25, inplace=True)
  )
)
RNet(
  (layers): Sequential(
    (0): Linear(in_features=19, out_features=8, bias=True)
    (1): LeakyReLU(negative_slope=0.2, inplace=True)
    (2): Dropout(p=0.1, inplace=False)
  )
)
tree_id: 2 level: 2
keep_pos.size == 9500
epoch  0 gap_loss: 0.15286326
tree_id: 2 level: 2
keep_pos.size == 9500
epoch  24 gap_loss: 0.015866293
tree_id: 2 level: 2
keep_pos.size == 9500
epoch  48 gap_loss: 0.02024217
tree_id: 2 level: 2
keep_pos.size == 9500
epoch  72 gap_loss: 0.019081807
tree_id: 2 level: 2
keep_pos.size == 9500
epoch  96 gap_loss: 0.02071442
tree_id: 2 level: 2
keep_pos.size == 9500
epoch  120 gap_loss: 0.022223592
tree_id: 2 level: 2
keep_pos.size == 9500
epoch  144 gap_loss: 0.011094249
tree_id: 2 level: 2
keep_pos.size == 9500
epoch  168 gap_loss: 0.020482358
tree_id: 2 level: 2
keep_pos.size == 9500
epoch  192 gap_loss: 0.026799228
RTargetNet(
  (layers): Sequential(
    (0): Linear(in_features=19, out_features=8, bias=True)
    (1): LeakyReLU(negative_slope=0.25, inplace=True)
  )
)
RNet(
  (layers): Sequential(
    (0): Linear(in_features=19, out_features=8, bias=True)
    (1): LeakyReLU(negative_slope=0.2, inplace=True)
    (2): Dropout(p=0.1, inplace=False)
  )
)
tree_id: 2 level: 3
keep_pos.size == 9025
epoch  0 gap_loss: 0.15421674
tree_id: 2 level: 3
keep_pos.size == 9025
epoch  24 gap_loss: 0.021303799
tree_id: 2 level: 3
keep_pos.size == 9025
epoch  48 gap_loss: 0.027346715
tree_id: 2 level: 3
keep_pos.size == 9025
epoch  72 gap_loss: 0.022742696
tree_id: 2 level: 3
keep_pos.size == 9025
epoch  96 gap_loss: 0.02767536
tree_id: 2 level: 3
keep_pos.size == 9025
epoch  120 gap_loss: 0.013602429
tree_id: 2 level: 3
keep_pos.size == 9025
epoch  144 gap_loss: 0.023218723
tree_id: 2 level: 3
keep_pos.size == 9025
epoch  168 gap_loss: 0.01984039
tree_id: 2 level: 3
keep_pos.size == 9025
epoch  192 gap_loss: 0.023816047
RTargetNet(
  (layers): Sequential(
    (0): Linear(in_features=19, out_features=8, bias=True)
    (1): LeakyReLU(negative_slope=0.25, inplace=True)
  )
)
RNet(
  (layers): Sequential(
    (0): Linear(in_features=19, out_features=8, bias=True)
    (1): LeakyReLU(negative_slope=0.2, inplace=True)
    (2): Dropout(p=0.1, inplace=False)
  )
)
tree_id: 2 level: 4
keep_pos.size == 8574
epoch  0 gap_loss: 0.078320704
tree_id: 2 level: 4
keep_pos.size == 8574
epoch  24 gap_loss: 0.0104201045
tree_id: 2 level: 4
keep_pos.size == 8574
epoch  48 gap_loss: 0.008488981
tree_id: 2 level: 4
keep_pos.size == 8574
epoch  72 gap_loss: 0.007952802
tree_id: 2 level: 4
keep_pos.size == 8574
epoch  96 gap_loss: 0.011212078
tree_id: 2 level: 4
keep_pos.size == 8574
epoch  120 gap_loss: 0.009951256
tree_id: 2 level: 4
keep_pos.size == 8574
epoch  144 gap_loss: 0.008186223
tree_id: 2 level: 4
keep_pos.size == 8574
epoch  168 gap_loss: 0.009146014
tree_id: 2 level: 4
keep_pos.size == 8574
epoch  192 gap_loss: 0.0088482965
RTargetNet(
  (layers): Sequential(
    (0): Linear(in_features=19, out_features=8, bias=True)
    (1): LeakyReLU(negative_slope=0.25, inplace=True)
  )
)
RNet(
  (layers): Sequential(
    (0): Linear(in_features=19, out_features=8, bias=True)
    (1): LeakyReLU(negative_slope=0.2, inplace=True)
    (2): Dropout(p=0.1, inplace=False)
  )
)
tree_id: 2 level: 5
keep_pos.size == 8146
epoch  0 gap_loss: 0.12989199
tree_id: 2 level: 5
keep_pos.size == 8146
epoch  24 gap_loss: 0.031611994
tree_id: 2 level: 5
keep_pos.size == 8146
epoch  48 gap_loss: 0.017822227
tree_id: 2 level: 5
keep_pos.size == 8146
epoch  72 gap_loss: 0.022554552
tree_id: 2 level: 5
keep_pos.size == 8146
epoch  96 gap_loss: 0.05132527
tree_id: 2 level: 5
keep_pos.size == 8146
epoch  120 gap_loss: 0.020863038
tree_id: 2 level: 5
keep_pos.size == 8146
epoch  144 gap_loss: 0.03772001
tree_id: 2 level: 5
keep_pos.size == 8146
epoch  168 gap_loss: 0.023089781
tree_id: 2 level: 5
keep_pos.size == 8146
epoch  192 gap_loss: 0.034417346
RTargetNet(
  (layers): Sequential(
    (0): Linear(in_features=19, out_features=8, bias=True)
    (1): LeakyReLU(negative_slope=0.25, inplace=True)
  )
)
RNet(
  (layers): Sequential(
    (0): Linear(in_features=19, out_features=8, bias=True)
    (1): LeakyReLU(negative_slope=0.2, inplace=True)
    (2): Dropout(p=0.1, inplace=False)
  )
)
tree_id: 2 level: 6
keep_pos.size == 7739
epoch  0 gap_loss: 0.041382402
tree_id: 2 level: 6
keep_pos.size == 7739
epoch  24 gap_loss: 0.004818685
tree_id: 2 level: 6
keep_pos.size == 7739
epoch  48 gap_loss: 0.009357765
tree_id: 2 level: 6
keep_pos.size == 7739
epoch  72 gap_loss: 0.013345843
tree_id: 2 level: 6
keep_pos.size == 7739
epoch  96 gap_loss: 0.011139549
tree_id: 2 level: 6
keep_pos.size == 7739
epoch  120 gap_loss: 0.005955211
tree_id: 2 level: 6
keep_pos.size == 7739
epoch  144 gap_loss: 0.008162566
tree_id: 2 level: 6
keep_pos.size == 7739
epoch  168 gap_loss: 0.0040564574
tree_id: 2 level: 6
keep_pos.size == 7739
epoch  192 gap_loss: 0.008733495
RTargetNet(
  (layers): Sequential(
    (0): Linear(in_features=19, out_features=8, bias=True)
    (1): LeakyReLU(negative_slope=0.25, inplace=True)
  )
)
RNet(
  (layers): Sequential(
    (0): Linear(in_features=19, out_features=8, bias=True)
    (1): LeakyReLU(negative_slope=0.2, inplace=True)
    (2): Dropout(p=0.1, inplace=False)
  )
)
tree_id: 2 level: 7
keep_pos.size == 7353
epoch  0 gap_loss: 0.1484443
tree_id: 2 level: 7
keep_pos.size == 7353
epoch  24 gap_loss: 0.028031817
tree_id: 2 level: 7
keep_pos.size == 7353
epoch  48 gap_loss: 0.01775162
tree_id: 2 level: 7
keep_pos.size == 7353
epoch  72 gap_loss: 0.012748733
tree_id: 2 level: 7
keep_pos.size == 7353
epoch  96 gap_loss: 0.011994896
tree_id: 2 level: 7
keep_pos.size == 7353
epoch  120 gap_loss: 0.01645191
tree_id: 2 level: 7
keep_pos.size == 7353
epoch  144 gap_loss: 0.018116131
tree_id: 2 level: 7
keep_pos.size == 7353
epoch  168 gap_loss: 0.021105882
tree_id: 2 level: 7
keep_pos.size == 7353
epoch  192 gap_loss: 0.02606539
RTargetNet(
  (layers): Sequential(
    (0): Linear(in_features=19, out_features=8, bias=True)
    (1): LeakyReLU(negative_slope=0.25, inplace=True)
  )
)
RNet(
  (layers): Sequential(
    (0): Linear(in_features=19, out_features=8, bias=True)
    (1): LeakyReLU(negative_slope=0.2, inplace=True)
    (2): Dropout(p=0.1, inplace=False)
  )
)
tree_id: 2 level: 8
keep_pos.size == 6986
epoch  0 gap_loss: 0.067923605
tree_id: 2 level: 8
keep_pos.size == 6986
epoch  24 gap_loss: 0.03211108
tree_id: 2 level: 8
keep_pos.size == 6986
epoch  48 gap_loss: 0.014346093
tree_id: 2 level: 8
keep_pos.size == 6986
epoch  72 gap_loss: 0.02022839
tree_id: 2 level: 8
keep_pos.size == 6986
epoch  96 gap_loss: 0.023111269
tree_id: 2 level: 8
keep_pos.size == 6986
epoch  120 gap_loss: 0.034590345
tree_id: 2 level: 8
keep_pos.size == 6986
epoch  144 gap_loss: 0.034306042
tree_id: 2 level: 8
keep_pos.size == 6986
epoch  168 gap_loss: 0.02727007
tree_id: 2 level: 8
keep_pos.size == 6986
epoch  192 gap_loss: 0.01593898
train tree id: 1 tic time end.
=====================================================
tic_datetime: 2020-12-06 01:23:43.696834
tic_datetime.strftime: 2020-12-06 01:23:43.696834
tic_walltime: 1607235823.696909
tic_cpu: 706.007186
=====================================================

test tree id: 1 tic time.
=====================================================
tic_datetime: 2020-12-06 01:23:43.697054
tic_datetime.strftime: 2020-12-06 01:23:43.697054
tic_walltime: 1607235823.6970825
tic_cpu: 706.007265
=====================================================

RTargetNet(
  (layers): Sequential(
    (0): Linear(in_features=19, out_features=8, bias=True)
    (1): LeakyReLU(negative_slope=0.25, inplace=True)
  )
)
RNet(
  (layers): Sequential(
    (0): Linear(in_features=19, out_features=8, bias=True)
    (1): LeakyReLU(negative_slope=0.2, inplace=True)
    (2): Dropout(p=0.1, inplace=False)
  )
)
************Current Result**************
AUC-ROC: 0.8294, AUC-PR: 0.1713
test tree id: 1 tic time.
=====================================================
tic_datetime: 2020-12-06 01:23:43.709270
tic_datetime.strftime: 2020-12-06 01:23:43.709270
tic_walltime: 1607235823.7093058
tic_cpu: 706.019409
=====================================================

train tree id: 2 tic time.
=====================================================
tic_datetime: 2020-12-06 01:23:43.741476
tic_datetime.strftime: 2020-12-06 01:23:43.741476
tic_walltime: 1607235823.7415366
tic_cpu: 706.051299
=====================================================

RTargetNet(
  (layers): Sequential(
    (0): Linear(in_features=19, out_features=8, bias=True)
    (1): LeakyReLU(negative_slope=0.25, inplace=True)
  )
)
RNet(
  (layers): Sequential(
    (0): Linear(in_features=19, out_features=8, bias=True)
    (1): LeakyReLU(negative_slope=0.2, inplace=True)
    (2): Dropout(p=0.1, inplace=False)
  )
)
tree_id: 3 level: 1
keep_pos.size == 10000
epoch  0 gap_loss: 0.16775775
tree_id: 3 level: 1
keep_pos.size == 10000
epoch  24 gap_loss: 0.02750812
tree_id: 3 level: 1
keep_pos.size == 10000
epoch  48 gap_loss: 0.022235025
tree_id: 3 level: 1
keep_pos.size == 10000
epoch  72 gap_loss: 0.017901711
tree_id: 3 level: 1
keep_pos.size == 10000
epoch  96 gap_loss: 0.04843299
tree_id: 3 level: 1
keep_pos.size == 10000
epoch  120 gap_loss: 0.040137228
tree_id: 3 level: 1
keep_pos.size == 10000
epoch  144 gap_loss: 0.023275964
tree_id: 3 level: 1
keep_pos.size == 10000
epoch  168 gap_loss: 0.020713609
tree_id: 3 level: 1
keep_pos.size == 10000
epoch  192 gap_loss: 0.0076970803
RTargetNet(
  (layers): Sequential(
    (0): Linear(in_features=19, out_features=8, bias=True)
    (1): LeakyReLU(negative_slope=0.25, inplace=True)
  )
)
RNet(
  (layers): Sequential(
    (0): Linear(in_features=19, out_features=8, bias=True)
    (1): LeakyReLU(negative_slope=0.2, inplace=True)
    (2): Dropout(p=0.1, inplace=False)
  )
)
tree_id: 3 level: 2
keep_pos.size == 9500
epoch  0 gap_loss: 0.12190865
tree_id: 3 level: 2
keep_pos.size == 9500
epoch  24 gap_loss: 0.030367779
tree_id: 3 level: 2
keep_pos.size == 9500
epoch  48 gap_loss: 0.024908416
tree_id: 3 level: 2
keep_pos.size == 9500
epoch  72 gap_loss: 0.030605411
tree_id: 3 level: 2
keep_pos.size == 9500
epoch  96 gap_loss: 0.032881755
tree_id: 3 level: 2
keep_pos.size == 9500
epoch  120 gap_loss: 0.022937134
tree_id: 3 level: 2
keep_pos.size == 9500
epoch  144 gap_loss: 0.020036828
tree_id: 3 level: 2
keep_pos.size == 9500
epoch  168 gap_loss: 0.033280946
tree_id: 3 level: 2
keep_pos.size == 9500
epoch  192 gap_loss: 0.0391536
RTargetNet(
  (layers): Sequential(
    (0): Linear(in_features=19, out_features=8, bias=True)
    (1): LeakyReLU(negative_slope=0.25, inplace=True)
  )
)
RNet(
  (layers): Sequential(
    (0): Linear(in_features=19, out_features=8, bias=True)
    (1): LeakyReLU(negative_slope=0.2, inplace=True)
    (2): Dropout(p=0.1, inplace=False)
  )
)
tree_id: 3 level: 3
keep_pos.size == 9025
epoch  0 gap_loss: 0.16836177
tree_id: 3 level: 3
keep_pos.size == 9025
epoch  24 gap_loss: 0.046801474
tree_id: 3 level: 3
keep_pos.size == 9025
epoch  48 gap_loss: 0.024993993
tree_id: 3 level: 3
keep_pos.size == 9025
epoch  72 gap_loss: 0.031309802
tree_id: 3 level: 3
keep_pos.size == 9025
epoch  96 gap_loss: 0.030933425
tree_id: 3 level: 3
keep_pos.size == 9025
epoch  120 gap_loss: 0.02802777
tree_id: 3 level: 3
keep_pos.size == 9025
epoch  144 gap_loss: 0.036623493
tree_id: 3 level: 3
keep_pos.size == 9025
epoch  168 gap_loss: 0.013576618
tree_id: 3 level: 3
keep_pos.size == 9025
epoch  192 gap_loss: 0.025010098
RTargetNet(
  (layers): Sequential(
    (0): Linear(in_features=19, out_features=8, bias=True)
    (1): LeakyReLU(negative_slope=0.25, inplace=True)
  )
)
RNet(
  (layers): Sequential(
    (0): Linear(in_features=19, out_features=8, bias=True)
    (1): LeakyReLU(negative_slope=0.2, inplace=True)
    (2): Dropout(p=0.1, inplace=False)
  )
)
tree_id: 3 level: 4
keep_pos.size == 8574
epoch  0 gap_loss: 0.11025055
tree_id: 3 level: 4
keep_pos.size == 8574
epoch  24 gap_loss: 0.013293333
tree_id: 3 level: 4
keep_pos.size == 8574
epoch  48 gap_loss: 0.012785241
tree_id: 3 level: 4
keep_pos.size == 8574
epoch  72 gap_loss: 0.017633956
tree_id: 3 level: 4
keep_pos.size == 8574
epoch  96 gap_loss: 0.013739088
tree_id: 3 level: 4
keep_pos.size == 8574
epoch  120 gap_loss: 0.0079176165
tree_id: 3 level: 4
keep_pos.size == 8574
epoch  144 gap_loss: 0.00968961
tree_id: 3 level: 4
keep_pos.size == 8574
epoch  168 gap_loss: 0.018065667
tree_id: 3 level: 4
keep_pos.size == 8574
epoch  192 gap_loss: 0.0103963055
RTargetNet(
  (layers): Sequential(
    (0): Linear(in_features=19, out_features=8, bias=True)
    (1): LeakyReLU(negative_slope=0.25, inplace=True)
  )
)
RNet(
  (layers): Sequential(
    (0): Linear(in_features=19, out_features=8, bias=True)
    (1): LeakyReLU(negative_slope=0.2, inplace=True)
    (2): Dropout(p=0.1, inplace=False)
  )
)
tree_id: 3 level: 5
keep_pos.size == 8146
epoch  0 gap_loss: 0.13904786
tree_id: 3 level: 5
keep_pos.size == 8146
epoch  24 gap_loss: 0.03473766
tree_id: 3 level: 5
keep_pos.size == 8146
epoch  48 gap_loss: 0.028044472
tree_id: 3 level: 5
keep_pos.size == 8146
epoch  72 gap_loss: 0.03767304
tree_id: 3 level: 5
keep_pos.size == 8146
epoch  96 gap_loss: 0.03741012
tree_id: 3 level: 5
keep_pos.size == 8146
epoch  120 gap_loss: 0.030760277
tree_id: 3 level: 5
keep_pos.size == 8146
epoch  144 gap_loss: 0.041221127
tree_id: 3 level: 5
keep_pos.size == 8146
epoch  168 gap_loss: 0.033309117
tree_id: 3 level: 5
keep_pos.size == 8146
epoch  192 gap_loss: 0.067071036
RTargetNet(
  (layers): Sequential(
    (0): Linear(in_features=19, out_features=8, bias=True)
    (1): LeakyReLU(negative_slope=0.25, inplace=True)
  )
)
RNet(
  (layers): Sequential(
    (0): Linear(in_features=19, out_features=8, bias=True)
    (1): LeakyReLU(negative_slope=0.2, inplace=True)
    (2): Dropout(p=0.1, inplace=False)
  )
)
tree_id: 3 level: 6
keep_pos.size == 7739
epoch  0 gap_loss: 0.119638495
tree_id: 3 level: 6
keep_pos.size == 7739
epoch  24 gap_loss: 0.019216016
tree_id: 3 level: 6
keep_pos.size == 7739
epoch  48 gap_loss: 0.022344243
tree_id: 3 level: 6
keep_pos.size == 7739
epoch  72 gap_loss: 0.010032867
tree_id: 3 level: 6
keep_pos.size == 7739
epoch  96 gap_loss: 0.0146920215
tree_id: 3 level: 6
keep_pos.size == 7739
epoch  120 gap_loss: 0.017353132
tree_id: 3 level: 6
keep_pos.size == 7739
epoch  144 gap_loss: 0.021586642
tree_id: 3 level: 6
keep_pos.size == 7739
epoch  168 gap_loss: 0.018213842
tree_id: 3 level: 6
keep_pos.size == 7739
epoch  192 gap_loss: 0.017171716
RTargetNet(
  (layers): Sequential(
    (0): Linear(in_features=19, out_features=8, bias=True)
    (1): LeakyReLU(negative_slope=0.25, inplace=True)
  )
)
RNet(
  (layers): Sequential(
    (0): Linear(in_features=19, out_features=8, bias=True)
    (1): LeakyReLU(negative_slope=0.2, inplace=True)
    (2): Dropout(p=0.1, inplace=False)
  )
)
tree_id: 3 level: 7
keep_pos.size == 7353
epoch  0 gap_loss: 0.23385575
tree_id: 3 level: 7
keep_pos.size == 7353
epoch  24 gap_loss: 0.022776876
tree_id: 3 level: 7
keep_pos.size == 7353
epoch  48 gap_loss: 0.040172156
tree_id: 3 level: 7
keep_pos.size == 7353
epoch  72 gap_loss: 0.035671227
tree_id: 3 level: 7
keep_pos.size == 7353
epoch  96 gap_loss: 0.028836112
tree_id: 3 level: 7
keep_pos.size == 7353
epoch  120 gap_loss: 0.051687337
tree_id: 3 level: 7
keep_pos.size == 7353
epoch  144 gap_loss: 0.034358263
tree_id: 3 level: 7
keep_pos.size == 7353
epoch  168 gap_loss: 0.04889851
tree_id: 3 level: 7
keep_pos.size == 7353
epoch  192 gap_loss: 0.028731944
RTargetNet(
  (layers): Sequential(
    (0): Linear(in_features=19, out_features=8, bias=True)
    (1): LeakyReLU(negative_slope=0.25, inplace=True)
  )
)
RNet(
  (layers): Sequential(
    (0): Linear(in_features=19, out_features=8, bias=True)
    (1): LeakyReLU(negative_slope=0.2, inplace=True)
    (2): Dropout(p=0.1, inplace=False)
  )
)
tree_id: 3 level: 8
keep_pos.size == 6986
epoch  0 gap_loss: 0.076669976
tree_id: 3 level: 8
keep_pos.size == 6986
epoch  24 gap_loss: 0.012066096
tree_id: 3 level: 8
keep_pos.size == 6986
epoch  48 gap_loss: 0.016493255
tree_id: 3 level: 8
keep_pos.size == 6986
epoch  72 gap_loss: 0.018714957
tree_id: 3 level: 8
keep_pos.size == 6986
epoch  96 gap_loss: 0.018962026
tree_id: 3 level: 8
keep_pos.size == 6986
epoch  120 gap_loss: 0.0117045725
tree_id: 3 level: 8
keep_pos.size == 6986
epoch  144 gap_loss: 0.026486803
tree_id: 3 level: 8
keep_pos.size == 6986
epoch  168 gap_loss: 0.01523757
tree_id: 3 level: 8
keep_pos.size == 6986
epoch  192 gap_loss: 0.019860145
train tree id: 2 tic time end.
=====================================================
tic_datetime: 2020-12-06 01:33:37.260884
tic_datetime.strftime: 2020-12-06 01:33:37.260884
tic_walltime: 1607236417.2609653
tic_cpu: 1041.358526
=====================================================

test tree id: 2 tic time.
=====================================================
tic_datetime: 2020-12-06 01:33:37.261086
tic_datetime.strftime: 2020-12-06 01:33:37.261086
tic_walltime: 1607236417.2611086
tic_cpu: 1041.35859
=====================================================

RTargetNet(
  (layers): Sequential(
    (0): Linear(in_features=19, out_features=8, bias=True)
    (1): LeakyReLU(negative_slope=0.25, inplace=True)
  )
)
RNet(
  (layers): Sequential(
    (0): Linear(in_features=19, out_features=8, bias=True)
    (1): LeakyReLU(negative_slope=0.2, inplace=True)
    (2): Dropout(p=0.1, inplace=False)
  )
)
************Current Result**************
AUC-ROC: 0.7155, AUC-PR: 0.0950
test tree id: 2 tic time.
=====================================================
tic_datetime: 2020-12-06 01:33:37.272273
tic_datetime.strftime: 2020-12-06 01:33:37.272273
tic_walltime: 1607236417.2723193
tic_cpu: 1041.369846
=====================================================

train tree id: 3 tic time.
=====================================================
tic_datetime: 2020-12-06 01:33:37.304124
tic_datetime.strftime: 2020-12-06 01:33:37.304124
tic_walltime: 1607236417.3041928
tic_cpu: 1041.401732
=====================================================

RTargetNet(
  (layers): Sequential(
    (0): Linear(in_features=19, out_features=8, bias=True)
    (1): LeakyReLU(negative_slope=0.25, inplace=True)
  )
)
RNet(
  (layers): Sequential(
    (0): Linear(in_features=19, out_features=8, bias=True)
    (1): LeakyReLU(negative_slope=0.2, inplace=True)
    (2): Dropout(p=0.1, inplace=False)
  )
)
tree_id: 4 level: 1
keep_pos.size == 10000
epoch  0 gap_loss: 0.067145005
tree_id: 4 level: 1
keep_pos.size == 10000
epoch  24 gap_loss: 0.00774067
tree_id: 4 level: 1
keep_pos.size == 10000
epoch  48 gap_loss: 0.009161212
tree_id: 4 level: 1
keep_pos.size == 10000
epoch  72 gap_loss: 0.0075001335
tree_id: 4 level: 1
keep_pos.size == 10000
epoch  96 gap_loss: 0.008898558
tree_id: 4 level: 1
keep_pos.size == 10000
epoch  120 gap_loss: 0.0062078116
tree_id: 4 level: 1
keep_pos.size == 10000
epoch  144 gap_loss: 0.0070875664
tree_id: 4 level: 1
keep_pos.size == 10000
epoch  168 gap_loss: 0.0037994601
tree_id: 4 level: 1
keep_pos.size == 10000
epoch  192 gap_loss: 0.012533944
RTargetNet(
  (layers): Sequential(
    (0): Linear(in_features=19, out_features=8, bias=True)
    (1): LeakyReLU(negative_slope=0.25, inplace=True)
  )
)
RNet(
  (layers): Sequential(
    (0): Linear(in_features=19, out_features=8, bias=True)
    (1): LeakyReLU(negative_slope=0.2, inplace=True)
    (2): Dropout(p=0.1, inplace=False)
  )
)
tree_id: 4 level: 2
keep_pos.size == 9500
epoch  0 gap_loss: 0.1422061
tree_id: 4 level: 2
keep_pos.size == 9500
epoch  24 gap_loss: 0.019225646
tree_id: 4 level: 2
keep_pos.size == 9500
epoch  48 gap_loss: 0.023348432
tree_id: 4 level: 2
keep_pos.size == 9500
epoch  72 gap_loss: 0.03160271
tree_id: 4 level: 2
keep_pos.size == 9500
epoch  96 gap_loss: 0.018223632
tree_id: 4 level: 2
keep_pos.size == 9500
epoch  120 gap_loss: 0.020641524
tree_id: 4 level: 2
keep_pos.size == 9500
epoch  144 gap_loss: 0.037233904
tree_id: 4 level: 2
keep_pos.size == 9500
epoch  168 gap_loss: 0.029430237
tree_id: 4 level: 2
keep_pos.size == 9500
epoch  192 gap_loss: 0.032824837
RTargetNet(
  (layers): Sequential(
    (0): Linear(in_features=19, out_features=8, bias=True)
    (1): LeakyReLU(negative_slope=0.25, inplace=True)
  )
)
RNet(
  (layers): Sequential(
    (0): Linear(in_features=19, out_features=8, bias=True)
    (1): LeakyReLU(negative_slope=0.2, inplace=True)
    (2): Dropout(p=0.1, inplace=False)
  )
)
tree_id: 4 level: 3
keep_pos.size == 9025
epoch  0 gap_loss: 0.0894068
tree_id: 4 level: 3
keep_pos.size == 9025
epoch  24 gap_loss: 0.021016482
tree_id: 4 level: 3
keep_pos.size == 9025
epoch  48 gap_loss: 0.023850024
tree_id: 4 level: 3
keep_pos.size == 9025
epoch  72 gap_loss: 0.03266015
tree_id: 4 level: 3
keep_pos.size == 9025
epoch  96 gap_loss: 0.029574815
tree_id: 4 level: 3
keep_pos.size == 9025
epoch  120 gap_loss: 0.033295475
tree_id: 4 level: 3
keep_pos.size == 9025
epoch  144 gap_loss: 0.023460604
tree_id: 4 level: 3
keep_pos.size == 9025
epoch  168 gap_loss: 0.019623578
tree_id: 4 level: 3
keep_pos.size == 9025
epoch  192 gap_loss: 0.033876773
RTargetNet(
  (layers): Sequential(
    (0): Linear(in_features=19, out_features=8, bias=True)
    (1): LeakyReLU(negative_slope=0.25, inplace=True)
  )
)
RNet(
  (layers): Sequential(
    (0): Linear(in_features=19, out_features=8, bias=True)
    (1): LeakyReLU(negative_slope=0.2, inplace=True)
    (2): Dropout(p=0.1, inplace=False)
  )
)
tree_id: 4 level: 4
keep_pos.size == 8574
epoch  0 gap_loss: 0.13734663
tree_id: 4 level: 4
keep_pos.size == 8574
epoch  24 gap_loss: 0.01874989
tree_id: 4 level: 4
keep_pos.size == 8574
epoch  48 gap_loss: 0.023008086
tree_id: 4 level: 4
keep_pos.size == 8574
epoch  72 gap_loss: 0.019806102
tree_id: 4 level: 4
keep_pos.size == 8574
epoch  96 gap_loss: 0.016152587
tree_id: 4 level: 4
keep_pos.size == 8574
epoch  120 gap_loss: 0.0200993
tree_id: 4 level: 4
keep_pos.size == 8574
epoch  144 gap_loss: 0.020825434
tree_id: 4 level: 4
keep_pos.size == 8574
epoch  168 gap_loss: 0.02011725
tree_id: 4 level: 4
keep_pos.size == 8574
epoch  192 gap_loss: 0.03300029
RTargetNet(
  (layers): Sequential(
    (0): Linear(in_features=19, out_features=8, bias=True)
    (1): LeakyReLU(negative_slope=0.25, inplace=True)
  )
)
RNet(
  (layers): Sequential(
    (0): Linear(in_features=19, out_features=8, bias=True)
    (1): LeakyReLU(negative_slope=0.2, inplace=True)
    (2): Dropout(p=0.1, inplace=False)
  )
)
tree_id: 4 level: 5
keep_pos.size == 8146
epoch  0 gap_loss: 0.1747545
tree_id: 4 level: 5
keep_pos.size == 8146
epoch  24 gap_loss: 0.029616188
tree_id: 4 level: 5
keep_pos.size == 8146
epoch  48 gap_loss: 0.04056219
tree_id: 4 level: 5
keep_pos.size == 8146
epoch  72 gap_loss: 0.05918535
tree_id: 4 level: 5
keep_pos.size == 8146
epoch  96 gap_loss: 0.03596696
tree_id: 4 level: 5
keep_pos.size == 8146
epoch  120 gap_loss: 0.027813315
tree_id: 4 level: 5
keep_pos.size == 8146
epoch  144 gap_loss: 0.03286885
tree_id: 4 level: 5
keep_pos.size == 8146
epoch  168 gap_loss: 0.024943242
tree_id: 4 level: 5
keep_pos.size == 8146
epoch  192 gap_loss: 0.033758093
RTargetNet(
  (layers): Sequential(
    (0): Linear(in_features=19, out_features=8, bias=True)
    (1): LeakyReLU(negative_slope=0.25, inplace=True)
  )
)
RNet(
  (layers): Sequential(
    (0): Linear(in_features=19, out_features=8, bias=True)
    (1): LeakyReLU(negative_slope=0.2, inplace=True)
    (2): Dropout(p=0.1, inplace=False)
  )
)
tree_id: 4 level: 6
keep_pos.size == 7739
epoch  0 gap_loss: 0.28483057
tree_id: 4 level: 6
keep_pos.size == 7739
epoch  24 gap_loss: 0.06891348
tree_id: 4 level: 6
keep_pos.size == 7739
epoch  48 gap_loss: 0.034738038
tree_id: 4 level: 6
keep_pos.size == 7739
epoch  72 gap_loss: 0.039765686
tree_id: 4 level: 6
keep_pos.size == 7739
epoch  96 gap_loss: 0.056490675
tree_id: 4 level: 6
keep_pos.size == 7739
epoch  120 gap_loss: 0.051513247
tree_id: 4 level: 6
keep_pos.size == 7739
epoch  144 gap_loss: 0.06497688
tree_id: 4 level: 6
keep_pos.size == 7739
epoch  168 gap_loss: 0.05244757
tree_id: 4 level: 6
keep_pos.size == 7739
epoch  192 gap_loss: 0.051192768
RTargetNet(
  (layers): Sequential(
    (0): Linear(in_features=19, out_features=8, bias=True)
    (1): LeakyReLU(negative_slope=0.25, inplace=True)
  )
)
RNet(
  (layers): Sequential(
    (0): Linear(in_features=19, out_features=8, bias=True)
    (1): LeakyReLU(negative_slope=0.2, inplace=True)
    (2): Dropout(p=0.1, inplace=False)
  )
)
tree_id: 4 level: 7
keep_pos.size == 7353
epoch  0 gap_loss: 0.18121836
tree_id: 4 level: 7
keep_pos.size == 7353
epoch  24 gap_loss: 0.024766259
tree_id: 4 level: 7
keep_pos.size == 7353
epoch  48 gap_loss: 0.02416699
tree_id: 4 level: 7
keep_pos.size == 7353
epoch  72 gap_loss: 0.048563085
tree_id: 4 level: 7
keep_pos.size == 7353
epoch  96 gap_loss: 0.025708852
tree_id: 4 level: 7
keep_pos.size == 7353
epoch  120 gap_loss: 0.033683233
tree_id: 4 level: 7
keep_pos.size == 7353
epoch  144 gap_loss: 0.030769363
tree_id: 4 level: 7
keep_pos.size == 7353
epoch  168 gap_loss: 0.034238733
tree_id: 4 level: 7
keep_pos.size == 7353
epoch  192 gap_loss: 0.035099156
RTargetNet(
  (layers): Sequential(
    (0): Linear(in_features=19, out_features=8, bias=True)
    (1): LeakyReLU(negative_slope=0.25, inplace=True)
  )
)
RNet(
  (layers): Sequential(
    (0): Linear(in_features=19, out_features=8, bias=True)
    (1): LeakyReLU(negative_slope=0.2, inplace=True)
    (2): Dropout(p=0.1, inplace=False)
  )
)
tree_id: 4 level: 8
keep_pos.size == 6986
epoch  0 gap_loss: 0.064988054
tree_id: 4 level: 8
keep_pos.size == 6986
epoch  24 gap_loss: 0.013682666
tree_id: 4 level: 8
keep_pos.size == 6986
epoch  48 gap_loss: 0.01359389
tree_id: 4 level: 8
keep_pos.size == 6986
epoch  72 gap_loss: 0.012524992
tree_id: 4 level: 8
keep_pos.size == 6986
epoch  96 gap_loss: 0.013262361
tree_id: 4 level: 8
keep_pos.size == 6986
epoch  120 gap_loss: 0.015402644
tree_id: 4 level: 8
keep_pos.size == 6986
epoch  144 gap_loss: 0.0100905
tree_id: 4 level: 8
keep_pos.size == 6986
epoch  168 gap_loss: 0.010410359
tree_id: 4 level: 8
keep_pos.size == 6986
epoch  192 gap_loss: 0.011500233
train tree id: 3 tic time end.
=====================================================
tic_datetime: 2020-12-06 01:40:45.745805
tic_datetime.strftime: 2020-12-06 01:40:45.745805
tic_walltime: 1607236845.7458818
tic_cpu: 1381.404113
=====================================================

test tree id: 3 tic time.
=====================================================
tic_datetime: 2020-12-06 01:40:45.745992
tic_datetime.strftime: 2020-12-06 01:40:45.745992
tic_walltime: 1607236845.7460148
tic_cpu: 1381.404175
=====================================================

RTargetNet(
  (layers): Sequential(
    (0): Linear(in_features=19, out_features=8, bias=True)
    (1): LeakyReLU(negative_slope=0.25, inplace=True)
  )
)
RNet(
  (layers): Sequential(
    (0): Linear(in_features=19, out_features=8, bias=True)
    (1): LeakyReLU(negative_slope=0.2, inplace=True)
    (2): Dropout(p=0.1, inplace=False)
  )
)
************Current Result**************
AUC-ROC: 0.8971, AUC-PR: 0.2062
test tree id: 3 tic time.
=====================================================
tic_datetime: 2020-12-06 01:40:45.756752
tic_datetime.strftime: 2020-12-06 01:40:45.756752
tic_walltime: 1607236845.7567909
tic_cpu: 1381.414973
=====================================================

train tree id: 4 tic time.
=====================================================
tic_datetime: 2020-12-06 01:40:45.794373
tic_datetime.strftime: 2020-12-06 01:40:45.794373
tic_walltime: 1607236845.7944307
tic_cpu: 1381.446736
=====================================================

RTargetNet(
  (layers): Sequential(
    (0): Linear(in_features=19, out_features=8, bias=True)
    (1): LeakyReLU(negative_slope=0.25, inplace=True)
  )
)
RNet(
  (layers): Sequential(
    (0): Linear(in_features=19, out_features=8, bias=True)
    (1): LeakyReLU(negative_slope=0.2, inplace=True)
    (2): Dropout(p=0.1, inplace=False)
  )
)
tree_id: 5 level: 1
keep_pos.size == 10000
epoch  0 gap_loss: 0.17375119
tree_id: 5 level: 1
keep_pos.size == 10000
epoch  24 gap_loss: 0.010704067
tree_id: 5 level: 1
keep_pos.size == 10000
epoch  48 gap_loss: 0.016132113
tree_id: 5 level: 1
keep_pos.size == 10000
epoch  72 gap_loss: 0.021298625
tree_id: 5 level: 1
keep_pos.size == 10000
epoch  96 gap_loss: 0.026838534
tree_id: 5 level: 1
keep_pos.size == 10000
epoch  120 gap_loss: 0.015275188
tree_id: 5 level: 1
keep_pos.size == 10000
epoch  144 gap_loss: 0.02146139
tree_id: 5 level: 1
keep_pos.size == 10000
epoch  168 gap_loss: 0.02495957
tree_id: 5 level: 1
keep_pos.size == 10000
epoch  192 gap_loss: 0.013433967
RTargetNet(
  (layers): Sequential(
    (0): Linear(in_features=19, out_features=8, bias=True)
    (1): LeakyReLU(negative_slope=0.25, inplace=True)
  )
)
RNet(
  (layers): Sequential(
    (0): Linear(in_features=19, out_features=8, bias=True)
    (1): LeakyReLU(negative_slope=0.2, inplace=True)
    (2): Dropout(p=0.1, inplace=False)
  )
)
tree_id: 5 level: 2
keep_pos.size == 9500
epoch  0 gap_loss: 0.15403765
tree_id: 5 level: 2
keep_pos.size == 9500
epoch  24 gap_loss: 0.0387531
tree_id: 5 level: 2
keep_pos.size == 9500
epoch  48 gap_loss: 0.025570676
tree_id: 5 level: 2
keep_pos.size == 9500
epoch  72 gap_loss: 0.04229921
tree_id: 5 level: 2
keep_pos.size == 9500
epoch  96 gap_loss: 0.03426428
tree_id: 5 level: 2
keep_pos.size == 9500
epoch  120 gap_loss: 0.04020147
tree_id: 5 level: 2
keep_pos.size == 9500
epoch  144 gap_loss: 0.03971278
tree_id: 5 level: 2
keep_pos.size == 9500
epoch  168 gap_loss: 0.032524455
tree_id: 5 level: 2
keep_pos.size == 9500
epoch  192 gap_loss: 0.041683707
RTargetNet(
  (layers): Sequential(
    (0): Linear(in_features=19, out_features=8, bias=True)
    (1): LeakyReLU(negative_slope=0.25, inplace=True)
  )
)
RNet(
  (layers): Sequential(
    (0): Linear(in_features=19, out_features=8, bias=True)
    (1): LeakyReLU(negative_slope=0.2, inplace=True)
    (2): Dropout(p=0.1, inplace=False)
  )
)
tree_id: 5 level: 3
keep_pos.size == 9025
epoch  0 gap_loss: 0.092012085
tree_id: 5 level: 3
keep_pos.size == 9025
epoch  24 gap_loss: 0.028941562
tree_id: 5 level: 3
keep_pos.size == 9025
epoch  48 gap_loss: 0.024800973
tree_id: 5 level: 3
keep_pos.size == 9025
epoch  72 gap_loss: 0.03010194
tree_id: 5 level: 3
keep_pos.size == 9025
epoch  96 gap_loss: 0.03319169
tree_id: 5 level: 3
keep_pos.size == 9025
epoch  120 gap_loss: 0.03690449
tree_id: 5 level: 3
keep_pos.size == 9025
epoch  144 gap_loss: 0.04227215
tree_id: 5 level: 3
keep_pos.size == 9025
epoch  168 gap_loss: 0.023776509
tree_id: 5 level: 3
keep_pos.size == 9025
epoch  192 gap_loss: 0.009224689
RTargetNet(
  (layers): Sequential(
    (0): Linear(in_features=19, out_features=8, bias=True)
    (1): LeakyReLU(negative_slope=0.25, inplace=True)
  )
)
RNet(
  (layers): Sequential(
    (0): Linear(in_features=19, out_features=8, bias=True)
    (1): LeakyReLU(negative_slope=0.2, inplace=True)
    (2): Dropout(p=0.1, inplace=False)
  )
)
tree_id: 5 level: 4
keep_pos.size == 8574
epoch  0 gap_loss: 0.06845253
tree_id: 5 level: 4
keep_pos.size == 8574
epoch  24 gap_loss: 0.0080260625
tree_id: 5 level: 4
keep_pos.size == 8574
epoch  48 gap_loss: 0.008648168
tree_id: 5 level: 4
keep_pos.size == 8574
epoch  72 gap_loss: 0.0041623777
tree_id: 5 level: 4
keep_pos.size == 8574
epoch  96 gap_loss: 0.007597238
tree_id: 5 level: 4
keep_pos.size == 8574
epoch  120 gap_loss: 0.009538546
tree_id: 5 level: 4
keep_pos.size == 8574
epoch  144 gap_loss: 0.006377745
tree_id: 5 level: 4
keep_pos.size == 8574
epoch  168 gap_loss: 0.008031661
tree_id: 5 level: 4
keep_pos.size == 8574
epoch  192 gap_loss: 0.017667722
RTargetNet(
  (layers): Sequential(
    (0): Linear(in_features=19, out_features=8, bias=True)
    (1): LeakyReLU(negative_slope=0.25, inplace=True)
  )
)
RNet(
  (layers): Sequential(
    (0): Linear(in_features=19, out_features=8, bias=True)
    (1): LeakyReLU(negative_slope=0.2, inplace=True)
    (2): Dropout(p=0.1, inplace=False)
  )
)
tree_id: 5 level: 5
keep_pos.size == 8146
epoch  0 gap_loss: 0.120025426
tree_id: 5 level: 5
keep_pos.size == 8146
epoch  24 gap_loss: 0.013223609
tree_id: 5 level: 5
keep_pos.size == 8146
epoch  48 gap_loss: 0.014422936
tree_id: 5 level: 5
keep_pos.size == 8146
epoch  72 gap_loss: 0.028534118
tree_id: 5 level: 5
keep_pos.size == 8146
epoch  96 gap_loss: 0.03526465
tree_id: 5 level: 5
keep_pos.size == 8146
epoch  120 gap_loss: 0.02334332
tree_id: 5 level: 5
keep_pos.size == 8146
epoch  144 gap_loss: 0.020605344
tree_id: 5 level: 5
keep_pos.size == 8146
epoch  168 gap_loss: 0.030441422
tree_id: 5 level: 5
keep_pos.size == 8146
epoch  192 gap_loss: 0.018308233
RTargetNet(
  (layers): Sequential(
    (0): Linear(in_features=19, out_features=8, bias=True)
    (1): LeakyReLU(negative_slope=0.25, inplace=True)
  )
)
RNet(
  (layers): Sequential(
    (0): Linear(in_features=19, out_features=8, bias=True)
    (1): LeakyReLU(negative_slope=0.2, inplace=True)
    (2): Dropout(p=0.1, inplace=False)
  )
)
tree_id: 5 level: 6
keep_pos.size == 7739
epoch  0 gap_loss: 0.07543736
tree_id: 5 level: 6
keep_pos.size == 7739
epoch  24 gap_loss: 0.014059013
tree_id: 5 level: 6
keep_pos.size == 7739
epoch  48 gap_loss: 0.022230983
tree_id: 5 level: 6
keep_pos.size == 7739
epoch  72 gap_loss: 0.025150856
tree_id: 5 level: 6
keep_pos.size == 7739
epoch  96 gap_loss: 0.012618414
tree_id: 5 level: 6
keep_pos.size == 7739
epoch  120 gap_loss: 0.008820133
tree_id: 5 level: 6
keep_pos.size == 7739
epoch  144 gap_loss: 0.020125806
tree_id: 5 level: 6
keep_pos.size == 7739
epoch  168 gap_loss: 0.015645495
tree_id: 5 level: 6
keep_pos.size == 7739
epoch  192 gap_loss: 0.015356017
RTargetNet(
  (layers): Sequential(
    (0): Linear(in_features=19, out_features=8, bias=True)
    (1): LeakyReLU(negative_slope=0.25, inplace=True)
  )
)
RNet(
  (layers): Sequential(
    (0): Linear(in_features=19, out_features=8, bias=True)
    (1): LeakyReLU(negative_slope=0.2, inplace=True)
    (2): Dropout(p=0.1, inplace=False)
  )
)
tree_id: 5 level: 7
keep_pos.size == 7353
epoch  0 gap_loss: 0.110687666
tree_id: 5 level: 7
keep_pos.size == 7353
epoch  24 gap_loss: 0.03264273
tree_id: 5 level: 7
keep_pos.size == 7353
epoch  48 gap_loss: 0.02570437
tree_id: 5 level: 7
keep_pos.size == 7353
epoch  72 gap_loss: 0.016963389
tree_id: 5 level: 7
keep_pos.size == 7353
epoch  96 gap_loss: 0.02826502
tree_id: 5 level: 7
keep_pos.size == 7353
epoch  120 gap_loss: 0.021842672
tree_id: 5 level: 7
keep_pos.size == 7353
epoch  144 gap_loss: 0.042766068
tree_id: 5 level: 7
keep_pos.size == 7353
epoch  168 gap_loss: 0.017474927
tree_id: 5 level: 7
keep_pos.size == 7353
epoch  192 gap_loss: 0.025720157
RTargetNet(
  (layers): Sequential(
    (0): Linear(in_features=19, out_features=8, bias=True)
    (1): LeakyReLU(negative_slope=0.25, inplace=True)
  )
)
RNet(
  (layers): Sequential(
    (0): Linear(in_features=19, out_features=8, bias=True)
    (1): LeakyReLU(negative_slope=0.2, inplace=True)
    (2): Dropout(p=0.1, inplace=False)
  )
)
tree_id: 5 level: 8
keep_pos.size == 6986
epoch  0 gap_loss: 0.066504665
tree_id: 5 level: 8
keep_pos.size == 6986
epoch  24 gap_loss: 0.015739284
tree_id: 5 level: 8
keep_pos.size == 6986
epoch  48 gap_loss: 0.0124609135
tree_id: 5 level: 8
keep_pos.size == 6986
epoch  72 gap_loss: 0.009417763
tree_id: 5 level: 8
keep_pos.size == 6986
epoch  96 gap_loss: 0.012481446
tree_id: 5 level: 8
keep_pos.size == 6986
epoch  120 gap_loss: 0.006392871
tree_id: 5 level: 8
keep_pos.size == 6986
epoch  144 gap_loss: 0.0119136525
tree_id: 5 level: 8
keep_pos.size == 6986
epoch  168 gap_loss: 0.017520629
tree_id: 5 level: 8
keep_pos.size == 6986
epoch  192 gap_loss: 0.013439556
train tree id: 4 tic time end.
=====================================================
tic_datetime: 2020-12-06 01:52:54.623761
tic_datetime.strftime: 2020-12-06 01:52:54.623761
tic_walltime: 1607237574.6238384
tic_cpu: 1733.100682
=====================================================

test tree id: 4 tic time.
=====================================================
tic_datetime: 2020-12-06 01:52:54.623947
tic_datetime.strftime: 2020-12-06 01:52:54.623947
tic_walltime: 1607237574.6239674
tic_cpu: 1733.100742
=====================================================

RTargetNet(
  (layers): Sequential(
    (0): Linear(in_features=19, out_features=8, bias=True)
    (1): LeakyReLU(negative_slope=0.25, inplace=True)
  )
)
RNet(
  (layers): Sequential(
    (0): Linear(in_features=19, out_features=8, bias=True)
    (1): LeakyReLU(negative_slope=0.2, inplace=True)
    (2): Dropout(p=0.1, inplace=False)
  )
)
************Current Result**************
AUC-ROC: 0.5265, AUC-PR: 0.0921
test tree id: 4 tic time.
=====================================================
tic_datetime: 2020-12-06 01:52:54.634558
tic_datetime.strftime: 2020-12-06 01:52:54.634558
tic_walltime: 1607237574.634606
tic_cpu: 1733.111233
=====================================================

train tree id: 5 tic time.
=====================================================
tic_datetime: 2020-12-06 01:52:54.659091
tic_datetime.strftime: 2020-12-06 01:52:54.659091
tic_walltime: 1607237574.6591482
tic_cpu: 1733.135466
=====================================================

RTargetNet(
  (layers): Sequential(
    (0): Linear(in_features=19, out_features=8, bias=True)
    (1): LeakyReLU(negative_slope=0.25, inplace=True)
  )
)
RNet(
  (layers): Sequential(
    (0): Linear(in_features=19, out_features=8, bias=True)
    (1): LeakyReLU(negative_slope=0.2, inplace=True)
    (2): Dropout(p=0.1, inplace=False)
  )
)
tree_id: 6 level: 1
keep_pos.size == 10000
epoch  0 gap_loss: 0.15554398
tree_id: 6 level: 1
keep_pos.size == 10000
epoch  24 gap_loss: 0.040345922
tree_id: 6 level: 1
keep_pos.size == 10000
epoch  48 gap_loss: 0.030962411
tree_id: 6 level: 1
keep_pos.size == 10000
epoch  72 gap_loss: 0.02975355
tree_id: 6 level: 1
keep_pos.size == 10000
epoch  96 gap_loss: 0.06156946
tree_id: 6 level: 1
keep_pos.size == 10000
epoch  120 gap_loss: 0.059700236
tree_id: 6 level: 1
keep_pos.size == 10000
epoch  144 gap_loss: 0.031476658
tree_id: 6 level: 1
keep_pos.size == 10000
epoch  168 gap_loss: 0.030334268
tree_id: 6 level: 1
keep_pos.size == 10000
epoch  192 gap_loss: 0.03825677
RTargetNet(
  (layers): Sequential(
    (0): Linear(in_features=19, out_features=8, bias=True)
    (1): LeakyReLU(negative_slope=0.25, inplace=True)
  )
)
RNet(
  (layers): Sequential(
    (0): Linear(in_features=19, out_features=8, bias=True)
    (1): LeakyReLU(negative_slope=0.2, inplace=True)
    (2): Dropout(p=0.1, inplace=False)
  )
)
tree_id: 6 level: 2
keep_pos.size == 9500
epoch  0 gap_loss: 0.07747596
tree_id: 6 level: 2
keep_pos.size == 9500
epoch  24 gap_loss: 0.013696225
tree_id: 6 level: 2
keep_pos.size == 9500
epoch  48 gap_loss: 0.010829818
tree_id: 6 level: 2
keep_pos.size == 9500
epoch  72 gap_loss: 0.02373815
tree_id: 6 level: 2
keep_pos.size == 9500
epoch  96 gap_loss: 0.019988162
tree_id: 6 level: 2
keep_pos.size == 9500
epoch  120 gap_loss: 0.032240804
tree_id: 6 level: 2
keep_pos.size == 9500
epoch  144 gap_loss: 0.010017352
tree_id: 6 level: 2
keep_pos.size == 9500
epoch  168 gap_loss: 0.008379719
tree_id: 6 level: 2
keep_pos.size == 9500
epoch  192 gap_loss: 0.013372414
RTargetNet(
  (layers): Sequential(
    (0): Linear(in_features=19, out_features=8, bias=True)
    (1): LeakyReLU(negative_slope=0.25, inplace=True)
  )
)
RNet(
  (layers): Sequential(
    (0): Linear(in_features=19, out_features=8, bias=True)
    (1): LeakyReLU(negative_slope=0.2, inplace=True)
    (2): Dropout(p=0.1, inplace=False)
  )
)
tree_id: 6 level: 3
keep_pos.size == 9025
epoch  0 gap_loss: 0.1261315
tree_id: 6 level: 3
keep_pos.size == 9025
epoch  24 gap_loss: 0.034579694
tree_id: 6 level: 3
keep_pos.size == 9025
epoch  48 gap_loss: 0.032267265
tree_id: 6 level: 3
keep_pos.size == 9025
epoch  72 gap_loss: 0.040507644
tree_id: 6 level: 3
keep_pos.size == 9025
epoch  96 gap_loss: 0.024711993
tree_id: 6 level: 3
keep_pos.size == 9025
epoch  120 gap_loss: 0.027482841
tree_id: 6 level: 3
keep_pos.size == 9025
epoch  144 gap_loss: 0.025803123
tree_id: 6 level: 3
keep_pos.size == 9025
epoch  168 gap_loss: 0.01585176
tree_id: 6 level: 3
keep_pos.size == 9025
epoch  192 gap_loss: 0.022180408
RTargetNet(
  (layers): Sequential(
    (0): Linear(in_features=19, out_features=8, bias=True)
    (1): LeakyReLU(negative_slope=0.25, inplace=True)
  )
)
RNet(
  (layers): Sequential(
    (0): Linear(in_features=19, out_features=8, bias=True)
    (1): LeakyReLU(negative_slope=0.2, inplace=True)
    (2): Dropout(p=0.1, inplace=False)
  )
)
tree_id: 6 level: 4
keep_pos.size == 8574
epoch  0 gap_loss: 0.06258161
tree_id: 6 level: 4
keep_pos.size == 8574
epoch  24 gap_loss: 0.008617267
tree_id: 6 level: 4
keep_pos.size == 8574
epoch  48 gap_loss: 0.0067106523
tree_id: 6 level: 4
keep_pos.size == 8574
epoch  72 gap_loss: 0.009966548
tree_id: 6 level: 4
keep_pos.size == 8574
epoch  96 gap_loss: 0.0053027896
tree_id: 6 level: 4
keep_pos.size == 8574
epoch  120 gap_loss: 0.008295583
tree_id: 6 level: 4
keep_pos.size == 8574
epoch  144 gap_loss: 0.007618651
tree_id: 6 level: 4
keep_pos.size == 8574
epoch  168 gap_loss: 0.0046956837
tree_id: 6 level: 4
keep_pos.size == 8574
epoch  192 gap_loss: 0.0065217284
RTargetNet(
  (layers): Sequential(
    (0): Linear(in_features=19, out_features=8, bias=True)
    (1): LeakyReLU(negative_slope=0.25, inplace=True)
  )
)
RNet(
  (layers): Sequential(
    (0): Linear(in_features=19, out_features=8, bias=True)
    (1): LeakyReLU(negative_slope=0.2, inplace=True)
    (2): Dropout(p=0.1, inplace=False)
  )
)
tree_id: 6 level: 5
keep_pos.size == 8146
epoch  0 gap_loss: 0.080264136
tree_id: 6 level: 5
keep_pos.size == 8146
epoch  24 gap_loss: 0.02394636
tree_id: 6 level: 5
keep_pos.size == 8146
epoch  48 gap_loss: 0.015559277
tree_id: 6 level: 5
keep_pos.size == 8146
epoch  72 gap_loss: 0.026454337
tree_id: 6 level: 5
keep_pos.size == 8146
epoch  96 gap_loss: 0.00785555
tree_id: 6 level: 5
keep_pos.size == 8146
epoch  120 gap_loss: 0.022102036
tree_id: 6 level: 5
keep_pos.size == 8146
epoch  144 gap_loss: 0.013012256
tree_id: 6 level: 5
keep_pos.size == 8146
epoch  168 gap_loss: 0.023835706
tree_id: 6 level: 5
keep_pos.size == 8146
epoch  192 gap_loss: 0.018646521
RTargetNet(
  (layers): Sequential(
    (0): Linear(in_features=19, out_features=8, bias=True)
    (1): LeakyReLU(negative_slope=0.25, inplace=True)
  )
)
RNet(
  (layers): Sequential(
    (0): Linear(in_features=19, out_features=8, bias=True)
    (1): LeakyReLU(negative_slope=0.2, inplace=True)
    (2): Dropout(p=0.1, inplace=False)
  )
)
tree_id: 6 level: 6
keep_pos.size == 7739
epoch  0 gap_loss: 0.09367703
tree_id: 6 level: 6
keep_pos.size == 7739
epoch  24 gap_loss: 0.010433491
tree_id: 6 level: 6
keep_pos.size == 7739
epoch  48 gap_loss: 0.013261247
tree_id: 6 level: 6
keep_pos.size == 7739
epoch  72 gap_loss: 0.011420932
tree_id: 6 level: 6
keep_pos.size == 7739
epoch  96 gap_loss: 0.009455229
tree_id: 6 level: 6
keep_pos.size == 7739
epoch  120 gap_loss: 0.013824023
tree_id: 6 level: 6
keep_pos.size == 7739
epoch  144 gap_loss: 0.017518505
tree_id: 6 level: 6
keep_pos.size == 7739
epoch  168 gap_loss: 0.0105614085
tree_id: 6 level: 6
keep_pos.size == 7739
epoch  192 gap_loss: 0.008449347
RTargetNet(
  (layers): Sequential(
    (0): Linear(in_features=19, out_features=8, bias=True)
    (1): LeakyReLU(negative_slope=0.25, inplace=True)
  )
)
RNet(
  (layers): Sequential(
    (0): Linear(in_features=19, out_features=8, bias=True)
    (1): LeakyReLU(negative_slope=0.2, inplace=True)
    (2): Dropout(p=0.1, inplace=False)
  )
)
tree_id: 6 level: 7
keep_pos.size == 7353
epoch  0 gap_loss: 0.05332201
tree_id: 6 level: 7
keep_pos.size == 7353
epoch  24 gap_loss: 0.023450471
tree_id: 6 level: 7
keep_pos.size == 7353
epoch  48 gap_loss: 0.012713389
tree_id: 6 level: 7
keep_pos.size == 7353
epoch  72 gap_loss: 0.018531233
tree_id: 6 level: 7
keep_pos.size == 7353
epoch  96 gap_loss: 0.013258671
tree_id: 6 level: 7
keep_pos.size == 7353
epoch  120 gap_loss: 0.01288022
tree_id: 6 level: 7
keep_pos.size == 7353
epoch  144 gap_loss: 0.014760776
tree_id: 6 level: 7
keep_pos.size == 7353
epoch  168 gap_loss: 0.02460258
tree_id: 6 level: 7
keep_pos.size == 7353
epoch  192 gap_loss: 0.015166273
RTargetNet(
  (layers): Sequential(
    (0): Linear(in_features=19, out_features=8, bias=True)
    (1): LeakyReLU(negative_slope=0.25, inplace=True)
  )
)
RNet(
  (layers): Sequential(
    (0): Linear(in_features=19, out_features=8, bias=True)
    (1): LeakyReLU(negative_slope=0.2, inplace=True)
    (2): Dropout(p=0.1, inplace=False)
  )
)
tree_id: 6 level: 8
keep_pos.size == 6986
epoch  0 gap_loss: 0.09782832
tree_id: 6 level: 8
keep_pos.size == 6986
epoch  24 gap_loss: 0.019648679
tree_id: 6 level: 8
keep_pos.size == 6986
epoch  48 gap_loss: 0.015986653
tree_id: 6 level: 8
keep_pos.size == 6986
epoch  72 gap_loss: 0.015389609
tree_id: 6 level: 8
keep_pos.size == 6986
epoch  96 gap_loss: 0.015386413
tree_id: 6 level: 8
keep_pos.size == 6986
epoch  120 gap_loss: 0.010832293
tree_id: 6 level: 8
keep_pos.size == 6986
epoch  144 gap_loss: 0.020185608
tree_id: 6 level: 8
keep_pos.size == 6986
epoch  168 gap_loss: 0.01353331
tree_id: 6 level: 8
keep_pos.size == 6986
epoch  192 gap_loss: 0.022730658
train tree id: 5 tic time end.
=====================================================
tic_datetime: 2020-12-06 02:03:11.434754
tic_datetime.strftime: 2020-12-06 02:03:11.434754
tic_walltime: 1607238191.4348314
tic_cpu: 2087.048336
=====================================================

test tree id: 5 tic time.
=====================================================
tic_datetime: 2020-12-06 02:03:11.434950
tic_datetime.strftime: 2020-12-06 02:03:11.434950
tic_walltime: 1607238191.4349725
tic_cpu: 2087.048402
=====================================================

RTargetNet(
  (layers): Sequential(
    (0): Linear(in_features=19, out_features=8, bias=True)
    (1): LeakyReLU(negative_slope=0.25, inplace=True)
  )
)
RNet(
  (layers): Sequential(
    (0): Linear(in_features=19, out_features=8, bias=True)
    (1): LeakyReLU(negative_slope=0.2, inplace=True)
    (2): Dropout(p=0.1, inplace=False)
  )
)
************Current Result**************
AUC-ROC: 0.6327, AUC-PR: 0.1096
test tree id: 5 tic time.
=====================================================
tic_datetime: 2020-12-06 02:03:11.508334
tic_datetime.strftime: 2020-12-06 02:03:11.508334
tic_walltime: 1607238191.5083852
tic_cpu: 2087.059993
=====================================================

train tree id: 6 tic time.
=====================================================
tic_datetime: 2020-12-06 02:03:11.599021
tic_datetime.strftime: 2020-12-06 02:03:11.599021
tic_walltime: 1607238191.5990832
tic_cpu: 2087.086833
=====================================================

RTargetNet(
  (layers): Sequential(
    (0): Linear(in_features=19, out_features=8, bias=True)
    (1): LeakyReLU(negative_slope=0.25, inplace=True)
  )
)
RNet(
  (layers): Sequential(
    (0): Linear(in_features=19, out_features=8, bias=True)
    (1): LeakyReLU(negative_slope=0.2, inplace=True)
    (2): Dropout(p=0.1, inplace=False)
  )
)
tree_id: 7 level: 1
keep_pos.size == 10000
epoch  0 gap_loss: 0.116147906
tree_id: 7 level: 1
keep_pos.size == 10000
epoch  24 gap_loss: 0.015272851
tree_id: 7 level: 1
keep_pos.size == 10000
epoch  48 gap_loss: 0.010969969
tree_id: 7 level: 1
keep_pos.size == 10000
epoch  72 gap_loss: 0.014390257
tree_id: 7 level: 1
keep_pos.size == 10000
epoch  96 gap_loss: 0.030938163
tree_id: 7 level: 1
keep_pos.size == 10000
epoch  120 gap_loss: 0.020653762
tree_id: 7 level: 1
keep_pos.size == 10000
epoch  144 gap_loss: 0.022067819
tree_id: 7 level: 1
keep_pos.size == 10000
epoch  168 gap_loss: 0.023195097
tree_id: 7 level: 1
keep_pos.size == 10000
epoch  192 gap_loss: 0.014954907
RTargetNet(
  (layers): Sequential(
    (0): Linear(in_features=19, out_features=8, bias=True)
    (1): LeakyReLU(negative_slope=0.25, inplace=True)
  )
)
RNet(
  (layers): Sequential(
    (0): Linear(in_features=19, out_features=8, bias=True)
    (1): LeakyReLU(negative_slope=0.2, inplace=True)
    (2): Dropout(p=0.1, inplace=False)
  )
)
tree_id: 7 level: 2
keep_pos.size == 9500
epoch  0 gap_loss: 0.09369278
tree_id: 7 level: 2
keep_pos.size == 9500
epoch  24 gap_loss: 0.02195169
tree_id: 7 level: 2
keep_pos.size == 9500
epoch  48 gap_loss: 0.03387286
tree_id: 7 level: 2
keep_pos.size == 9500
epoch  72 gap_loss: 0.022559997
tree_id: 7 level: 2
keep_pos.size == 9500
epoch  96 gap_loss: 0.032536067
tree_id: 7 level: 2
keep_pos.size == 9500
epoch  120 gap_loss: 0.031394877
tree_id: 7 level: 2
keep_pos.size == 9500
epoch  144 gap_loss: 0.018989172
tree_id: 7 level: 2
keep_pos.size == 9500
epoch  168 gap_loss: 0.04544457
tree_id: 7 level: 2
keep_pos.size == 9500
epoch  192 gap_loss: 0.038802326
RTargetNet(
  (layers): Sequential(
    (0): Linear(in_features=19, out_features=8, bias=True)
    (1): LeakyReLU(negative_slope=0.25, inplace=True)
  )
)
RNet(
  (layers): Sequential(
    (0): Linear(in_features=19, out_features=8, bias=True)
    (1): LeakyReLU(negative_slope=0.2, inplace=True)
    (2): Dropout(p=0.1, inplace=False)
  )
)
tree_id: 7 level: 3
keep_pos.size == 9025
epoch  0 gap_loss: 0.07836893
tree_id: 7 level: 3
keep_pos.size == 9025
epoch  24 gap_loss: 0.022196129
tree_id: 7 level: 3
keep_pos.size == 9025
epoch  48 gap_loss: 0.013323965
tree_id: 7 level: 3
keep_pos.size == 9025
epoch  72 gap_loss: 0.016040899
tree_id: 7 level: 3
keep_pos.size == 9025
epoch  96 gap_loss: 0.013536417
tree_id: 7 level: 3
keep_pos.size == 9025
epoch  120 gap_loss: 0.014593468
tree_id: 7 level: 3
keep_pos.size == 9025
epoch  144 gap_loss: 0.017750751
tree_id: 7 level: 3
keep_pos.size == 9025
epoch  168 gap_loss: 0.011147052
tree_id: 7 level: 3
keep_pos.size == 9025
epoch  192 gap_loss: 0.011014754
RTargetNet(
  (layers): Sequential(
    (0): Linear(in_features=19, out_features=8, bias=True)
    (1): LeakyReLU(negative_slope=0.25, inplace=True)
  )
)
RNet(
  (layers): Sequential(
    (0): Linear(in_features=19, out_features=8, bias=True)
    (1): LeakyReLU(negative_slope=0.2, inplace=True)
    (2): Dropout(p=0.1, inplace=False)
  )
)
tree_id: 7 level: 4
keep_pos.size == 8574
epoch  0 gap_loss: 0.12312631
tree_id: 7 level: 4
keep_pos.size == 8574
epoch  24 gap_loss: 0.02120745
tree_id: 7 level: 4
keep_pos.size == 8574
epoch  48 gap_loss: 0.011902731
tree_id: 7 level: 4
keep_pos.size == 8574
epoch  72 gap_loss: 0.018952439
tree_id: 7 level: 4
keep_pos.size == 8574
epoch  96 gap_loss: 0.014100581
tree_id: 7 level: 4
keep_pos.size == 8574
epoch  120 gap_loss: 0.021857439
tree_id: 7 level: 4
keep_pos.size == 8574
epoch  144 gap_loss: 0.029669724
tree_id: 7 level: 4
keep_pos.size == 8574
epoch  168 gap_loss: 0.015003763
tree_id: 7 level: 4
keep_pos.size == 8574
epoch  192 gap_loss: 0.022847971
RTargetNet(
  (layers): Sequential(
    (0): Linear(in_features=19, out_features=8, bias=True)
    (1): LeakyReLU(negative_slope=0.25, inplace=True)
  )
)
RNet(
  (layers): Sequential(
    (0): Linear(in_features=19, out_features=8, bias=True)
    (1): LeakyReLU(negative_slope=0.2, inplace=True)
    (2): Dropout(p=0.1, inplace=False)
  )
)
tree_id: 7 level: 5
keep_pos.size == 8146
epoch  0 gap_loss: 0.19205105
tree_id: 7 level: 5
keep_pos.size == 8146
epoch  24 gap_loss: 0.040010817
tree_id: 7 level: 5
keep_pos.size == 8146
epoch  48 gap_loss: 0.03834476
tree_id: 7 level: 5
keep_pos.size == 8146
epoch  72 gap_loss: 0.04637801
tree_id: 7 level: 5
keep_pos.size == 8146
epoch  96 gap_loss: 0.027724229
tree_id: 7 level: 5
keep_pos.size == 8146
epoch  120 gap_loss: 0.04511276
tree_id: 7 level: 5
keep_pos.size == 8146
epoch  144 gap_loss: 0.03746225
tree_id: 7 level: 5
keep_pos.size == 8146
epoch  168 gap_loss: 0.042971924
tree_id: 7 level: 5
keep_pos.size == 8146
epoch  192 gap_loss: 0.035761267
RTargetNet(
  (layers): Sequential(
    (0): Linear(in_features=19, out_features=8, bias=True)
    (1): LeakyReLU(negative_slope=0.25, inplace=True)
  )
)
RNet(
  (layers): Sequential(
    (0): Linear(in_features=19, out_features=8, bias=True)
    (1): LeakyReLU(negative_slope=0.2, inplace=True)
    (2): Dropout(p=0.1, inplace=False)
  )
)
tree_id: 7 level: 6
keep_pos.size == 7739
epoch  0 gap_loss: 0.09301525
tree_id: 7 level: 6
keep_pos.size == 7739
epoch  24 gap_loss: 0.029011955
tree_id: 7 level: 6
keep_pos.size == 7739
epoch  48 gap_loss: 0.02975002
tree_id: 7 level: 6
keep_pos.size == 7739
epoch  72 gap_loss: 0.022017319
tree_id: 7 level: 6
keep_pos.size == 7739
epoch  96 gap_loss: 0.025600664
tree_id: 7 level: 6
keep_pos.size == 7739
epoch  120 gap_loss: 0.031945772
tree_id: 7 level: 6
keep_pos.size == 7739
epoch  144 gap_loss: 0.009181306
tree_id: 7 level: 6
keep_pos.size == 7739
epoch  168 gap_loss: 0.0472211
tree_id: 7 level: 6
keep_pos.size == 7739
epoch  192 gap_loss: 0.015242094
RTargetNet(
  (layers): Sequential(
    (0): Linear(in_features=19, out_features=8, bias=True)
    (1): LeakyReLU(negative_slope=0.25, inplace=True)
  )
)
RNet(
  (layers): Sequential(
    (0): Linear(in_features=19, out_features=8, bias=True)
    (1): LeakyReLU(negative_slope=0.2, inplace=True)
    (2): Dropout(p=0.1, inplace=False)
  )
)
tree_id: 7 level: 7
keep_pos.size == 7353
epoch  0 gap_loss: 0.14283669
tree_id: 7 level: 7
keep_pos.size == 7353
epoch  24 gap_loss: 0.01923268
tree_id: 7 level: 7
keep_pos.size == 7353
epoch  48 gap_loss: 0.019934656
tree_id: 7 level: 7
keep_pos.size == 7353
epoch  72 gap_loss: 0.03144013
tree_id: 7 level: 7
keep_pos.size == 7353
epoch  96 gap_loss: 0.02326103
tree_id: 7 level: 7
keep_pos.size == 7353
epoch  120 gap_loss: 0.024872605
tree_id: 7 level: 7
keep_pos.size == 7353
epoch  144 gap_loss: 0.029259425
tree_id: 7 level: 7
keep_pos.size == 7353
epoch  168 gap_loss: 0.022954669
tree_id: 7 level: 7
keep_pos.size == 7353
epoch  192 gap_loss: 0.019398428
RTargetNet(
  (layers): Sequential(
    (0): Linear(in_features=19, out_features=8, bias=True)
    (1): LeakyReLU(negative_slope=0.25, inplace=True)
  )
)
RNet(
  (layers): Sequential(
    (0): Linear(in_features=19, out_features=8, bias=True)
    (1): LeakyReLU(negative_slope=0.2, inplace=True)
    (2): Dropout(p=0.1, inplace=False)
  )
)
tree_id: 7 level: 8
keep_pos.size == 6986
epoch  0 gap_loss: 0.13565907
tree_id: 7 level: 8
keep_pos.size == 6986
epoch  24 gap_loss: 0.017049812
tree_id: 7 level: 8
keep_pos.size == 6986
epoch  48 gap_loss: 0.029091395
tree_id: 7 level: 8
keep_pos.size == 6986
epoch  72 gap_loss: 0.011404807
tree_id: 7 level: 8
keep_pos.size == 6986
epoch  96 gap_loss: 0.018034559
tree_id: 7 level: 8
keep_pos.size == 6986
epoch  120 gap_loss: 0.02096562
tree_id: 7 level: 8
keep_pos.size == 6986
epoch  144 gap_loss: 0.011000899
tree_id: 7 level: 8
keep_pos.size == 6986
epoch  168 gap_loss: 0.011086235
tree_id: 7 level: 8
keep_pos.size == 6986
epoch  192 gap_loss: 0.016682632
train tree id: 6 tic time end.
=====================================================
tic_datetime: 2020-12-06 02:14:11.406319
tic_datetime.strftime: 2020-12-06 02:14:11.406319
tic_walltime: 1607238851.4063964
tic_cpu: 2438.089383
=====================================================

test tree id: 6 tic time.
=====================================================
tic_datetime: 2020-12-06 02:14:11.406510
tic_datetime.strftime: 2020-12-06 02:14:11.406510
tic_walltime: 1607238851.4065309
tic_cpu: 2438.089446
=====================================================

RTargetNet(
  (layers): Sequential(
    (0): Linear(in_features=19, out_features=8, bias=True)
    (1): LeakyReLU(negative_slope=0.25, inplace=True)
  )
)
RNet(
  (layers): Sequential(
    (0): Linear(in_features=19, out_features=8, bias=True)
    (1): LeakyReLU(negative_slope=0.2, inplace=True)
    (2): Dropout(p=0.1, inplace=False)
  )
)
************Current Result**************
AUC-ROC: 0.8413, AUC-PR: 0.1083
test tree id: 6 tic time.
=====================================================
tic_datetime: 2020-12-06 02:14:11.474224
tic_datetime.strftime: 2020-12-06 02:14:11.474224
tic_walltime: 1607238851.4742787
tic_cpu: 2438.101125
=====================================================

train tree id: 7 tic time.
=====================================================
tic_datetime: 2020-12-06 02:14:11.617313
tic_datetime.strftime: 2020-12-06 02:14:11.617313
tic_walltime: 1607238851.6173737
tic_cpu: 2438.128146
=====================================================

RTargetNet(
  (layers): Sequential(
    (0): Linear(in_features=19, out_features=8, bias=True)
    (1): LeakyReLU(negative_slope=0.25, inplace=True)
  )
)
RNet(
  (layers): Sequential(
    (0): Linear(in_features=19, out_features=8, bias=True)
    (1): LeakyReLU(negative_slope=0.2, inplace=True)
    (2): Dropout(p=0.1, inplace=False)
  )
)
tree_id: 8 level: 1
keep_pos.size == 10000
epoch  0 gap_loss: 0.11108186
tree_id: 8 level: 1
keep_pos.size == 10000
epoch  24 gap_loss: 0.03507823
tree_id: 8 level: 1
keep_pos.size == 10000
epoch  48 gap_loss: 0.033302672
tree_id: 8 level: 1
keep_pos.size == 10000
epoch  72 gap_loss: 0.03119578
tree_id: 8 level: 1
keep_pos.size == 10000
epoch  96 gap_loss: 0.029338565
tree_id: 8 level: 1
keep_pos.size == 10000
epoch  120 gap_loss: 0.022243999
tree_id: 8 level: 1
keep_pos.size == 10000
epoch  144 gap_loss: 0.02145011
tree_id: 8 level: 1
keep_pos.size == 10000
epoch  168 gap_loss: 0.029281478
tree_id: 8 level: 1
keep_pos.size == 10000
epoch  192 gap_loss: 0.021843549
RTargetNet(
  (layers): Sequential(
    (0): Linear(in_features=19, out_features=8, bias=True)
    (1): LeakyReLU(negative_slope=0.25, inplace=True)
  )
)
RNet(
  (layers): Sequential(
    (0): Linear(in_features=19, out_features=8, bias=True)
    (1): LeakyReLU(negative_slope=0.2, inplace=True)
    (2): Dropout(p=0.1, inplace=False)
  )
)
tree_id: 8 level: 2
keep_pos.size == 9500
epoch  0 gap_loss: 0.15859854
tree_id: 8 level: 2
keep_pos.size == 9500
epoch  24 gap_loss: 0.026406761
tree_id: 8 level: 2
keep_pos.size == 9500
epoch  48 gap_loss: 0.03417977
tree_id: 8 level: 2
keep_pos.size == 9500
epoch  72 gap_loss: 0.019665666
tree_id: 8 level: 2
keep_pos.size == 9500
epoch  96 gap_loss: 0.03780482
tree_id: 8 level: 2
keep_pos.size == 9500
epoch  120 gap_loss: 0.029855657
tree_id: 8 level: 2
keep_pos.size == 9500
epoch  144 gap_loss: 0.03681822
tree_id: 8 level: 2
keep_pos.size == 9500
epoch  168 gap_loss: 0.034916535
tree_id: 8 level: 2
keep_pos.size == 9500
epoch  192 gap_loss: 0.03959626
RTargetNet(
  (layers): Sequential(
    (0): Linear(in_features=19, out_features=8, bias=True)
    (1): LeakyReLU(negative_slope=0.25, inplace=True)
  )
)
RNet(
  (layers): Sequential(
    (0): Linear(in_features=19, out_features=8, bias=True)
    (1): LeakyReLU(negative_slope=0.2, inplace=True)
    (2): Dropout(p=0.1, inplace=False)
  )
)
tree_id: 8 level: 3
keep_pos.size == 9025
epoch  0 gap_loss: 0.12930575
tree_id: 8 level: 3
keep_pos.size == 9025
epoch  24 gap_loss: 0.014476759
tree_id: 8 level: 3
keep_pos.size == 9025
epoch  48 gap_loss: 0.016873186
tree_id: 8 level: 3
keep_pos.size == 9025
epoch  72 gap_loss: 0.0216898
tree_id: 8 level: 3
keep_pos.size == 9025
epoch  96 gap_loss: 0.013255073
tree_id: 8 level: 3
keep_pos.size == 9025
epoch  120 gap_loss: 0.019305294
tree_id: 8 level: 3
keep_pos.size == 9025
epoch  144 gap_loss: 0.01683723
tree_id: 8 level: 3
keep_pos.size == 9025
epoch  168 gap_loss: 0.034585014
tree_id: 8 level: 3
keep_pos.size == 9025
epoch  192 gap_loss: 0.018444799
RTargetNet(
  (layers): Sequential(
    (0): Linear(in_features=19, out_features=8, bias=True)
    (1): LeakyReLU(negative_slope=0.25, inplace=True)
  )
)
RNet(
  (layers): Sequential(
    (0): Linear(in_features=19, out_features=8, bias=True)
    (1): LeakyReLU(negative_slope=0.2, inplace=True)
    (2): Dropout(p=0.1, inplace=False)
  )
)
tree_id: 8 level: 4
keep_pos.size == 8574
epoch  0 gap_loss: 0.1559841
tree_id: 8 level: 4
keep_pos.size == 8574
epoch  24 gap_loss: 0.020096214
tree_id: 8 level: 4
keep_pos.size == 8574
epoch  48 gap_loss: 0.021502942
tree_id: 8 level: 4
keep_pos.size == 8574
epoch  72 gap_loss: 0.014279623
tree_id: 8 level: 4
keep_pos.size == 8574
epoch  96 gap_loss: 0.016403412
tree_id: 8 level: 4
keep_pos.size == 8574
epoch  120 gap_loss: 0.026024656
tree_id: 8 level: 4
keep_pos.size == 8574
epoch  144 gap_loss: 0.02429388
tree_id: 8 level: 4
keep_pos.size == 8574
epoch  168 gap_loss: 0.019036047
tree_id: 8 level: 4
keep_pos.size == 8574
epoch  192 gap_loss: 0.03227888
RTargetNet(
  (layers): Sequential(
    (0): Linear(in_features=19, out_features=8, bias=True)
    (1): LeakyReLU(negative_slope=0.25, inplace=True)
  )
)
RNet(
  (layers): Sequential(
    (0): Linear(in_features=19, out_features=8, bias=True)
    (1): LeakyReLU(negative_slope=0.2, inplace=True)
    (2): Dropout(p=0.1, inplace=False)
  )
)
tree_id: 8 level: 5
keep_pos.size == 8146
epoch  0 gap_loss: 0.10000114
tree_id: 8 level: 5
keep_pos.size == 8146
epoch  24 gap_loss: 0.020165518
tree_id: 8 level: 5
keep_pos.size == 8146
epoch  48 gap_loss: 0.020236325
tree_id: 8 level: 5
keep_pos.size == 8146
epoch  72 gap_loss: 0.019849267
tree_id: 8 level: 5
keep_pos.size == 8146
epoch  96 gap_loss: 0.024163347
tree_id: 8 level: 5
keep_pos.size == 8146
epoch  120 gap_loss: 0.0164279
tree_id: 8 level: 5
keep_pos.size == 8146
epoch  144 gap_loss: 0.022419853
tree_id: 8 level: 5
keep_pos.size == 8146
epoch  168 gap_loss: 0.014769662
tree_id: 8 level: 5
keep_pos.size == 8146
epoch  192 gap_loss: 0.026998688
RTargetNet(
  (layers): Sequential(
    (0): Linear(in_features=19, out_features=8, bias=True)
    (1): LeakyReLU(negative_slope=0.25, inplace=True)
  )
)
RNet(
  (layers): Sequential(
    (0): Linear(in_features=19, out_features=8, bias=True)
    (1): LeakyReLU(negative_slope=0.2, inplace=True)
    (2): Dropout(p=0.1, inplace=False)
  )
)
tree_id: 8 level: 6
keep_pos.size == 7739
epoch  0 gap_loss: 0.08992806
tree_id: 8 level: 6
keep_pos.size == 7739
epoch  24 gap_loss: 0.005146808
tree_id: 8 level: 6
keep_pos.size == 7739
epoch  48 gap_loss: 0.020102322
tree_id: 8 level: 6
keep_pos.size == 7739
epoch  72 gap_loss: 0.008420336
tree_id: 8 level: 6
keep_pos.size == 7739
epoch  96 gap_loss: 0.003414283
tree_id: 8 level: 6
keep_pos.size == 7739
epoch  120 gap_loss: 0.015941303
tree_id: 8 level: 6
keep_pos.size == 7739
epoch  144 gap_loss: 0.0065965415
tree_id: 8 level: 6
keep_pos.size == 7739
epoch  168 gap_loss: 0.012262239
tree_id: 8 level: 6
keep_pos.size == 7739
epoch  192 gap_loss: 0.006315035
RTargetNet(
  (layers): Sequential(
    (0): Linear(in_features=19, out_features=8, bias=True)
    (1): LeakyReLU(negative_slope=0.25, inplace=True)
  )
)
RNet(
  (layers): Sequential(
    (0): Linear(in_features=19, out_features=8, bias=True)
    (1): LeakyReLU(negative_slope=0.2, inplace=True)
    (2): Dropout(p=0.1, inplace=False)
  )
)
tree_id: 8 level: 7
keep_pos.size == 7353
epoch  0 gap_loss: 0.10090982
tree_id: 8 level: 7
keep_pos.size == 7353
epoch  24 gap_loss: 0.01507057
tree_id: 8 level: 7
keep_pos.size == 7353
epoch  48 gap_loss: 0.010780941
tree_id: 8 level: 7
keep_pos.size == 7353
epoch  72 gap_loss: 0.018673964
tree_id: 8 level: 7
keep_pos.size == 7353
epoch  96 gap_loss: 0.013096716
tree_id: 8 level: 7
keep_pos.size == 7353
epoch  120 gap_loss: 0.020139564
tree_id: 8 level: 7
keep_pos.size == 7353
epoch  144 gap_loss: 0.02287557
tree_id: 8 level: 7
keep_pos.size == 7353
epoch  168 gap_loss: 0.008927494
tree_id: 8 level: 7
keep_pos.size == 7353
epoch  192 gap_loss: 0.014821153
RTargetNet(
  (layers): Sequential(
    (0): Linear(in_features=19, out_features=8, bias=True)
    (1): LeakyReLU(negative_slope=0.25, inplace=True)
  )
)
RNet(
  (layers): Sequential(
    (0): Linear(in_features=19, out_features=8, bias=True)
    (1): LeakyReLU(negative_slope=0.2, inplace=True)
    (2): Dropout(p=0.1, inplace=False)
  )
)
tree_id: 8 level: 8
keep_pos.size == 6986
epoch  0 gap_loss: 0.19563821
tree_id: 8 level: 8
keep_pos.size == 6986
epoch  24 gap_loss: 0.06552918
tree_id: 8 level: 8
keep_pos.size == 6986
epoch  48 gap_loss: 0.062170297
tree_id: 8 level: 8
keep_pos.size == 6986
epoch  72 gap_loss: 0.056789346
tree_id: 8 level: 8
keep_pos.size == 6986
epoch  96 gap_loss: 0.065078154
tree_id: 8 level: 8
keep_pos.size == 6986
epoch  120 gap_loss: 0.061215464
tree_id: 8 level: 8
keep_pos.size == 6986
epoch  144 gap_loss: 0.047849774
tree_id: 8 level: 8
keep_pos.size == 6986
epoch  168 gap_loss: 0.054728627
tree_id: 8 level: 8
keep_pos.size == 6986
epoch  192 gap_loss: 0.055209927
train tree id: 7 tic time end.
=====================================================
tic_datetime: 2020-12-06 02:25:06.139002
tic_datetime.strftime: 2020-12-06 02:25:06.139002
tic_walltime: 1607239506.1390781
tic_cpu: 2791.195126
=====================================================

test tree id: 7 tic time.
=====================================================
tic_datetime: 2020-12-06 02:25:06.139192
tic_datetime.strftime: 2020-12-06 02:25:06.139192
tic_walltime: 1607239506.1392136
tic_cpu: 2791.195199
=====================================================

RTargetNet(
  (layers): Sequential(
    (0): Linear(in_features=19, out_features=8, bias=True)
    (1): LeakyReLU(negative_slope=0.25, inplace=True)
  )
)
RNet(
  (layers): Sequential(
    (0): Linear(in_features=19, out_features=8, bias=True)
    (1): LeakyReLU(negative_slope=0.2, inplace=True)
    (2): Dropout(p=0.1, inplace=False)
  )
)
************Current Result**************
AUC-ROC: 0.6753, AUC-PR: 0.1297
test tree id: 7 tic time.
=====================================================
tic_datetime: 2020-12-06 02:25:06.149304
tic_datetime.strftime: 2020-12-06 02:25:06.149304
tic_walltime: 1607239506.149354
tic_cpu: 2791.205321
=====================================================

train tree id: 8 tic time.
=====================================================
tic_datetime: 2020-12-06 02:25:06.174995
tic_datetime.strftime: 2020-12-06 02:25:06.174995
tic_walltime: 1607239506.1750538
tic_cpu: 2791.231027
=====================================================

RTargetNet(
  (layers): Sequential(
    (0): Linear(in_features=19, out_features=8, bias=True)
    (1): LeakyReLU(negative_slope=0.25, inplace=True)
  )
)
RNet(
  (layers): Sequential(
    (0): Linear(in_features=19, out_features=8, bias=True)
    (1): LeakyReLU(negative_slope=0.2, inplace=True)
    (2): Dropout(p=0.1, inplace=False)
  )
)
tree_id: 9 level: 1
keep_pos.size == 10000
epoch  0 gap_loss: 0.07742849
tree_id: 9 level: 1
keep_pos.size == 10000
epoch  24 gap_loss: 0.013186634
tree_id: 9 level: 1
keep_pos.size == 10000
epoch  48 gap_loss: 0.013706364
tree_id: 9 level: 1
keep_pos.size == 10000
epoch  72 gap_loss: 0.0063527417
tree_id: 9 level: 1
keep_pos.size == 10000
epoch  96 gap_loss: 0.012432886
tree_id: 9 level: 1
keep_pos.size == 10000
epoch  120 gap_loss: 0.01224931
tree_id: 9 level: 1
keep_pos.size == 10000
epoch  144 gap_loss: 0.012923652
tree_id: 9 level: 1
keep_pos.size == 10000
epoch  168 gap_loss: 0.012963552
tree_id: 9 level: 1
keep_pos.size == 10000
epoch  192 gap_loss: 0.01107373
RTargetNet(
  (layers): Sequential(
    (0): Linear(in_features=19, out_features=8, bias=True)
    (1): LeakyReLU(negative_slope=0.25, inplace=True)
  )
)
RNet(
  (layers): Sequential(
    (0): Linear(in_features=19, out_features=8, bias=True)
    (1): LeakyReLU(negative_slope=0.2, inplace=True)
    (2): Dropout(p=0.1, inplace=False)
  )
)
tree_id: 9 level: 2
keep_pos.size == 9500
epoch  0 gap_loss: 0.14029485
tree_id: 9 level: 2
keep_pos.size == 9500
epoch  24 gap_loss: 0.027793415
tree_id: 9 level: 2
keep_pos.size == 9500
epoch  48 gap_loss: 0.033315547
tree_id: 9 level: 2
keep_pos.size == 9500
epoch  72 gap_loss: 0.028984532
tree_id: 9 level: 2
keep_pos.size == 9500
epoch  96 gap_loss: 0.028795293
tree_id: 9 level: 2
keep_pos.size == 9500
epoch  120 gap_loss: 0.040539917
tree_id: 9 level: 2
keep_pos.size == 9500
epoch  144 gap_loss: 0.038218744
tree_id: 9 level: 2
keep_pos.size == 9500
epoch  168 gap_loss: 0.042885482
tree_id: 9 level: 2
keep_pos.size == 9500
epoch  192 gap_loss: 0.019808974
RTargetNet(
  (layers): Sequential(
    (0): Linear(in_features=19, out_features=8, bias=True)
    (1): LeakyReLU(negative_slope=0.25, inplace=True)
  )
)
RNet(
  (layers): Sequential(
    (0): Linear(in_features=19, out_features=8, bias=True)
    (1): LeakyReLU(negative_slope=0.2, inplace=True)
    (2): Dropout(p=0.1, inplace=False)
  )
)
tree_id: 9 level: 3
keep_pos.size == 9025
epoch  0 gap_loss: 0.051296696
tree_id: 9 level: 3
keep_pos.size == 9025
epoch  24 gap_loss: 0.012732729
tree_id: 9 level: 3
keep_pos.size == 9025
epoch  48 gap_loss: 0.0106959585
tree_id: 9 level: 3
keep_pos.size == 9025
epoch  72 gap_loss: 0.012119982
tree_id: 9 level: 3
keep_pos.size == 9025
epoch  96 gap_loss: 0.01375491
tree_id: 9 level: 3
keep_pos.size == 9025
epoch  120 gap_loss: 0.016146682
tree_id: 9 level: 3
keep_pos.size == 9025
epoch  144 gap_loss: 0.016626168
tree_id: 9 level: 3
keep_pos.size == 9025
epoch  168 gap_loss: 0.012696791
tree_id: 9 level: 3
keep_pos.size == 9025
epoch  192 gap_loss: 0.010905537
RTargetNet(
  (layers): Sequential(
    (0): Linear(in_features=19, out_features=8, bias=True)
    (1): LeakyReLU(negative_slope=0.25, inplace=True)
  )
)
RNet(
  (layers): Sequential(
    (0): Linear(in_features=19, out_features=8, bias=True)
    (1): LeakyReLU(negative_slope=0.2, inplace=True)
    (2): Dropout(p=0.1, inplace=False)
  )
)
tree_id: 9 level: 4
keep_pos.size == 8574
epoch  0 gap_loss: 0.15674168
tree_id: 9 level: 4
keep_pos.size == 8574
epoch  24 gap_loss: 0.027295783
tree_id: 9 level: 4
keep_pos.size == 8574
epoch  48 gap_loss: 0.04200191
tree_id: 9 level: 4
keep_pos.size == 8574
epoch  72 gap_loss: 0.044833444
tree_id: 9 level: 4
keep_pos.size == 8574
epoch  96 gap_loss: 0.033870846
tree_id: 9 level: 4
keep_pos.size == 8574
epoch  120 gap_loss: 0.024454877
tree_id: 9 level: 4
keep_pos.size == 8574
epoch  144 gap_loss: 0.02708938
tree_id: 9 level: 4
keep_pos.size == 8574
epoch  168 gap_loss: 0.029214133
tree_id: 9 level: 4
keep_pos.size == 8574
epoch  192 gap_loss: 0.042382773
RTargetNet(
  (layers): Sequential(
    (0): Linear(in_features=19, out_features=8, bias=True)
    (1): LeakyReLU(negative_slope=0.25, inplace=True)
  )
)
RNet(
  (layers): Sequential(
    (0): Linear(in_features=19, out_features=8, bias=True)
    (1): LeakyReLU(negative_slope=0.2, inplace=True)
    (2): Dropout(p=0.1, inplace=False)
  )
)
tree_id: 9 level: 5
keep_pos.size == 8146
epoch  0 gap_loss: 0.13838838
tree_id: 9 level: 5
keep_pos.size == 8146
epoch  24 gap_loss: 0.03304525
tree_id: 9 level: 5
keep_pos.size == 8146
epoch  48 gap_loss: 0.017732352
tree_id: 9 level: 5
keep_pos.size == 8146
epoch  72 gap_loss: 0.030674163
tree_id: 9 level: 5
keep_pos.size == 8146
epoch  96 gap_loss: 0.034778703
tree_id: 9 level: 5
keep_pos.size == 8146
epoch  120 gap_loss: 0.026546482
tree_id: 9 level: 5
keep_pos.size == 8146
epoch  144 gap_loss: 0.021492222
tree_id: 9 level: 5
keep_pos.size == 8146
epoch  168 gap_loss: 0.05394866
tree_id: 9 level: 5
keep_pos.size == 8146
epoch  192 gap_loss: 0.044584937
RTargetNet(
  (layers): Sequential(
    (0): Linear(in_features=19, out_features=8, bias=True)
    (1): LeakyReLU(negative_slope=0.25, inplace=True)
  )
)
RNet(
  (layers): Sequential(
    (0): Linear(in_features=19, out_features=8, bias=True)
    (1): LeakyReLU(negative_slope=0.2, inplace=True)
    (2): Dropout(p=0.1, inplace=False)
  )
)
tree_id: 9 level: 6
keep_pos.size == 7739
epoch  0 gap_loss: 0.11334642
tree_id: 9 level: 6
keep_pos.size == 7739
epoch  24 gap_loss: 0.018249426
tree_id: 9 level: 6
keep_pos.size == 7739
epoch  48 gap_loss: 0.019267876
tree_id: 9 level: 6
keep_pos.size == 7739
epoch  72 gap_loss: 0.026317805
tree_id: 9 level: 6
keep_pos.size == 7739
epoch  96 gap_loss: 0.027336616
tree_id: 9 level: 6
keep_pos.size == 7739
epoch  120 gap_loss: 0.032009132
tree_id: 9 level: 6
keep_pos.size == 7739
epoch  144 gap_loss: 0.023706753
tree_id: 9 level: 6
keep_pos.size == 7739
epoch  168 gap_loss: 0.02636844
tree_id: 9 level: 6
keep_pos.size == 7739
epoch  192 gap_loss: 0.039293017
RTargetNet(
  (layers): Sequential(
    (0): Linear(in_features=19, out_features=8, bias=True)
    (1): LeakyReLU(negative_slope=0.25, inplace=True)
  )
)
RNet(
  (layers): Sequential(
    (0): Linear(in_features=19, out_features=8, bias=True)
    (1): LeakyReLU(negative_slope=0.2, inplace=True)
    (2): Dropout(p=0.1, inplace=False)
  )
)
tree_id: 9 level: 7
keep_pos.size == 7353
epoch  0 gap_loss: 0.08657265
tree_id: 9 level: 7
keep_pos.size == 7353
epoch  24 gap_loss: 0.042295236
tree_id: 9 level: 7
keep_pos.size == 7353
epoch  48 gap_loss: 0.014064544
tree_id: 9 level: 7
keep_pos.size == 7353
epoch  72 gap_loss: 0.021395022
tree_id: 9 level: 7
keep_pos.size == 7353
epoch  96 gap_loss: 0.022136383
tree_id: 9 level: 7
keep_pos.size == 7353
epoch  120 gap_loss: 0.03186351
tree_id: 9 level: 7
keep_pos.size == 7353
epoch  144 gap_loss: 0.015066108
tree_id: 9 level: 7
keep_pos.size == 7353
epoch  168 gap_loss: 0.014859996
tree_id: 9 level: 7
keep_pos.size == 7353
epoch  192 gap_loss: 0.035923127
RTargetNet(
  (layers): Sequential(
    (0): Linear(in_features=19, out_features=8, bias=True)
    (1): LeakyReLU(negative_slope=0.25, inplace=True)
  )
)
RNet(
  (layers): Sequential(
    (0): Linear(in_features=19, out_features=8, bias=True)
    (1): LeakyReLU(negative_slope=0.2, inplace=True)
    (2): Dropout(p=0.1, inplace=False)
  )
)
tree_id: 9 level: 8
keep_pos.size == 6986
epoch  0 gap_loss: 0.07144204
tree_id: 9 level: 8
keep_pos.size == 6986
epoch  24 gap_loss: 0.0072338767
tree_id: 9 level: 8
keep_pos.size == 6986
epoch  48 gap_loss: 0.0031824983
tree_id: 9 level: 8
keep_pos.size == 6986
epoch  72 gap_loss: 0.003801623
tree_id: 9 level: 8
keep_pos.size == 6986
epoch  96 gap_loss: 0.0034565015
tree_id: 9 level: 8
keep_pos.size == 6986
epoch  120 gap_loss: 0.006987962
tree_id: 9 level: 8
keep_pos.size == 6986
epoch  144 gap_loss: 0.004805062
tree_id: 9 level: 8
keep_pos.size == 6986
epoch  168 gap_loss: 0.005166722
tree_id: 9 level: 8
keep_pos.size == 6986
epoch  192 gap_loss: 0.009711907
train tree id: 8 tic time end.
=====================================================
tic_datetime: 2020-12-06 02:34:33.385403
tic_datetime.strftime: 2020-12-06 02:34:33.385403
tic_walltime: 1607240073.3854842
tic_cpu: 3142.841278
=====================================================

test tree id: 8 tic time.
=====================================================
tic_datetime: 2020-12-06 02:34:33.385597
tic_datetime.strftime: 2020-12-06 02:34:33.385597
tic_walltime: 1607240073.3856168
tic_cpu: 3142.841338
=====================================================

RTargetNet(
  (layers): Sequential(
    (0): Linear(in_features=19, out_features=8, bias=True)
    (1): LeakyReLU(negative_slope=0.25, inplace=True)
  )
)
RNet(
  (layers): Sequential(
    (0): Linear(in_features=19, out_features=8, bias=True)
    (1): LeakyReLU(negative_slope=0.2, inplace=True)
    (2): Dropout(p=0.1, inplace=False)
  )
)
************Current Result**************
AUC-ROC: 0.6313, AUC-PR: 0.0911
test tree id: 8 tic time.
=====================================================
tic_datetime: 2020-12-06 02:34:33.396306
tic_datetime.strftime: 2020-12-06 02:34:33.396306
tic_walltime: 1607240073.3963547
tic_cpu: 3142.852097
=====================================================

train tree id: 9 tic time.
=====================================================
tic_datetime: 2020-12-06 02:34:33.420711
tic_datetime.strftime: 2020-12-06 02:34:33.420711
tic_walltime: 1607240073.4207664
tic_cpu: 3142.876536
=====================================================

RTargetNet(
  (layers): Sequential(
    (0): Linear(in_features=19, out_features=8, bias=True)
    (1): LeakyReLU(negative_slope=0.25, inplace=True)
  )
)
RNet(
  (layers): Sequential(
    (0): Linear(in_features=19, out_features=8, bias=True)
    (1): LeakyReLU(negative_slope=0.2, inplace=True)
    (2): Dropout(p=0.1, inplace=False)
  )
)
tree_id: 10 level: 1
keep_pos.size == 10000
epoch  0 gap_loss: 0.16335092
tree_id: 10 level: 1
keep_pos.size == 10000
epoch  24 gap_loss: 0.018742241
tree_id: 10 level: 1
keep_pos.size == 10000
epoch  48 gap_loss: 0.022519164
tree_id: 10 level: 1
keep_pos.size == 10000
epoch  72 gap_loss: 0.021123953
tree_id: 10 level: 1
keep_pos.size == 10000
epoch  96 gap_loss: 0.0301047
tree_id: 10 level: 1
keep_pos.size == 10000
epoch  120 gap_loss: 0.027527645
tree_id: 10 level: 1
keep_pos.size == 10000
epoch  144 gap_loss: 0.022180282
tree_id: 10 level: 1
keep_pos.size == 10000
epoch  168 gap_loss: 0.022923801
tree_id: 10 level: 1
keep_pos.size == 10000
epoch  192 gap_loss: 0.019444518
RTargetNet(
  (layers): Sequential(
    (0): Linear(in_features=19, out_features=8, bias=True)
    (1): LeakyReLU(negative_slope=0.25, inplace=True)
  )
)
RNet(
  (layers): Sequential(
    (0): Linear(in_features=19, out_features=8, bias=True)
    (1): LeakyReLU(negative_slope=0.2, inplace=True)
    (2): Dropout(p=0.1, inplace=False)
  )
)
tree_id: 10 level: 2
keep_pos.size == 9500
epoch  0 gap_loss: 0.13511288
tree_id: 10 level: 2
keep_pos.size == 9500
epoch  24 gap_loss: 0.028311998
tree_id: 10 level: 2
keep_pos.size == 9500
epoch  48 gap_loss: 0.023901079
tree_id: 10 level: 2
keep_pos.size == 9500
epoch  72 gap_loss: 0.030513251
tree_id: 10 level: 2
keep_pos.size == 9500
epoch  96 gap_loss: 0.03162078
tree_id: 10 level: 2
keep_pos.size == 9500
epoch  120 gap_loss: 0.021283833
tree_id: 10 level: 2
keep_pos.size == 9500
epoch  144 gap_loss: 0.018043622
tree_id: 10 level: 2
keep_pos.size == 9500
epoch  168 gap_loss: 0.017181452
tree_id: 10 level: 2
keep_pos.size == 9500
epoch  192 gap_loss: 0.016779793
RTargetNet(
  (layers): Sequential(
    (0): Linear(in_features=19, out_features=8, bias=True)
    (1): LeakyReLU(negative_slope=0.25, inplace=True)
  )
)
RNet(
  (layers): Sequential(
    (0): Linear(in_features=19, out_features=8, bias=True)
    (1): LeakyReLU(negative_slope=0.2, inplace=True)
    (2): Dropout(p=0.1, inplace=False)
  )
)
tree_id: 10 level: 3
keep_pos.size == 9025
epoch  0 gap_loss: 0.16586861
tree_id: 10 level: 3
keep_pos.size == 9025
epoch  24 gap_loss: 0.018119404
tree_id: 10 level: 3
keep_pos.size == 9025
epoch  48 gap_loss: 0.02644753
tree_id: 10 level: 3
keep_pos.size == 9025
epoch  72 gap_loss: 0.035289105
tree_id: 10 level: 3
keep_pos.size == 9025
epoch  96 gap_loss: 0.0085033495
tree_id: 10 level: 3
keep_pos.size == 9025
epoch  120 gap_loss: 0.017958656
tree_id: 10 level: 3
keep_pos.size == 9025
epoch  144 gap_loss: 0.022461493
tree_id: 10 level: 3
keep_pos.size == 9025
epoch  168 gap_loss: 0.0232116
tree_id: 10 level: 3
keep_pos.size == 9025
epoch  192 gap_loss: 0.028532222
RTargetNet(
  (layers): Sequential(
    (0): Linear(in_features=19, out_features=8, bias=True)
    (1): LeakyReLU(negative_slope=0.25, inplace=True)
  )
)
RNet(
  (layers): Sequential(
    (0): Linear(in_features=19, out_features=8, bias=True)
    (1): LeakyReLU(negative_slope=0.2, inplace=True)
    (2): Dropout(p=0.1, inplace=False)
  )
)
tree_id: 10 level: 4
keep_pos.size == 8574
epoch  0 gap_loss: 0.118071824
tree_id: 10 level: 4
keep_pos.size == 8574
epoch  24 gap_loss: 0.0069804527
tree_id: 10 level: 4
keep_pos.size == 8574
epoch  48 gap_loss: 0.026751254
tree_id: 10 level: 4
keep_pos.size == 8574
epoch  72 gap_loss: 0.020611018
tree_id: 10 level: 4
keep_pos.size == 8574
epoch  96 gap_loss: 0.011043928
tree_id: 10 level: 4
keep_pos.size == 8574
epoch  120 gap_loss: 0.019194636
tree_id: 10 level: 4
keep_pos.size == 8574
epoch  144 gap_loss: 0.013349611
tree_id: 10 level: 4
keep_pos.size == 8574
epoch  168 gap_loss: 0.019513546
tree_id: 10 level: 4
keep_pos.size == 8574
epoch  192 gap_loss: 0.016467478
RTargetNet(
  (layers): Sequential(
    (0): Linear(in_features=19, out_features=8, bias=True)
    (1): LeakyReLU(negative_slope=0.25, inplace=True)
  )
)
RNet(
  (layers): Sequential(
    (0): Linear(in_features=19, out_features=8, bias=True)
    (1): LeakyReLU(negative_slope=0.2, inplace=True)
    (2): Dropout(p=0.1, inplace=False)
  )
)
tree_id: 10 level: 5
keep_pos.size == 8146
epoch  0 gap_loss: 0.095660135
tree_id: 10 level: 5
keep_pos.size == 8146
epoch  24 gap_loss: 0.026181215
tree_id: 10 level: 5
keep_pos.size == 8146
epoch  48 gap_loss: 0.015620499
tree_id: 10 level: 5
keep_pos.size == 8146
epoch  72 gap_loss: 0.016539335
tree_id: 10 level: 5
keep_pos.size == 8146
epoch  96 gap_loss: 0.016995115
tree_id: 10 level: 5
keep_pos.size == 8146
epoch  120 gap_loss: 0.012799669
tree_id: 10 level: 5
keep_pos.size == 8146
epoch  144 gap_loss: 0.034824748
tree_id: 10 level: 5
keep_pos.size == 8146
epoch  168 gap_loss: 0.030778626
tree_id: 10 level: 5
keep_pos.size == 8146
epoch  192 gap_loss: 0.022611246
RTargetNet(
  (layers): Sequential(
    (0): Linear(in_features=19, out_features=8, bias=True)
    (1): LeakyReLU(negative_slope=0.25, inplace=True)
  )
)
RNet(
  (layers): Sequential(
    (0): Linear(in_features=19, out_features=8, bias=True)
    (1): LeakyReLU(negative_slope=0.2, inplace=True)
    (2): Dropout(p=0.1, inplace=False)
  )
)
tree_id: 10 level: 6
keep_pos.size == 7739
epoch  0 gap_loss: 0.13032931
tree_id: 10 level: 6
keep_pos.size == 7739
epoch  24 gap_loss: 0.026602346
tree_id: 10 level: 6
keep_pos.size == 7739
epoch  48 gap_loss: 0.036650535
tree_id: 10 level: 6
keep_pos.size == 7739
epoch  72 gap_loss: 0.021693176
tree_id: 10 level: 6
keep_pos.size == 7739
epoch  96 gap_loss: 0.019926246
tree_id: 10 level: 6
keep_pos.size == 7739
epoch  120 gap_loss: 0.034181602
tree_id: 10 level: 6
keep_pos.size == 7739
epoch  144 gap_loss: 0.021890942
tree_id: 10 level: 6
keep_pos.size == 7739
epoch  168 gap_loss: 0.025693936
tree_id: 10 level: 6
keep_pos.size == 7739
epoch  192 gap_loss: 0.015481178
RTargetNet(
  (layers): Sequential(
    (0): Linear(in_features=19, out_features=8, bias=True)
    (1): LeakyReLU(negative_slope=0.25, inplace=True)
  )
)
RNet(
  (layers): Sequential(
    (0): Linear(in_features=19, out_features=8, bias=True)
    (1): LeakyReLU(negative_slope=0.2, inplace=True)
    (2): Dropout(p=0.1, inplace=False)
  )
)
tree_id: 10 level: 7
keep_pos.size == 7353
epoch  0 gap_loss: 0.07600901
tree_id: 10 level: 7
keep_pos.size == 7353
epoch  24 gap_loss: 0.02559171
tree_id: 10 level: 7
keep_pos.size == 7353
epoch  48 gap_loss: 0.047337607
tree_id: 10 level: 7
keep_pos.size == 7353
epoch  72 gap_loss: 0.02496728
tree_id: 10 level: 7
keep_pos.size == 7353
epoch  96 gap_loss: 0.035253532
tree_id: 10 level: 7
keep_pos.size == 7353
epoch  120 gap_loss: 0.027517617
tree_id: 10 level: 7
keep_pos.size == 7353
epoch  144 gap_loss: 0.060167335
tree_id: 10 level: 7
keep_pos.size == 7353
epoch  168 gap_loss: 0.028893696
tree_id: 10 level: 7
keep_pos.size == 7353
epoch  192 gap_loss: 0.029937437
RTargetNet(
  (layers): Sequential(
    (0): Linear(in_features=19, out_features=8, bias=True)
    (1): LeakyReLU(negative_slope=0.25, inplace=True)
  )
)
RNet(
  (layers): Sequential(
    (0): Linear(in_features=19, out_features=8, bias=True)
    (1): LeakyReLU(negative_slope=0.2, inplace=True)
    (2): Dropout(p=0.1, inplace=False)
  )
)
tree_id: 10 level: 8
keep_pos.size == 6986
epoch  0 gap_loss: 0.112935185
tree_id: 10 level: 8
keep_pos.size == 6986
epoch  24 gap_loss: 0.043590114
tree_id: 10 level: 8
keep_pos.size == 6986
epoch  48 gap_loss: 0.04452371
tree_id: 10 level: 8
keep_pos.size == 6986
epoch  72 gap_loss: 0.031424798
tree_id: 10 level: 8
keep_pos.size == 6986
epoch  96 gap_loss: 0.01848767
tree_id: 10 level: 8
keep_pos.size == 6986
epoch  120 gap_loss: 0.02054222
tree_id: 10 level: 8
keep_pos.size == 6986
epoch  144 gap_loss: 0.029834887
tree_id: 10 level: 8
keep_pos.size == 6986
epoch  168 gap_loss: 0.024672521
tree_id: 10 level: 8
keep_pos.size == 6986
epoch  192 gap_loss: 0.032501582
train tree id: 9 tic time end.
=====================================================
tic_datetime: 2020-12-06 02:43:57.476592
tic_datetime.strftime: 2020-12-06 02:43:57.476592
tic_walltime: 1607240637.4766796
tic_cpu: 3489.163722
=====================================================

test tree id: 9 tic time.
=====================================================
tic_datetime: 2020-12-06 02:43:57.476798
tic_datetime.strftime: 2020-12-06 02:43:57.476798
tic_walltime: 1607240637.47682
tic_cpu: 3489.163786
=====================================================

RTargetNet(
  (layers): Sequential(
    (0): Linear(in_features=19, out_features=8, bias=True)
    (1): LeakyReLU(negative_slope=0.25, inplace=True)
  )
)
RNet(
  (layers): Sequential(
    (0): Linear(in_features=19, out_features=8, bias=True)
    (1): LeakyReLU(negative_slope=0.2, inplace=True)
    (2): Dropout(p=0.1, inplace=False)
  )
)
************Current Result**************
AUC-ROC: 0.7871, AUC-PR: 0.1157
test tree id: 9 tic time.
=====================================================
tic_datetime: 2020-12-06 02:43:57.520550
tic_datetime.strftime: 2020-12-06 02:43:57.520550
tic_walltime: 1607240637.5206013
tic_cpu: 3489.175532
=====================================================

***************** Anomaly *****************
[0.07561617 0.08598546 0.00257306 0.23077048 0.00308925 0.00469989
 0.0911193  0.00735833 0.00707878 0.00338885]
mean: 0.051167957048601234, std: 0.0697434157714087
***************** Normality *****************
[0.00206327 0.00276071 0.00288106 0.00272281 0.00285807 0.00307252
 0.00325897 0.00249599 0.00252938 0.07851272 0.00298086 0.00196577
 0.00187195 0.02330393 0.00244537 0.00228753 0.00280317 0.00297784
 0.00434903 0.07982404 0.0027747  0.00317621 0.00249819 0.00199773
 0.00258966 0.00244642 0.0013267  0.00137464 0.00220837 0.00226362]
mean: 0.012332391812078349, std: 0.035819905193161757
***************** Total roc_auc *****************
[0.8193548387096774, 0.8293548387096774, 0.7154838709677419, 0.8970967741935484, 0.5264516129032258, 0.6327419354838709, 0.8412903225806453, 0.6753225806451614, 0.6312903225806451, 0.7870967741935484]
***************** Total ap *****************
[0.17299189920915878, 0.17132964554806987, 0.09498281752642301, 0.20617262794339114, 0.09213752352547235, 0.10961040173470257, 0.10826016808124882, 0.12966574757038238, 0.09108419813487453, 0.11565826986468306]
AUC-ROC: 0.8452, AUC-PR: 0.1528
